<testsuites id="" name="" tests="264" failures="0" skipped="3" errors="0" time="1348.713814">
<testsuite name="00-smoke.spec.js" timestamp="2026-03-17T03:27:17.303Z" hostname="mobile-390x844" tests="3" failures="0" skipped="0" time="19.929" errors="0">
<testcase name="A2-冒烟测试 › SMOKE-001 应用启动并显示首页结构" classname="00-smoke.spec.js" time="3.866">
<system-out>
<![CDATA[
[[ATTACHMENT|../../test-results/e2e-compat/00-smoke-A2-冒烟测试-SMOKE-001-应用启动并显示首页结构-mobile-390x844/attachments/smoke-home-d1a5f8d463bdd6fc16c82233477d69345766427b.png]]

[[ATTACHMENT|../../test-results/e2e-compat/00-smoke-A2-冒烟测试-SMOKE-001-应用启动并显示首页结构-mobile-390x844/attachments/network-log-7c0030e49117e7a1904133350abbcb3e06733e79.json]]
]]>
</system-out>
</testcase>
<testcase name="A2-冒烟测试 › SMOKE-002 刷题页关键入口可见" classname="00-smoke.spec.js" time="12.91">
<system-out>
<![CDATA[
[[ATTACHMENT|../../test-results/e2e-compat/00-smoke-A2-冒烟测试-SMOKE-002-刷题页关键入口可见-mobile-390x844/attachments/smoke-practice-f6dec29524abfc3ab59ecb62b91d7bd9044b0987.png]]

[[ATTACHMENT|../../test-results/e2e-compat/00-smoke-A2-冒烟测试-SMOKE-002-刷题页关键入口可见-mobile-390x844/attachments/network-log-f9fe579c79bb63472ab8cd92048354e3c50c0978.json]]
]]>
</system-out>
</testcase>
<testcase name="A2-冒烟测试 › SMOKE-003 择校页表单可操作" classname="00-smoke.spec.js" time="3.153">
<system-out>
<![CDATA[
[[ATTACHMENT|../../test-results/e2e-compat/00-smoke-A2-冒烟测试-SMOKE-003-择校页表单可操作-mobile-390x844/attachments/smoke-school-0f3a89bd69a5acf6ce6e4cc85f21e9164b7c907c.png]]

[[ATTACHMENT|../../test-results/e2e-compat/00-smoke-A2-冒烟测试-SMOKE-003-择校页表单可操作-mobile-390x844/attachments/network-log-1d755329e27c1ac0a8ad6dfc568d6cce4ddb77cd.json]]
]]>
</system-out>
</testcase>
</testsuite>
<testsuite name="01-core-flow.spec.js" timestamp="2026-03-17T03:27:17.303Z" hostname="mobile-390x844" tests="3" failures="0" skipped="0" time="40.017" errors="0">
<testcase name="A2-核心流程 › CORE-001 登录页可输入并触发登录动作" classname="01-core-flow.spec.js" time="13.897">
<system-out>
<![CDATA[
[[ATTACHMENT|../../test-results/e2e-compat/01-core-flow-A2-核心流程-CORE-001-登录页可输入并触发登录动作-mobile-390x844/attachments/core-login-input-bf554e2f06dd2fa904b3111bd476befc96e0b78a.png]]

[[ATTACHMENT|../../test-results/e2e-compat/01-core-flow-A2-核心流程-CORE-001-登录页可输入并触发登录动作-mobile-390x844/attachments/network-log-d63ae934512bae4ea7a1bee16d6fa35d3393e565.json]]
]]>
</system-out>
</testcase>
<testcase name="A2-核心流程 › CORE-002 登录后进入刷题页并打开做题页" classname="01-core-flow.spec.js" time="23.493">
<system-out>
<![CDATA[
[[ATTACHMENT|../../test-results/e2e-compat/01-core-flow-A2-核心流程-CORE-002-登录后进入刷题页并打开做题页-mobile-390x844/attachments/core-practice-to-quiz-9c4c0d701938836ea41daa3e54789fe22e45a507.png]]

[[ATTACHMENT|../../test-results/e2e-compat/01-core-flow-A2-核心流程-CORE-002-登录后进入刷题页并打开做题页-mobile-390x844/attachments/network-log-bc44eb6fe5cc2eff184ecb93df261c7a2ddacae5.json]]
]]>
</system-out>
</testcase>
<testcase name="A2-核心流程 › CORE-003 学习计划结果页可达" classname="01-core-flow.spec.js" time="2.627">
<system-out>
<![CDATA[
[[ATTACHMENT|../../test-results/e2e-compat/01-core-flow-A2-核心流程-CORE-003-学习计划结果页可达-mobile-390x844/attachments/core-plan-result-page-7fd1c704748fc16e17fc8ea210e6289ee9bcb9ef.png]]

[[ATTACHMENT|../../test-results/e2e-compat/01-core-flow-A2-核心流程-CORE-003-学习计划结果页可达-mobile-390x844/attachments/network-log-b48374b78ab76bdbd809833f189df71d3ecb30a6.json]]
]]>
</system-out>
</testcase>
</testsuite>
<testsuite name="02-exception-flow.spec.js" timestamp="2026-03-17T03:27:17.303Z" hostname="mobile-390x844" tests="5" failures="0" skipped="0" time="37.43" errors="0">
<testcase name="A2-异常流程 › EXC-001 择校空输入触发前端校验" classname="02-exception-flow.spec.js" time="2.836">
<system-out>
<![CDATA[
[[ATTACHMENT|../../test-results/e2e-compat/02-exception-flow-A2-异常流程-EXC-001-择校空输入触发前端校验-mobile-390x844/attachments/exception-school-empty-input-784d3ebf843ed7a0a512359fa0c5871bf399d53a.png]]

[[ATTACHMENT|../../test-results/e2e-compat/02-exception-flow-A2-异常流程-EXC-001-择校空输入触发前端校验-mobile-390x844/attachments/network-log-3f30d489af5cb1ad0846fc8b9338360f2b5ab30a.json]]
]]>
</system-out>
</testcase>
<testcase name="A2-异常流程 › EXC-002 文档转换未选文件不能提交" classname="02-exception-flow.spec.js" time="12.529">
<system-out>
<![CDATA[
[[ATTACHMENT|../../test-results/e2e-compat/02-exception-flow-A2-异常流程-EXC-002-文档转换未选文件不能提交-mobile-390x844/attachments/exception-doc-convert-empty-file-9e118ac3972568afd13cdfb26e6e5343bfbe0b07.png]]

[[ATTACHMENT|../../test-results/e2e-compat/02-exception-flow-A2-异常流程-EXC-002-文档转换未选文件不能提交-mobile-390x844/attachments/network-log-f360bcd01e000eb2d8a5df77aa7bc10201cde4ec.json]]
]]>
</system-out>
</testcase>
<testcase name="A2-异常流程 › EXC-003 断网后恢复可继续交互" classname="02-exception-flow.spec.js" time="3.124">
<system-out>
<![CDATA[
[[ATTACHMENT|../../test-results/e2e-compat/02-exception-flow-A2-异常流程-EXC-003-断网后恢复可继续交互-mobile-390x844/attachments/exception-photo-offline-609024bd7ee66f6fb3f98eccf62f0f97708fc545.png]]

[[ATTACHMENT|../../test-results/e2e-compat/02-exception-flow-A2-异常流程-EXC-003-断网后恢复可继续交互-mobile-390x844/attachments/exception-photo-recovered-4d5aab3fcad269843d40512ce4f01d39bfec3cb5.png]]

[[ATTACHMENT|../../test-results/e2e-compat/02-exception-flow-A2-异常流程-EXC-003-断网后恢复可继续交互-mobile-390x844/attachments/network-log-cabe4dfa48a6554b181ee7638b7d7065435e1373.json]]
]]>
</system-out>
</testcase>
<testcase name="A2-异常流程 › EXC-004 弱网场景页面仍可响应" classname="02-exception-flow.spec.js" time="14.553">
<system-out>
<![CDATA[
[[ATTACHMENT|../../test-results/e2e-compat/02-exception-flow-A2-异常流程-EXC-004-弱网场景页面仍可响应-mobile-390x844/attachments/exception-weak-network-chat-a15c067922cc0d79625fe72a379004019d097928.png]]

[[ATTACHMENT|../../test-results/e2e-compat/02-exception-flow-A2-异常流程-EXC-004-弱网场景页面仍可响应-mobile-390x844/attachments/network-log-e44abc2bf8d75d62979be1158f7a50ef53feb043.json]]
]]>
</system-out>
</testcase>
<testcase name="A2-异常流程 › EXC-005 智能接口500时聊天页可降级并保持可交互" classname="02-exception-flow.spec.js" time="4.388">
<system-out>
<![CDATA[
[[ATTACHMENT|../../test-results/e2e-compat/02-exception-flow-A2-异常流程-EXC-005-智能接口500时聊天页可降级并保持可交互-mobile-390x844/attachments/exception-chat-api-500-fallback-9f14aa77856d7e28dfb542daed1988cedf1693fc.png]]

[[ATTACHMENT|../../test-results/e2e-compat/02-exception-flow-A2-异常流程-EXC-005-智能接口500时聊天页可降级并保持可交互-mobile-390x844/attachments/network-log-720a2b83137453308a7899303633afd49ae7540a.json]]
]]>
</system-out>
</testcase>
</testsuite>
<testsuite name="03-state-recovery.spec.js" timestamp="2026-03-17T03:27:17.303Z" hostname="mobile-390x844" tests="5" failures="0" skipped="0" time="13.99" errors="0">
<testcase name="A2-状态恢复与幂等 › STATE-001 返回键可回到上一页" classname="03-state-recovery.spec.js" time="3.32">
<system-out>
<![CDATA[
[[ATTACHMENT|../../test-results/e2e-compat/03-state-recovery-A2-状态恢复与幂等-STATE-001-返回键可回到上一页-mobile-390x844/attachments/state-back-navigation-4095ef5b697a9bc65fe0736fc4a4e2b52e21c272.png]]

[[ATTACHMENT|../../test-results/e2e-compat/03-state-recovery-A2-状态恢复与幂等-STATE-001-返回键可回到上一页-mobile-390x844/attachments/network-log-c11e78b439d403abf7cb141b2a0c4907bea87b0b.json]]
]]>
</system-out>
</testcase>
<testcase name="A2-状态恢复与幂等 › STATE-002 快速重复点击不会导致崩溃" classname="03-state-recovery.spec.js" time="1.593">
<system-out>
<![CDATA[
[[ATTACHMENT|../../test-results/e2e-compat/03-state-recovery-A2-状态恢复与幂等-STATE-002-快速重复点击不会导致崩溃-mobile-390x844/attachments/state-rapid-click-9a45f47b3b21318668c8104e92d152e1b6965a31.png]]

[[ATTACHMENT|../../test-results/e2e-compat/03-state-recovery-A2-状态恢复与幂等-STATE-002-快速重复点击不会导致崩溃-mobile-390x844/attachments/network-log-2bf13488702c88f1a64ef170fd37739286b98100.json]]
]]>
</system-out>
</testcase>
<testcase name="A2-状态恢复与幂等 › STATE-003 切后台再回来页面仍可继续操作" classname="03-state-recovery.spec.js" time="2.801">
<system-out>
<![CDATA[
[[ATTACHMENT|../../test-results/e2e-compat/03-state-recovery-A2-状态恢复与幂等-STATE-003-切后台再回来页面仍可继续操作-mobile-390x844/attachments/state-background-resume-a872dfb9cc26f0593d8b7648af2f5240557e0f7a.png]]

[[ATTACHMENT|../../test-results/e2e-compat/03-state-recovery-A2-状态恢复与幂等-STATE-003-切后台再回来页面仍可继续操作-mobile-390x844/attachments/network-log-160dcfae6ea899581e8347f9afb228bc008c1ce3.json]]
]]>
</system-out>
</testcase>
<testcase name="A2-状态恢复与幂等 › STATE-004 刷新后保留基础会话数据" classname="03-state-recovery.spec.js" time="2.606">
<system-out>
<![CDATA[
[[ATTACHMENT|../../test-results/e2e-compat/03-state-recovery-A2-状态恢复与幂等-STATE-004-刷新后保留基础会话数据-mobile-390x844/attachments/state-refresh-session-a29374ee21b1dc7b3ca3e2202bab596a1be03bd2.png]]

[[ATTACHMENT|../../test-results/e2e-compat/03-state-recovery-A2-状态恢复与幂等-STATE-004-刷新后保留基础会话数据-mobile-390x844/attachments/network-log-528949b86e791fe9e22dbbfe99a2ab7dbea19945.json]]
]]>
</system-out>
</testcase>
<testcase name="A2-状态恢复与幂等 › STATE-005 登录按钮快速多次点击仅触发一次请求" classname="03-state-recovery.spec.js" time="3.67">
<system-out>
<![CDATA[
[[ATTACHMENT|../../test-results/e2e-compat/03-state-recovery-A2-状态恢复与幂等-STATE-005-登录按钮快速多次点击仅触发一次请求-mobile-390x844/attachments/state-login-debounce-f0596e4fb361babda9f76bdbd3e37742cb500e54.png]]

[[ATTACHMENT|../../test-results/e2e-compat/03-state-recovery-A2-状态恢复与幂等-STATE-005-登录按钮快速多次点击仅触发一次请求-mobile-390x844/attachments/network-log-df1ac56f67baf3fffc35694fc792bb131ec21fd9.json]]
]]>
</system-out>
</testcase>
</testsuite>
<testsuite name="04-performance.spec.js" timestamp="2026-03-17T03:27:17.303Z" hostname="mobile-390x844" tests="2" failures="0" skipped="0" time="9.077" errors="0">
<testcase name="A2-基础性能门禁 › PERF-001 首页首屏时间低于阈值" classname="04-performance.spec.js" time="2.529">
<system-out>
<![CDATA[
[[ATTACHMENT|../../test-results/e2e-compat/04-performance-A2-基础性能门禁-PERF-001-首页首屏时间低于阈值-mobile-390x844/attachments/perf-first-screen-241ms-10485bf3fd73e965831082d71d8844fdc41fe596.png]]

[[ATTACHMENT|../../test-results/e2e-compat/04-performance-A2-基础性能门禁-PERF-001-首页首屏时间低于阈值-mobile-390x844/attachments/network-log-55005a0bfd0262ee70d5d2f2a5b67232eb12e470.json]]
]]>
</system-out>
</testcase>
<testcase name="A2-基础性能门禁 › PERF-002 首页到刷题页交互响应低于阈值" classname="04-performance.spec.js" time="6.548">
<system-out>
<![CDATA[
[[ATTACHMENT|../../test-results/e2e-compat/04-performance-A2-基础性能门禁-PERF-002-首页到刷题页交互响应低于阈值-mobile-390x844/attachments/perf-home-to-practice-814ms-th1300-samples-826-814-b1907bf4b375bd331aad343f3e12198b6e7ade9a.png]]

[[ATTACHMENT|../../test-results/e2e-compat/04-performance-A2-基础性能门禁-PERF-002-首页到刷题页交互响应低于阈值-mobile-390x844/attachments/network-log-487235a3516fb23692e9f6175305a949db1dda32.json]]
]]>
</system-out>
</testcase>
</testsuite>
<testsuite name="05-high-risk-pages.spec.js" timestamp="2026-03-17T03:27:17.303Z" hostname="mobile-390x844" tests="11" failures="0" skipped="0" time="23.041" errors="0">
<testcase name="A2-高风险页面可达性 › HR-001 /pages/login/index 页面渲染" classname="05-high-risk-pages.spec.js" time="2.459">
<system-out>
<![CDATA[
[[ATTACHMENT|../../test-results/e2e-compat/05-high-risk-pages-A2-高风险页面可达性-HR-001-pages-login-index-页面渲染-mobile-390x844/attachments/risk--pages-login-index-20321e5ec00869c1c4c8dc39b2c82cd845f515e2.png]]

[[ATTACHMENT|../../test-results/e2e-compat/05-high-risk-pages-A2-高风险页面可达性-HR-001-pages-login-index-页面渲染-mobile-390x844/attachments/network-log-8c49ad81e0537822470d7f848703754a47e2dc02.json]]
]]>
</system-out>
</testcase>
<testcase name="A2-高风险页面可达性 › HR-002 /pages/school/index 页面渲染" classname="05-high-risk-pages.spec.js" time="2.424">
<system-out>
<![CDATA[
[[ATTACHMENT|../../test-results/e2e-compat/05-high-risk-pages-A2-高风险页-20208-002-pages-school-index-页面渲染-mobile-390x844/attachments/risk--pages-school-index-f86a3385ee6fc41a15e69019d9ff1828964bc31e.png]]

[[ATTACHMENT|../../test-results/e2e-compat/05-high-risk-pages-A2-高风险页-20208-002-pages-school-index-页面渲染-mobile-390x844/attachments/network-log-3dd1b50f22ffa79132b32ba0fcfb713fd6af6e07.json]]
]]>
</system-out>
</testcase>
<testcase name="A2-高风险页面可达性 › HR-003 /pages/practice-sub/import-data 页面渲染" classname="05-high-risk-pages.spec.js" time="2.321">
<system-out>
<![CDATA[
[[ATTACHMENT|../../test-results/e2e-compat/05-high-risk-pages-A2-高风险页-c718a-actice-sub-import-data-页面渲染-mobile-390x844/attachments/risk--pages-practice-sub-import-data-c9d51d2730492383952bbb6f0eada13726ec3ab3.png]]

[[ATTACHMENT|../../test-results/e2e-compat/05-high-risk-pages-A2-高风险页-c718a-actice-sub-import-data-页面渲染-mobile-390x844/attachments/network-log-3c8bcf7788756146a35c8e57e9b5801662ba386d.json]]
]]>
</system-out>
</testcase>
<testcase name="A2-高风险页面可达性 › HR-004 /pages/practice-sub/do-quiz 页面渲染" classname="05-high-risk-pages.spec.js" time="2.141">
<system-out>
<![CDATA[
[[ATTACHMENT|../../test-results/e2e-compat/05-high-risk-pages-A2-高风险页-97d14-s-practice-sub-do-quiz-页面渲染-mobile-390x844/attachments/risk--pages-practice-sub-do-quiz-58379e927646ce3d0c3fe3bccada8974b0446920.png]]

[[ATTACHMENT|../../test-results/e2e-compat/05-high-risk-pages-A2-高风险页-97d14-s-practice-sub-do-quiz-页面渲染-mobile-390x844/attachments/network-log-45e69ed2d87c67c270bb1103dbdc501ce4c307aa.json]]
]]>
</system-out>
</testcase>
<testcase name="A2-高风险页面可达性 › HR-005 /pages/practice-sub/pk-battle 页面渲染" classname="05-high-risk-pages.spec.js" time="2.251">
<system-out>
<![CDATA[
[[ATTACHMENT|../../test-results/e2e-compat/05-high-risk-pages-A2-高风险页-cca1d-practice-sub-pk-battle-页面渲染-mobile-390x844/attachments/risk--pages-practice-sub-pk-battle-97d465ca1d3364627fd15b3769382517d19afdff.png]]

[[ATTACHMENT|../../test-results/e2e-compat/05-high-risk-pages-A2-高风险页-cca1d-practice-sub-pk-battle-页面渲染-mobile-390x844/attachments/network-log-06b1c80d2416c5cb7b8334230381392cd93a2d5f.json]]
]]>
</system-out>
</testcase>
<testcase name="A2-高风险页面可达性 › HR-006 /pages/practice-sub/mock-exam 页面渲染" classname="05-high-risk-pages.spec.js" time="1.889">
<system-out>
<![CDATA[
[[ATTACHMENT|../../test-results/e2e-compat/05-high-risk-pages-A2-高风险页-fd119-practice-sub-mock-exam-页面渲染-mobile-390x844/attachments/risk--pages-practice-sub-mock-exam-714574a7e4e7f62cd904f9e232aa1cd926f6b7cd.png]]

[[ATTACHMENT|../../test-results/e2e-compat/05-high-risk-pages-A2-高风险页-fd119-practice-sub-mock-exam-页面渲染-mobile-390x844/attachments/network-log-40726606a3e764d01394d62d785f72dc680fa27c.json]]
]]>
</system-out>
</testcase>
<testcase name="A2-高风险页面可达性 › HR-007 /pages/tools/doc-convert 页面渲染" classname="05-high-risk-pages.spec.js" time="1.979">
<system-out>
<![CDATA[
[[ATTACHMENT|../../test-results/e2e-compat/05-high-risk-pages-A2-高风险页-8ef29-ages-tools-doc-convert-页面渲染-mobile-390x844/attachments/risk--pages-tools-doc-convert-93321af360f1efe2189f91a532b8e0b24d373356.png]]

[[ATTACHMENT|../../test-results/e2e-compat/05-high-risk-pages-A2-高风险页-8ef29-ages-tools-doc-convert-页面渲染-mobile-390x844/attachments/network-log-e39c38cf1af54fe82986368f0861ec288ba924f4.json]]
]]>
</system-out>
</testcase>
<testcase name="A2-高风险页面可达性 › HR-008 /pages/tools/photo-search 页面渲染" classname="05-high-risk-pages.spec.js" time="1.69">
<system-out>
<![CDATA[
[[ATTACHMENT|../../test-results/e2e-compat/05-high-risk-pages-A2-高风险页-c97f5-ges-tools-photo-search-页面渲染-mobile-390x844/attachments/risk--pages-tools-photo-search-76a1d4f472efe24834259a3fb670748179d09481.png]]

[[ATTACHMENT|../../test-results/e2e-compat/05-high-risk-pages-A2-高风险页-c97f5-ges-tools-photo-search-页面渲染-mobile-390x844/attachments/network-log-39c85107e8a7ab7f74c90240f2157e0fc36ee20c.json]]
]]>
</system-out>
</testcase>
<testcase name="A2-高风险页面可达性 › HR-009 /pages/tools/id-photo 页面渲染" classname="05-high-risk-pages.spec.js" time="1.815">
<system-out>
<![CDATA[
[[ATTACHMENT|../../test-results/e2e-compat/05-high-risk-pages-A2-高风险页-8a85f-9-pages-tools-id-photo-页面渲染-mobile-390x844/attachments/risk--pages-tools-id-photo-d3bb65e8a647a30d0cc9b94567ce916b24db072e.png]]

[[ATTACHMENT|../../test-results/e2e-compat/05-high-risk-pages-A2-高风险页-8a85f-9-pages-tools-id-photo-页面渲染-mobile-390x844/attachments/network-log-9fd096ec86245119c4b1918cc6c1cd484bdb5317.json]]
]]>
</system-out>
</testcase>
<testcase name="A2-高风险页面可达性 › HR-010 /pages/settings/index 页面渲染" classname="05-high-risk-pages.spec.js" time="2.144">
<system-out>
<![CDATA[
[[ATTACHMENT|../../test-results/e2e-compat/05-high-risk-pages-A2-高风险页-c98ef-0-pages-settings-index-页面渲染-mobile-390x844/attachments/risk--pages-settings-index-abe5d4b493fac147027c8078dd0974c83748e035.png]]

[[ATTACHMENT|../../test-results/e2e-compat/05-high-risk-pages-A2-高风险页-c98ef-0-pages-settings-index-页面渲染-mobile-390x844/attachments/network-log-d66ba03653b67b1bd4be2bf573c9ca64560c2d04.json]]
]]>
</system-out>
</testcase>
<testcase name="A2-高风险页面可达性 › HR-011 /pages/chat/chat 页面渲染" classname="05-high-risk-pages.spec.js" time="1.928">
<system-out>
<![CDATA[
[[ATTACHMENT|../../test-results/e2e-compat/05-high-risk-pages-A2-高风险页面可达性-HR-011-pages-chat-chat-页面渲染-mobile-390x844/attachments/risk--pages-chat-chat-2c34da1ee97dd6e6920fd4d5853f51d9b2dc42a7.png]]

[[ATTACHMENT|../../test-results/e2e-compat/05-high-risk-pages-A2-高风险页面可达性-HR-011-pages-chat-chat-页面渲染-mobile-390x844/attachments/network-log-881e7539f1162fd344fd410f6be96bc514b28b7a.json]]
]]>
</system-out>
</testcase>
</testsuite>
<testsuite name="06-human-gesture.spec.js" timestamp="2026-03-17T03:27:17.303Z" hostname="mobile-390x844" tests="1" failures="0" skipped="0" time="3.696" errors="0">
<testcase name="A2-人工手势模拟 › HUMAN-001 首页上滑后页面保持可交互" classname="06-human-gesture.spec.js" time="3.696">
<system-out>
<![CDATA[
[[ATTACHMENT|../../test-results/e2e-compat/06-human-gesture-A2-人工手势模拟-HUMAN-001-首页上滑后页面保持可交互-mobile-390x844/attachments/human-gesture-home-swipe-up-281b5cb2559d3116fee8108fd043763232f3e2fe.png]]

[[ATTACHMENT|../../test-results/e2e-compat/06-human-gesture-A2-人工手势模拟-HUMAN-001-首页上滑后页面保持可交互-mobile-390x844/attachments/network-log-edb437edde285bbcc9c3294793cddab247c3589c.json]]
]]>
</system-out>
</testcase>
</testsuite>
<testsuite name="07-full-route-coverage.spec.js" timestamp="2026-03-17T03:27:17.303Z" hostname="mobile-390x844" tests="2" failures="0" skipped="0" time="51.97" errors="0">
<testcase name="A2-全量页面覆盖与 UI 健康度 › FULL-ROUTE-001 亮色模式全量路由可达 + UI 健康度检查" classname="07-full-route-coverage.spec.js" time="26.002">
<system-out>
<![CDATA[
[[ATTACHMENT|../../test-results/e2e-compat/07-full-route-coverage-A2--11416-UTE-001-亮色模式全量路由可达-UI-健康度检查-mobile-390x844/attachments/network-log-a81500fdc7ed8eff93045ce7446cf61d4a45e368.json]]
]]>
</system-out>
</testcase>
<testcase name="A2-全量页面覆盖与 UI 健康度 › FULL-ROUTE-002 深色模式全量路由可达 + UI 健康度检查" classname="07-full-route-coverage.spec.js" time="25.968">
<system-out>
<![CDATA[
[[ATTACHMENT|../../test-results/e2e-compat/07-full-route-coverage-A2--e7c88-UTE-002-深色模式全量路由可达-UI-健康度检查-mobile-390x844/attachments/network-log-d563f5a3734cd35d0226a5608c9e2ab7a0c48870.json]]
]]>
</system-out>
</testcase>
</testsuite>
<testsuite name="08-clickable-actions.spec.js" timestamp="2026-03-17T03:27:17.303Z" hostname="mobile-390x844" tests="5" failures="0" skipped="0" time="25.975" errors="0">
<testcase name="A2-可点击入口真实交互 › CLICK-001 首页工具卡真实点击后可跳转到对应页面" classname="08-clickable-actions.spec.js" time="3.9">
<system-out>
<![CDATA[
[[ATTACHMENT|../../test-results/e2e-compat/08-clickable-actions-A2-可点-1bff0-LICK-001-首页工具卡真实点击后可跳转到对应页面-mobile-390x844/attachments/network-log-fe1d761d56a3d80f992c16d67cb3cf2db8ebfa8a.json]]
]]>
</system-out>
</testcase>
<testcase name="A2-可点击入口真实交互 › CLICK-002 刷题页关键入口真实点击后可跳转或打开弹层" classname="08-clickable-actions.spec.js" time="14.742">
<system-out>
<![CDATA[
[[ATTACHMENT|../../test-results/e2e-compat/08-clickable-actions-A2-可点-2097f-CK-002-刷题页关键入口真实点击后可跳转或打开弹层-mobile-390x844/attachments/network-log-f797951f8ab9dac1516d8533d0e33c49417cd878.json]]
]]>
</system-out>
</testcase>
<testcase name="A2-可点击入口真实交互 › CLICK-003 个人中心菜单真实点击后可跳转" classname="08-clickable-actions.spec.js" time="3.99">
<system-out>
<![CDATA[
[[ATTACHMENT|../../test-results/e2e-compat/08-clickable-actions-A2-可点击入口真实交互-CLICK-003-个人中心菜单真实点击后可跳转-mobile-390x844/attachments/network-log-c274d1ad080ed8d927ccc6e8791cefbc5c9af3ed.json]]
]]>
</system-out>
</testcase>
<testcase name="A2-可点击入口真实交互 › CLICK-004 设置页好友入口真实点击后可跳转" classname="08-clickable-actions.spec.js" time="1.664">
<system-out>
<![CDATA[
[[ATTACHMENT|../../test-results/e2e-compat/08-clickable-actions-A2-可点击入口真实交互-CLICK-004-设置页好友入口真实点击后可跳转-mobile-390x844/attachments/network-log-29fdd95e74ea3f0267c06e27030566df6359bc22.json]]
]]>
</system-out>
</testcase>
<testcase name="A2-可点击入口真实交互 › CLICK-005 文档转换页点击选择文件会真实弹出文件选择并更新 UI" classname="08-clickable-actions.spec.js" time="1.679">
<system-out>
<![CDATA[
[[ATTACHMENT|../../test-results/e2e-compat/08-clickable-actions-A2-可点-2139a--文档转换页点击选择文件会真实弹出文件选择并更新-UI-mobile-390x844/attachments/network-log-2980db9b86931ad870083abfba699b00c55100d0.json]]
]]>
</system-out>
</testcase>
</testsuite>
<testsuite name="09-detailed-click-coverage.spec.js" timestamp="2026-03-17T03:27:17.303Z" hostname="mobile-390x844" tests="10" failures="0" skipped="0" time="59.664" errors="0">
<testcase name="A2-更细颗粒度真实点击覆盖 › DETAIL-001 首页欢迎横幅空题库弹窗与确认跳转可点击" classname="09-detailed-click-coverage.spec.js" time="3.518">
<system-out>
<![CDATA[
[[ATTACHMENT|../../test-results/e2e-compat/09-detailed-click-coverage-483e6-AIL-001-首页欢迎横幅空题库弹窗与确认跳转可点击-mobile-390x844/attachments/network-log-e637bed68b52674dc189ac306bedf64466de9596.json]]
]]>
</system-out>
</testcase>
<testcase name="A2-更细颗粒度真实点击覆盖 › DETAIL-002 首页欢迎横幅与统计卡真实点击后可跳转" classname="09-detailed-click-coverage.spec.js" time="6.256">
<system-out>
<![CDATA[
[[ATTACHMENT|../../test-results/e2e-compat/09-detailed-click-coverage-99834-TAIL-002-首页欢迎横幅与统计卡真实点击后可跳转-mobile-390x844/attachments/network-log-478f76f152a0ea8e64a632b533fc2bf74fd67a4d.json]]
]]>
</system-out>
</testcase>
<testcase name="A2-更细颗粒度真实点击覆盖 › DETAIL-003 首页学习卡、推荐卡、金句卡与计划编辑真实点击可响应" classname="09-detailed-click-coverage.spec.js" time="7.171">
<system-out>
<![CDATA[
[[ATTACHMENT|../../test-results/e2e-compat/09-detailed-click-coverage-17781-3-首页学习卡、推荐卡、金句卡与计划编辑真实点击可响应-mobile-390x844/attachments/network-log-7604cc25b16f5be9d57915f72f9e1b2bc3175328.json]]
]]>
</system-out>
</testcase>
<testcase name="A2-更细颗粒度真实点击覆盖 › DETAIL-004 TabBar 四页真实点击切换可达" classname="09-detailed-click-coverage.spec.js" time="4.047">
<system-out>
<![CDATA[
[[ATTACHMENT|../../test-results/e2e-compat/09-detailed-click-coverage-5f64e-ETAIL-004-TabBar-四页真实点击切换可达-mobile-390x844/attachments/network-log-9ce28a9d43f6177599f2a24f3831d476e1748050.json]]
]]>
</system-out>
</testcase>
<testcase name="A2-更细颗粒度真实点击覆盖 › DETAIL-005 刷题页剩余菜单与 PK 对战真实点击后可跳转" classname="09-detailed-click-coverage.spec.js" time="6.881">
<system-out>
<![CDATA[
[[ATTACHMENT|../../test-results/e2e-compat/09-detailed-click-coverage-340a7--005-刷题页剩余菜单与-PK-对战真实点击后可跳转-mobile-390x844/attachments/network-log-a4aab64a25b56a25a210f46c06838206a4941e87.json]]
]]>
</system-out>
</testcase>
<testcase name="A2-更细颗粒度真实点击覆盖 › DETAIL-006 练习模式弹层真实点击后可打开并关闭" classname="09-detailed-click-coverage.spec.js" time="24.02">
<system-out>
<![CDATA[
[[ATTACHMENT|../../test-results/e2e-compat/09-detailed-click-coverage-5f110-ETAIL-006-练习模式弹层真实点击后可打开并关闭-mobile-390x844/attachments/network-log-25c52fe5c365b488e9a8acaef96964e082c97872.json]]
]]>
</system-out>
</testcase>
<testcase name="A2-更细颗粒度真实点击覆盖 › DETAIL-007 文档转换完整点击流可执行" classname="09-detailed-click-coverage.spec.js" time="1.963">
<system-out>
<![CDATA[
[[ATTACHMENT|../../test-results/e2e-compat/09-detailed-click-coverage-b94d8-击覆盖-DETAIL-007-文档转换完整点击流可执行-mobile-390x844/attachments/network-log-47ce3680305404914bdea9bb8e6ae60449ce7b4f.json]]
]]>
</system-out>
</testcase>
<testcase name="A2-更细颗粒度真实点击覆盖 › DETAIL-008 证件照制作完整点击流可执行" classname="09-detailed-click-coverage.spec.js" time="2.085">
<system-out>
<![CDATA[
[[ATTACHMENT|../../test-results/e2e-compat/09-detailed-click-coverage-776d4-覆盖-DETAIL-008-证件照制作完整点击流可执行-mobile-390x844/attachments/network-log-d6b561fea05fe63a9657fa646aced0cebac66b97.json]]
]]>
</system-out>
</testcase>
<testcase name="A2-更细颗粒度真实点击覆盖 › DETAIL-009 拍照搜题完整点击流可执行" classname="09-detailed-click-coverage.spec.js" time="1.451">
<system-out>
<![CDATA[
[[ATTACHMENT|../../test-results/e2e-compat/09-detailed-click-coverage-0bd9c-击覆盖-DETAIL-009-拍照搜题完整点击流可执行-mobile-390x844/attachments/network-log-9cb56992190b5c537c244a5570edd5b795cece1d.json]]
]]>
</system-out>
</testcase>
<testcase name="A2-更细颗粒度真实点击覆盖 › DETAIL-010 个人中心主题按钮与反馈入口真实点击可响应" classname="09-detailed-click-coverage.spec.js" time="2.272">
<system-out>
<![CDATA[
[[ATTACHMENT|../../test-results/e2e-compat/09-detailed-click-coverage-1db5d-IL-010-个人中心主题按钮与反馈入口真实点击可响应-mobile-390x844/attachments/network-log-c963be1b4002c5d51efd66ba87243d95792178d5.json]]
]]>
</system-out>
</testcase>
</testsuite>
<testsuite name="10-backend-driven-flows.spec.js" timestamp="2026-03-17T03:27:17.303Z" hostname="mobile-390x844" tests="2" failures="0" skipped="0" time="4.371" errors="0">
<testcase name="A2-后端返回重点流转 › BACK-001 择校表单提交后真实渲染后端推荐结果，并可进入详情页" classname="10-backend-driven-flows.spec.js" time="2.53">
<system-out>
<![CDATA[
[[ATTACHMENT|../../test-results/e2e-compat/10-backend-driven-flows-A2-29a5f-1-择校表单提交后真实渲染后端推荐结果，并可进入详情页-mobile-390x844/attachments/network-log-5fe6d605e085fc8cddf51cc67bea63904dcf46c3.json]]
]]>
</system-out>
</testcase>
<testcase name="A2-后端返回重点流转 › BACK-002 智能好友聊天真实发送后可渲染后端回复" classname="10-backend-driven-flows.spec.js" time="1.841">
<system-out>
<![CDATA[
[[ATTACHMENT|../../test-results/e2e-compat/10-backend-driven-flows-A2-b0d5e-BACK-002-智能好友聊天真实发送后可渲染后端回复-mobile-390x844/attachments/network-log-f6ee1636197aa38d2a00d24b3574183bc4e7a4c5.json]]
]]>
</system-out>
</testcase>
</testsuite>
<testsuite name="11-login-and-import-precision.spec.js" timestamp="2026-03-17T03:27:17.303Z" hostname="mobile-390x844" tests="4" failures="0" skipped="0" time="10.225" errors="0">
<testcase name="A2-登录与资料导入精细回归 › PREC-001 邮箱登录与注册密码输入默认隐藏" classname="11-login-and-import-precision.spec.js" time="1.901">
<system-out>
<![CDATA[
[[ATTACHMENT|../../test-results/e2e-compat/11-login-and-import-precis-607d3-回归-PREC-001-邮箱登录与注册密码输入默认隐藏-mobile-390x844/attachments/network-log-3ac1b38be66135ca997271275d460d6f5967ca1b.json]]
]]>
</system-out>
</testcase>
<testcase name="A2-登录与资料导入精细回归 › PREC-002 邮箱注册发送验证码后显示倒计时并可成功注册" classname="11-login-and-import-precision.spec.js" time="3.44">
<system-out>
<![CDATA[
[[ATTACHMENT|../../test-results/e2e-compat/11-login-and-import-precis-d8b65-C-002-邮箱注册发送验证码后显示倒计时并可成功注册-mobile-390x844/attachments/network-log-bfbc4aa174b0cf834dc4c5a3d80397f9ea28c7f3.json]]
]]>
</system-out>
</testcase>
<testcase name="A2-登录与资料导入精细回归 › PREC-003 验证码发送后按钮进入倒计时而不是假死" classname="11-login-and-import-precision.spec.js" time="1.934">
<system-out>
<![CDATA[
[[ATTACHMENT|../../test-results/e2e-compat/11-login-and-import-precis-c9d73-PREC-003-验证码发送后按钮进入倒计时而不是假死-mobile-390x844/attachments/network-log-e8254d11aefcb7e711a9af977d58e8cd104d0587.json]]
]]>
</system-out>
</testcase>
<testcase name="A2-登录与资料导入精细回归 › PREC-004 欢迎横幅进入资料导入页后主卡片与操作栏不重叠" classname="11-login-and-import-precision.spec.js" time="2.95">
<system-out>
<![CDATA[
[[ATTACHMENT|../../test-results/e2e-compat/11-login-and-import-precis-cc8f3--004-欢迎横幅进入资料导入页后主卡片与操作栏不重叠-mobile-390x844/attachments/network-log-177dbf6ecf49c4a5c09ce7154b0996d9ff3cf2a8.json]]
]]>
</system-out>
</testcase>
</testsuite>
<testsuite name="12-full-page-scroll-audit.spec.js" timestamp="2026-03-17T03:27:17.303Z" hostname="mobile-390x844" tests="1" failures="0" skipped="0" time="87" errors="0">
<testcase name="A2-全页面滚动截图巡检 › SCROLL-001 全声明页面支持人工式滑动巡检并截图留档" classname="12-full-page-scroll-audit.spec.js" time="87">
<system-out>
<![CDATA[
[[ATTACHMENT|../../test-results/e2e-compat/12-full-page-scroll-audit--8044a-OLL-001-全声明页面支持人工式滑动巡检并截图留档-mobile-390x844/attachments/scroll-audit-top-pages-splash-index-fcc2143bf13c948ae391505997b264bc89ac6227.png]]

[[ATTACHMENT|../../test-results/e2e-compat/12-full-page-scroll-audit--8044a-OLL-001-全声明页面支持人工式滑动巡检并截图留档-mobile-390x844/attachments/scroll-audit-bottom-pages-splash-index-4f12dae4581a5bc9ddcf0b277ad21a7f3d31b091.png]]

[[ATTACHMENT|../../test-results/e2e-compat/12-full-page-scroll-audit--8044a-OLL-001-全声明页面支持人工式滑动巡检并截图留档-mobile-390x844/attachments/scroll-audit-top-pages-index-index-7e19f4d824ddd5a72cb4a710991034676c8363b2.png]]

[[ATTACHMENT|../../test-results/e2e-compat/12-full-page-scroll-audit--8044a-OLL-001-全声明页面支持人工式滑动巡检并截图留档-mobile-390x844/attachments/scroll-audit-bottom-pages-index-index-36b67d679aed9fc0ad027748b340e6082b1cda47.png]]

[[ATTACHMENT|../../test-results/e2e-compat/12-full-page-scroll-audit--8044a-OLL-001-全声明页面支持人工式滑动巡检并截图留档-mobile-390x844/attachments/scroll-audit-top-pages-practice-index-9a1b76a952d6665ed9719b7e9b013322a9ee6abc.png]]

[[ATTACHMENT|../../test-results/e2e-compat/12-full-page-scroll-audit--8044a-OLL-001-全声明页面支持人工式滑动巡检并截图留档-mobile-390x844/attachments/scroll-audit-bottom-pages-practice-index-3c6b1ccb9840a0610ee8c1ad1b2fc9f1316ac938.png]]

[[ATTACHMENT|../../test-results/e2e-compat/12-full-page-scroll-audit--8044a-OLL-001-全声明页面支持人工式滑动巡检并截图留档-mobile-390x844/attachments/scroll-audit-top-pages-school-index-e6c51f947f2381c6a07eaa583f8872f9ccacd8ee.png]]

[[ATTACHMENT|../../test-results/e2e-compat/12-full-page-scroll-audit--8044a-OLL-001-全声明页面支持人工式滑动巡检并截图留档-mobile-390x844/attachments/scroll-audit-bottom-pages-school-index-b35ac086a4d2c222abb8a90f031c6c06af64c6ef.png]]

[[ATTACHMENT|../../test-results/e2e-compat/12-full-page-scroll-audit--8044a-OLL-001-全声明页面支持人工式滑动巡检并截图留档-mobile-390x844/attachments/scroll-audit-top-pages-profile-index-8d9dd5b16367cbbae8576eba9a7b53388c6dcdd3.png]]

[[ATTACHMENT|../../test-results/e2e-compat/12-full-page-scroll-audit--8044a-OLL-001-全声明页面支持人工式滑动巡检并截图留档-mobile-390x844/attachments/scroll-audit-bottom-pages-profile-index-900ef2c9b1f7cb342daf736423c1c767c92417c5.png]]

[[ATTACHMENT|../../test-results/e2e-compat/12-full-page-scroll-audit--8044a-OLL-001-全声明页面支持人工式滑动巡检并截图留档-mobile-390x844/attachments/scroll-audit-top-pages-practice-sub-do-quiz-5458575b39872405d59ee9115520b317e62ce676.png]]

[[ATTACHMENT|../../test-results/e2e-compat/12-full-page-scroll-audit--8044a-OLL-001-全声明页面支持人工式滑动巡检并截图留档-mobile-390x844/attachments/scroll-audit-bottom-pages-practice-sub-do-quiz-85c364c9052b7f1354aa0c61d3eaec2d154cf177.png]]

[[ATTACHMENT|../../test-results/e2e-compat/12-full-page-scroll-audit--8044a-OLL-001-全声明页面支持人工式滑动巡检并截图留档-mobile-390x844/attachments/scroll-audit-top-pages-practice-sub-pk-battle-e29e2b12c7faf5eebebe256874cdf5db966be3e3.png]]

[[ATTACHMENT|../../test-results/e2e-compat/12-full-page-scroll-audit--8044a-OLL-001-全声明页面支持人工式滑动巡检并截图留档-mobile-390x844/attachments/scroll-audit-bottom-pages-practice-sub-pk-battle-164d31e97076da3b197e32b9918e2b7eafe91fd9.png]]

[[ATTACHMENT|../../test-results/e2e-compat/12-full-page-scroll-audit--8044a-OLL-001-全声明页面支持人工式滑动巡检并截图留档-mobile-390x844/attachments/scroll-audit-top-pages-practice-sub-rank-2b350b6b8b42b61ca902f8558b1ff49a9d933dd2.png]]

[[ATTACHMENT|../../test-results/e2e-compat/12-full-page-scroll-audit--8044a-OLL-001-全声明页面支持人工式滑动巡检并截图留档-mobile-390x844/attachments/scroll-audit-bottom-pages-practice-sub-rank-175f1e2a348051132a063f139d085000d0a878ea.png]]

[[ATTACHMENT|../../test-results/e2e-compat/12-full-page-scroll-audit--8044a-OLL-001-全声明页面支持人工式滑动巡检并截图留档-mobile-390x844/attachments/scroll-audit-top-pages-practice-sub-import-data-f8c11f74dec33804f02c529bad508602d8f4790f.png]]

[[ATTACHMENT|../../test-results/e2e-compat/12-full-page-scroll-audit--8044a-OLL-001-全声明页面支持人工式滑动巡检并截图留档-mobile-390x844/attachments/scroll-audit-bottom-pages-practice-sub-import-data-26de802517cf5166b8304e7a64b8459f142727b3.png]]

[[ATTACHMENT|../../test-results/e2e-compat/12-full-page-scroll-audit--8044a-OLL-001-全声明页面支持人工式滑动巡检并截图留档-mobile-390x844/attachments/scroll-audit-top-pages-practice-sub-file-manager-11f464b6803b6e16067f01bbf87b8c300902c373.png]]

[[ATTACHMENT|../../test-results/e2e-compat/12-full-page-scroll-audit--8044a-OLL-001-全声明页面支持人工式滑动巡检并截图留档-mobile-390x844/attachments/scroll-audit-bottom-pages-practice-sub-file-manager-a59ead52d16d8467b85948af67915c321c98254b.png]]

[[ATTACHMENT|../../test-results/e2e-compat/12-full-page-scroll-audit--8044a-OLL-001-全声明页面支持人工式滑动巡检并截图留档-mobile-390x844/attachments/scroll-audit-top-pages-practice-sub-mock-exam-68e6d4a335c0526ac55d1870b1f63e7d22a4abf1.png]]

[[ATTACHMENT|../../test-results/e2e-compat/12-full-page-scroll-audit--8044a-OLL-001-全声明页面支持人工式滑动巡检并截图留档-mobile-390x844/attachments/scroll-audit-bottom-pages-practice-sub-mock-exam-91d212920cb5e564b56c96769629a368bb53fde7.png]]

[[ATTACHMENT|../../test-results/e2e-compat/12-full-page-scroll-audit--8044a-OLL-001-全声明页面支持人工式滑动巡检并截图留档-mobile-390x844/attachments/scroll-audit-top-pages-school-sub-detail-f8e5ffca518f03a7fb263bdcaf796ef334ea746a.png]]

[[ATTACHMENT|../../test-results/e2e-compat/12-full-page-scroll-audit--8044a-OLL-001-全声明页面支持人工式滑动巡检并截图留档-mobile-390x844/attachments/scroll-audit-bottom-pages-school-sub-detail-2359b4aebb04d94ac479aef99ccf4311f9259471.png]]

[[ATTACHMENT|../../test-results/e2e-compat/12-full-page-scroll-audit--8044a-OLL-001-全声明页面支持人工式滑动巡检并截图留档-mobile-390x844/attachments/scroll-audit-top-pages-login-index-c91051e779ab64051ba85f3758d1a9a42dea90a2.png]]

[[ATTACHMENT|../../test-results/e2e-compat/12-full-page-scroll-audit--8044a-OLL-001-全声明页面支持人工式滑动巡检并截图留档-mobile-390x844/attachments/scroll-audit-bottom-pages-login-index-4a13b07ad623f9dab8fa7a15b451aee9b20511db.png]]

[[ATTACHMENT|../../test-results/e2e-compat/12-full-page-scroll-audit--8044a-OLL-001-全声明页面支持人工式滑动巡检并截图留档-mobile-390x844/attachments/scroll-audit-top-pages-login-wechat-callback-a4f5858bcd66902cccd929ad1e53b5a692b66673.png]]

[[ATTACHMENT|../../test-results/e2e-compat/12-full-page-scroll-audit--8044a-OLL-001-全声明页面支持人工式滑动巡检并截图留档-mobile-390x844/attachments/scroll-audit-bottom-pages-login-wechat-callback-570b341767f71cd19a150e9120137b55ea005138.png]]

[[ATTACHMENT|../../test-results/e2e-compat/12-full-page-scroll-audit--8044a-OLL-001-全声明页面支持人工式滑动巡检并截图留档-mobile-390x844/attachments/scroll-audit-top-pages-login-qq-callback-052ab87e036667bef5f3fd8d0b62b2be81ae26b6.png]]

[[ATTACHMENT|../../test-results/e2e-compat/12-full-page-scroll-audit--8044a-OLL-001-全声明页面支持人工式滑动巡检并截图留档-mobile-390x844/attachments/scroll-audit-bottom-pages-login-qq-callback-1768de4ab4e1981f0910b0ea42694b4b749c526d.png]]

[[ATTACHMENT|../../test-results/e2e-compat/12-full-page-scroll-audit--8044a-OLL-001-全声明页面支持人工式滑动巡检并截图留档-mobile-390x844/attachments/scroll-audit-top-pages-settings-index-9945c35b9dff8297b14c546eb6ea59902de44994.png]]

[[ATTACHMENT|../../test-results/e2e-compat/12-full-page-scroll-audit--8044a-OLL-001-全声明页面支持人工式滑动巡检并截图留档-mobile-390x844/attachments/scroll-audit-bottom-pages-settings-index-bbc63a0ced04ffd1ee991313d78813928eac3ed1.png]]

[[ATTACHMENT|../../test-results/e2e-compat/12-full-page-scroll-audit--8044a-OLL-001-全声明页面支持人工式滑动巡检并截图留档-mobile-390x844/attachments/scroll-audit-top-pages-settings-privacy-811e467c4b05e7b6417db25774b3cc114adb542c.png]]

[[ATTACHMENT|../../test-results/e2e-compat/12-full-page-scroll-audit--8044a-OLL-001-全声明页面支持人工式滑动巡检并截图留档-mobile-390x844/attachments/scroll-audit-bottom-pages-settings-privacy-558cfcc7fd1d9b9638823ea5c5aeb1dc345d8c9d.png]]

[[ATTACHMENT|../../test-results/e2e-compat/12-full-page-scroll-audit--8044a-OLL-001-全声明页面支持人工式滑动巡检并截图留档-mobile-390x844/attachments/scroll-audit-top-pages-settings-terms-b0161325bf351bac5fabdbd5cbc1e16b40b2b658.png]]

[[ATTACHMENT|../../test-results/e2e-compat/12-full-page-scroll-audit--8044a-OLL-001-全声明页面支持人工式滑动巡检并截图留档-mobile-390x844/attachments/scroll-audit-bottom-pages-settings-terms-16ab4c0a869d6a013da9f78545092783edc37753.png]]

[[ATTACHMENT|../../test-results/e2e-compat/12-full-page-scroll-audit--8044a-OLL-001-全声明页面支持人工式滑动巡检并截图留档-mobile-390x844/attachments/scroll-audit-top-pages-social-friend-list-712dce2538103b7525d797da312e97cf00aca5eb.png]]

[[ATTACHMENT|../../test-results/e2e-compat/12-full-page-scroll-audit--8044a-OLL-001-全声明页面支持人工式滑动巡检并截图留档-mobile-390x844/attachments/scroll-audit-bottom-pages-social-friend-list-41aea1695fb63e146039b6a4ee8826157ca98350.png]]

[[ATTACHMENT|../../test-results/e2e-compat/12-full-page-scroll-audit--8044a-OLL-001-全声明页面支持人工式滑动巡检并截图留档-mobile-390x844/attachments/scroll-audit-top-pages-social-friend-profile-a83002548084acaa8db93eb4b794f54b0264babc.png]]

[[ATTACHMENT|../../test-results/e2e-compat/12-full-page-scroll-audit--8044a-OLL-001-全声明页面支持人工式滑动巡检并截图留档-mobile-390x844/attachments/scroll-audit-bottom-pages-social-friend-profile-de0741ca52c14e5833c30e314a932ad20dedd130.png]]

[[ATTACHMENT|../../test-results/e2e-compat/12-full-page-scroll-audit--8044a-OLL-001-全声明页面支持人工式滑动巡检并截图留档-mobile-390x844/attachments/scroll-audit-top-pages-chat-chat-e6be3de73d1a5a5fb8cbcc3bdb1996a7eafac94d.png]]

[[ATTACHMENT|../../test-results/e2e-compat/12-full-page-scroll-audit--8044a-OLL-001-全声明页面支持人工式滑动巡检并截图留档-mobile-390x844/attachments/scroll-audit-bottom-pages-chat-chat-f114e1322a70be3707662ec5b7db79aec43b5bc8.png]]

[[ATTACHMENT|../../test-results/e2e-compat/12-full-page-scroll-audit--8044a-OLL-001-全声明页面支持人工式滑动巡检并截图留档-mobile-390x844/attachments/scroll-audit-top-pages-mistake-index-aa5a9ee27ea01e628732ea393cad80e611ee2441.png]]

[[ATTACHMENT|../../test-results/e2e-compat/12-full-page-scroll-audit--8044a-OLL-001-全声明页面支持人工式滑动巡检并截图留档-mobile-390x844/attachments/scroll-audit-bottom-pages-mistake-index-af93bfa02bb7494277d0ca588b3c74d3de60e01a.png]]

[[ATTACHMENT|../../test-results/e2e-compat/12-full-page-scroll-audit--8044a-OLL-001-全声明页面支持人工式滑动巡检并截图留档-mobile-390x844/attachments/scroll-audit-top-pages-favorite-index-b957390e52b3ac075cd012ca9068013879822541.png]]

[[ATTACHMENT|../../test-results/e2e-compat/12-full-page-scroll-audit--8044a-OLL-001-全声明页面支持人工式滑动巡检并截图留档-mobile-390x844/attachments/scroll-audit-bottom-pages-favorite-index-de6f173d0af25cb3d66a4873e0a40082ffd740c6.png]]

[[ATTACHMENT|../../test-results/e2e-compat/12-full-page-scroll-audit--8044a-OLL-001-全声明页面支持人工式滑动巡检并截图留档-mobile-390x844/attachments/scroll-audit-top-pages-plan-index-d1e1f40edc2a34d428a952c5a0c169185147821f.png]]

[[ATTACHMENT|../../test-results/e2e-compat/12-full-page-scroll-audit--8044a-OLL-001-全声明页面支持人工式滑动巡检并截图留档-mobile-390x844/attachments/scroll-audit-bottom-pages-plan-index-3e06d098ab66ede63f3c506f0b8b3e6239a89df7.png]]

[[ATTACHMENT|../../test-results/e2e-compat/12-full-page-scroll-audit--8044a-OLL-001-全声明页面支持人工式滑动巡检并截图留档-mobile-390x844/attachments/scroll-audit-top-pages-plan-create-244d0d277582d016190f415a4e4b83a1fb9f0cb0.png]]

[[ATTACHMENT|../../test-results/e2e-compat/12-full-page-scroll-audit--8044a-OLL-001-全声明页面支持人工式滑动巡检并截图留档-mobile-390x844/attachments/scroll-audit-bottom-pages-plan-create-856afb713e1c82ded49936f6f4ea978048dae4e4.png]]

[[ATTACHMENT|../../test-results/e2e-compat/12-full-page-scroll-audit--8044a-OLL-001-全声明页面支持人工式滑动巡检并截图留档-mobile-390x844/attachments/scroll-audit-top-pages-study-detail-index-36b54c707f309b479ed2fbd4eadf193c9cf8c275.png]]

[[ATTACHMENT|../../test-results/e2e-compat/12-full-page-scroll-audit--8044a-OLL-001-全声明页面支持人工式滑动巡检并截图留档-mobile-390x844/attachments/scroll-audit-bottom-pages-study-detail-index-d2f463b9e830120c0f8c6ab5a29cdad05a0b2ddd.png]]

[[ATTACHMENT|../../test-results/e2e-compat/12-full-page-scroll-audit--8044a-OLL-001-全声明页面支持人工式滑动巡检并截图留档-mobile-390x844/attachments/scroll-audit-top-pages-tools-photo-search-d9938495cc5d776b58c644a3947ac2eb121b4c3a.png]]

[[ATTACHMENT|../../test-results/e2e-compat/12-full-page-scroll-audit--8044a-OLL-001-全声明页面支持人工式滑动巡检并截图留档-mobile-390x844/attachments/scroll-audit-bottom-pages-tools-photo-search-fcf738dfe2c75e6b709f0b3c21004b84fe256e49.png]]

[[ATTACHMENT|../../test-results/e2e-compat/12-full-page-scroll-audit--8044a-OLL-001-全声明页面支持人工式滑动巡检并截图留档-mobile-390x844/attachments/scroll-audit-top-pages-tools-doc-convert-c7f00d2dd988dec3020174e2672d5a5b08dd4ac1.png]]

[[ATTACHMENT|../../test-results/e2e-compat/12-full-page-scroll-audit--8044a-OLL-001-全声明页面支持人工式滑动巡检并截图留档-mobile-390x844/attachments/scroll-audit-bottom-pages-tools-doc-convert-195402b925679a81977ab8cf4a1355b1742ff128.png]]

[[ATTACHMENT|../../test-results/e2e-compat/12-full-page-scroll-audit--8044a-OLL-001-全声明页面支持人工式滑动巡检并截图留档-mobile-390x844/attachments/scroll-audit-top-pages-tools-id-photo-e4810d4d86375b26ab4a9d27db173c08c02951b8.png]]

[[ATTACHMENT|../../test-results/e2e-compat/12-full-page-scroll-audit--8044a-OLL-001-全声明页面支持人工式滑动巡检并截图留档-mobile-390x844/attachments/scroll-audit-bottom-pages-tools-id-photo-f935fed06822056a21ea4cd32e5171c49c0baa17.png]]

[[ATTACHMENT|../../test-results/e2e-compat/12-full-page-scroll-audit--8044a-OLL-001-全声明页面支持人工式滑动巡检并截图留档-mobile-390x844/attachments/scroll-audit-top-pages-knowledge-graph-index-39b6f72a9a6325c5a55ced25f10f921d9442d89c.png]]

[[ATTACHMENT|../../test-results/e2e-compat/12-full-page-scroll-audit--8044a-OLL-001-全声明页面支持人工式滑动巡检并截图留档-mobile-390x844/attachments/scroll-audit-bottom-pages-knowledge-graph-index-efce7e1927c2dff14ace2058a69f3c1b6baa287e.png]]

[[ATTACHMENT|../../test-results/e2e-compat/12-full-page-scroll-audit--8044a-OLL-001-全声明页面支持人工式滑动巡检并截图留档-mobile-390x844/attachments/network-log-c67368be40c1832cfafef21ee4a5e05058159fc6.json]]
]]>
</system-out>
</testcase>
</testsuite>
<testsuite name="13-profile-settings-actions.spec.js" timestamp="2026-03-17T03:27:17.303Z" hostname="mobile-390x844" tests="4" failures="0" skipped="0" time="12.665" errors="0">
<testcase name="A2-个人中心与设置页精细交互 › PROFILE-SET-001 登录页协议链接、个人中心反馈与设置菜单都可触达" classname="13-profile-settings-actions.spec.js" time="3.721">
<system-out>
<![CDATA[
[[ATTACHMENT|../../test-results/e2e-compat/13-profile-settings-action-e8142-001-登录页协议链接、个人中心反馈与设置菜单都可触达-mobile-390x844/attachments/network-log-614a336d433648c676138e897d21e934031179d2.json]]
]]>
</system-out>
</testcase>
<testcase name="A2-个人中心与设置页精细交互 › PROFILE-SET-002 个人中心主题切换、退出确认与打卡按钮可响应" classname="13-profile-settings-actions.spec.js" time="1.847">
<system-out>
<![CDATA[
[[ATTACHMENT|../../test-results/e2e-compat/13-profile-settings-action-34345-T-002-个人中心主题切换、退出确认与打卡按钮可响应-mobile-390x844/attachments/network-log-c75e6f81f51bde10cf3d773ec35a4e00585f5f4c.json]]
]]>
</system-out>
</testcase>
<testcase name="A2-个人中心与设置页精细交互 › PROFILE-SET-003 设置页开关、清缓存、目标院校弹窗与注销确认可响应" classname="13-profile-settings-actions.spec.js" time="3.549">
<system-out>
<![CDATA[
[[ATTACHMENT|../../test-results/e2e-compat/13-profile-settings-action-d069e-03-设置页开关、清缓存、目标院校弹窗与注销确认可响应-mobile-390x844/attachments/network-log-da201b1a37b2198935452be9821b5bd052fa1c7b.json]]
]]>
</system-out>
</testcase>
<testcase name="A2-个人中心与设置页精细交互 › PROFILE-SET-004 设置页目标院校删除与注销撤销状态可自动验证" classname="13-profile-settings-actions.spec.js" time="3.548">
<system-out>
<![CDATA[
[[ATTACHMENT|../../test-results/e2e-compat/13-profile-settings-action-1653f-T-004-设置页目标院校删除与注销撤销状态可自动验证-mobile-390x844/attachments/network-log-fe01bce620c63d8760ce66ad9717ad49ee240811.json]]
]]>
</system-out>
</testcase>
</testsuite>
<testsuite name="14-share-and-native-fallbacks.spec.js" timestamp="2026-03-17T03:27:17.303Z" hostname="mobile-390x844" tests="3" failures="0" skipped="0" time="6.521" errors="0">
<testcase name="A2-分享与原生降级链路 › SHARE-001 首页每日金句分享面板可打开并关闭" classname="14-share-and-native-fallbacks.spec.js" time="2.201">
<system-out>
<![CDATA[
[[ATTACHMENT|../../test-results/e2e-compat/14-share-and-native-fallba-a3676--SHARE-001-首页每日金句分享面板可打开并关闭-mobile-390x844/attachments/network-log-daa069a91173928054264d8ca531c9180c501c84.json]]
]]>
</system-out>
</testcase>
<testcase name="A2-分享与原生降级链路 › SHARE-002 院校详情页分享按钮在 H5 下优先分享，失败时回退复制" classname="14-share-and-native-fallbacks.spec.js" time="1.693">
<system-out>
<![CDATA[
[[ATTACHMENT|../../test-results/e2e-compat/14-share-and-native-fallba-4204c-院校详情页分享按钮在-H5-下优先分享，失败时回退复制-mobile-390x844/attachments/network-log-dd4dd7e77e27ef66ab06e0220439c6c6e00496d1.json]]
]]>
</system-out>
</testcase>
<testcase name="A2-分享与原生降级链路 › SHARE-003 登录页隐私政策与用户协议链接持续可访问" classname="14-share-and-native-fallbacks.spec.js" time="2.627">
<system-out>
<![CDATA[
[[ATTACHMENT|../../test-results/e2e-compat/14-share-and-native-fallba-9ed2d-ARE-003-登录页隐私政策与用户协议链接持续可访问-mobile-390x844/attachments/network-log-ab9531d25cfaf9339074214986f72a26b5d6be56.json]]
]]>
</system-out>
</testcase>
</testsuite>
<testsuite name="15-long-tail-pages.spec.js" timestamp="2026-03-17T03:27:17.303Z" hostname="mobile-390x844" tests="5" failures="0" skipped="0" time="13.652" errors="0">
<testcase name="A2-长尾页面深度回归 › LONG-001 收藏页支持答案展开、笔记保存与跳转练习" classname="15-long-tail-pages.spec.js" time="2.574">
<system-out>
<![CDATA[
[[ATTACHMENT|../../test-results/e2e-compat/15-long-tail-pages-A2-长尾页面深度回归-LONG-001-收藏页支持答案展开、笔记保存与跳转练习-mobile-390x844/attachments/network-log-ce8c091a0367cc47fe5c9958c3e64c8897c8f9a7.json]]
]]>
</system-out>
</testcase>
<testcase name="A2-长尾页面深度回归 › LONG-002 文件管理页支持查看文件信息、删除与清空" classname="15-long-tail-pages.spec.js" time="1.943">
<system-out>
<![CDATA[
[[ATTACHMENT|../../test-results/e2e-compat/15-long-tail-pages-A2-长尾页面深度回归-LONG-002-文件管理页支持查看文件信息、删除与清空-mobile-390x844/attachments/network-log-f6b97ddb28d3d55e9b99998fb0561d75b3567a31.json]]
]]>
</system-out>
</testcase>
<testcase name="A2-长尾页面深度回归 › LONG-003 好友页支持搜索加好友、查看资料与删除好友" classname="15-long-tail-pages.spec.js" time="4.488">
<system-out>
<![CDATA[
[[ATTACHMENT|../../test-results/e2e-compat/15-long-tail-pages-A2-长尾页面深度回归-LONG-003-好友页支持搜索加好友、查看资料与删除好友-mobile-390x844/attachments/network-log-e015413924a1f7edb2761d46936313548393a3eb.json]]
]]>
</system-out>
</testcase>
<testcase name="A2-长尾页面深度回归 › LONG-004 知识图谱支持掌握度查看、节点详情与练习跳转" classname="15-long-tail-pages.spec.js" time="2.459">
<system-out>
<![CDATA[
[[ATTACHMENT|../../test-results/e2e-compat/15-long-tail-pages-A2-长尾页面-631ed-G-004-知识图谱支持掌握度查看、节点详情与练习跳转-mobile-390x844/attachments/network-log-ce7bcdd54573d948182a5322877e167a43dd7fd6.json]]
]]>
</system-out>
</testcase>
<testcase name="A2-长尾页面深度回归 › LONG-005 学习计划支持详情查看、智能调整与删除" classname="15-long-tail-pages.spec.js" time="2.188">
<system-out>
<![CDATA[
[[ATTACHMENT|../../test-results/e2e-compat/15-long-tail-pages-A2-长尾页面深度回归-LONG-005-学习计划支持详情查看、智能调整与删除-mobile-390x844/attachments/network-log-a2e36eb4aa73b9acab9ca8d2ecf20d63eca809ee.json]]
]]>
</system-out>
</testcase>
</testsuite>
<testsuite name="16-gap-coverage.spec.js" timestamp="2026-03-17T03:27:17.303Z" hostname="mobile-390x844" tests="15" failures="0" skipped="0" time="81.969" errors="0">
<testcase name="GAP-P0 核心流程补充 › GAP-01 择校完整流程: 填表→提交→AI推荐→院校详情" classname="16-gap-coverage.spec.js" time="17.629">
<system-out>
<![CDATA[
[[ATTACHMENT|../../test-results/e2e-compat/16-gap-coverage-GAP-P0-核心流程补充-GAP-01-择校完整流程-填表→提交→AI推荐→院校详情-mobile-390x844/attachments/gap-01-school-full-flow-78b2f459c815bba4d6126dca5003fef3a0295282.png]]

[[ATTACHMENT|../../test-results/e2e-compat/16-gap-coverage-GAP-P0-核心流程补充-GAP-01-择校完整流程-填表→提交→AI推荐→院校详情-mobile-390x844/attachments/network-log-e98733d7e091a1621bb661367876e60689848141.json]]
]]>
</system-out>
</testcase>
<testcase name="GAP-P0 核心流程补充 › GAP-02 错题本: 页面可达且空状态正确展示" classname="16-gap-coverage.spec.js" time="1.543">
<system-out>
<![CDATA[
[[ATTACHMENT|../../test-results/e2e-compat/16-gap-coverage-GAP-P0-核心流程补充-GAP-02-错题本-页面可达且空状态正确展示-mobile-390x844/attachments/gap-02-mistake-book-7b999fc0ce9c58b3731297266ce21dfab05d8edd.png]]

[[ATTACHMENT|../../test-results/e2e-compat/16-gap-coverage-GAP-P0-核心流程补充-GAP-02-错题本-页面可达且空状态正确展示-mobile-390x844/attachments/network-log-d689dadf875cbd5c0dc0d3f70c6881f425e41a96.json]]
]]>
</system-out>
</testcase>
<testcase name="GAP-P0 核心流程补充 › GAP-05 Token过期: 清除token后访问需登录页应重定向或提示" classname="16-gap-coverage.spec.js" time="2.181">
<system-out>
<![CDATA[
[[ATTACHMENT|../../test-results/e2e-compat/16-gap-coverage-GAP-P0-核心流-829bf-ken过期-清除token后访问需登录页应重定向或提示-mobile-390x844/attachments/gap-05-token-expired-d7ac3d45635510c0eeb18e59207380fe65f86e5a.png]]

[[ATTACHMENT|../../test-results/e2e-compat/16-gap-coverage-GAP-P0-核心流-829bf-ken过期-清除token后访问需登录页应重定向或提示-mobile-390x844/attachments/network-log-3f9f3680f979b6f8d0c3d027a1b1eb968a601c38.json]]
]]>
</system-out>
</testcase>
<testcase name="GAP-P0 核心流程补充 › GAP-07 做题进度恢复: 有题库时进入做题页可看到进度UI" classname="16-gap-coverage.spec.js" time="2.132">
<system-out>
<![CDATA[
[[ATTACHMENT|../../test-results/e2e-compat/16-gap-coverage-GAP-P0-核心流程补充-GAP-07-做题进度恢复-有题库时进入做题页可看到进度UI-mobile-390x844/attachments/gap-07-quiz-progress-ffd2255a6b2a25ab63875d5bdbec1d0431391169.png]]

[[ATTACHMENT|../../test-results/e2e-compat/16-gap-coverage-GAP-P0-核心流程补充-GAP-07-做题进度恢复-有题库时进入做题页可看到进度UI-mobile-390x844/attachments/network-log-87b307c98b50e27235980fd6f048be84c12512bb.json]]
]]>
</system-out>
</testcase>
<testcase name="GAP-P0 核心流程补充 › GAP-13 XSS防护: 聊天输入脚本标签不会执行" classname="16-gap-coverage.spec.js" time="3.055">
<system-out>
<![CDATA[
[[ATTACHMENT|../../test-results/e2e-compat/16-gap-coverage-GAP-P0-核心流程补充-GAP-13-XSS防护-聊天输入脚本标签不会执行-mobile-390x844/attachments/gap-13-xss-prevention-dcdc3a405c26beac9fc26d2b9aaa0891eb392ec9.png]]

[[ATTACHMENT|../../test-results/e2e-compat/16-gap-coverage-GAP-P0-核心流程补充-GAP-13-XSS防护-聊天输入脚本标签不会执行-mobile-390x844/attachments/network-log-9822b77ea2a39569650d1782d314502e4b9968ac.json]]
]]>
</system-out>
</testcase>
<testcase name="GAP-P0 核心流程补充 › GAP-14 未登录访问需登录页: 应显示登录提示或降级" classname="16-gap-coverage.spec.js" time="4">
<system-out>
<![CDATA[
[[ATTACHMENT|../../test-results/e2e-compat/16-gap-coverage-GAP-P0-核心流程补充-GAP-14-未登录访问需登录页-应显示登录提示或降级-mobile-390x844/attachments/gap-14-unauthenticated-access-e155f1d4367d90a9a64d2a169bdca929f4c67de9.png]]

[[ATTACHMENT|../../test-results/e2e-compat/16-gap-coverage-GAP-P0-核心流程补充-GAP-14-未登录访问需登录页-应显示登录提示或降级-mobile-390x844/attachments/network-log-d647a2ac8ffeb977a33710217e3376f03f6949d8.json]]
]]>
</system-out>
</testcase>
<testcase name="GAP-P1 次要流程补充 › GAP-03 PK对战: 页面可达且核心UI元素存在" classname="16-gap-coverage.spec.js" time="2.774">
<system-out>
<![CDATA[
[[ATTACHMENT|../../test-results/e2e-compat/16-gap-coverage-GAP-P1-次要流程补充-GAP-03-PK对战-页面可达且核心UI元素存在-mobile-390x844/attachments/gap-03-pk-battle-ae8ed7a7c814e510701bd0043293de8c15318524.png]]

[[ATTACHMENT|../../test-results/e2e-compat/16-gap-coverage-GAP-P1-次要流程补充-GAP-03-PK对战-页面可达且核心UI元素存在-mobile-390x844/attachments/network-log-e6e3893d4f191bb46826a56e2f87132234f6a7a5.json]]
]]>
</system-out>
</testcase>
<testcase name="GAP-P1 次要流程补充 › GAP-04 模拟考试: 页面可达且核心UI元素存在" classname="16-gap-coverage.spec.js" time="2.655">
<system-out>
<![CDATA[
[[ATTACHMENT|../../test-results/e2e-compat/16-gap-coverage-GAP-P1-次要流程补充-GAP-04-模拟考试-页面可达且核心UI元素存在-mobile-390x844/attachments/gap-04-mock-exam-3f6e0f34b0b8e3a85b670bf5698d2464f38dd68d.png]]

[[ATTACHMENT|../../test-results/e2e-compat/16-gap-coverage-GAP-P1-次要流程补充-GAP-04-模拟考试-页面可达且核心UI元素存在-mobile-390x844/attachments/network-log-20ea958e6c102f28230b07cbc36c5f03a9f6d998.json]]
]]>
</system-out>
</testcase>
<testcase name="GAP-P1 次要流程补充 › GAP-06 接口超时: 页面显示loading或超时提示而非白屏" classname="16-gap-coverage.spec.js" time="2.421">
<system-out>
<![CDATA[
[[ATTACHMENT|../../test-results/e2e-compat/16-gap-coverage-GAP-P1-次要流-8ed78-6-接口超时-页面显示loading或超时提示而非白屏-mobile-390x844/attachments/gap-06-api-timeout-c6aa0146f1f4fb8ebc27a2e8abea389cc42135d9.png]]

[[ATTACHMENT|../../test-results/e2e-compat/16-gap-coverage-GAP-P1-次要流-8ed78-6-接口超时-页面显示loading或超时提示而非白屏-mobile-390x844/attachments/network-log-3f93bdee45cb5ba7b49f8809de90ce461e9b5b35.json]]
]]>
</system-out>
</testcase>
<testcase name="GAP-P1 次要流程补充 › GAP-08 学习计划创建: 表单可填写且保存按钮可点击" classname="16-gap-coverage.spec.js" time="11.997">
<system-out>
<![CDATA[
[[ATTACHMENT|../../test-results/e2e-compat/16-gap-coverage-GAP-P1-次要流程补充-GAP-08-学习计划创建-表单可填写且保存按钮可点击-mobile-390x844/attachments/gap-08-plan-create-form-95ecb37c6515f6a04ab865901d7002c46bdc9e77.png]]

[[ATTACHMENT|../../test-results/e2e-compat/16-gap-coverage-GAP-P1-次要流程补充-GAP-08-学习计划创建-表单可填写且保存按钮可点击-mobile-390x844/attachments/network-log-cd3cd06f87858227783c0aac9a544d66dcc0f8aa.json]]
]]>
</system-out>
</testcase>
<testcase name="GAP-P1 次要流程补充 › GAP-09 首页下拉刷新: 触发后页面不崩溃" classname="16-gap-coverage.spec.js" time="4.328">
<system-out>
<![CDATA[
[[ATTACHMENT|../../test-results/e2e-compat/16-gap-coverage-GAP-P1-次要流程补充-GAP-09-首页下拉刷新-触发后页面不崩溃-mobile-390x844/attachments/gap-09-pull-refresh-c24ec072dc1859b2ca5a609d0501d7909c8aa628.png]]

[[ATTACHMENT|../../test-results/e2e-compat/16-gap-coverage-GAP-P1-次要流程补充-GAP-09-首页下拉刷新-触发后页面不崩溃-mobile-390x844/attachments/network-log-806a85a8e4b2b5d8e745a90f97419e04b905d3df.json]]
]]>
</system-out>
</testcase>
<testcase name="GAP-P1 次要流程补充 › GAP-10 聊天页滑动: 页面可滑动且不崩溃" classname="16-gap-coverage.spec.js" time="3.056">
<system-out>
<![CDATA[
[[ATTACHMENT|../../test-results/e2e-compat/16-gap-coverage-GAP-P1-次要流程补充-GAP-10-聊天页滑动-页面可滑动且不崩溃-mobile-390x844/attachments/gap-10-chat-scroll-1d7dd5328a67ec5cddcf09a457c85d7dbc0e0fad.png]]

[[ATTACHMENT|../../test-results/e2e-compat/16-gap-coverage-GAP-P1-次要流程补充-GAP-10-聊天页滑动-页面可滑动且不崩溃-mobile-390x844/attachments/network-log-5b593850167542017df506c42ade801e4647d6a7.json]]
]]>
</system-out>
</testcase>
<testcase name="GAP-P1 次要流程补充 › GAP-11 375px布局: 关键页面无水平溢出" classname="16-gap-coverage.spec.js" time="5.311">
<system-out>
<![CDATA[
[[ATTACHMENT|../../test-results/e2e-compat/16-gap-coverage-GAP-P1-次要流程补充-GAP-11-375px布局-关键页面无水平溢出-mobile-390x844/attachments/gap-11-375px-compat-01735ff23b01f6f1e649353eb7ca0031c784ba46.png]]

[[ATTACHMENT|../../test-results/e2e-compat/16-gap-coverage-GAP-P1-次要流程补充-GAP-11-375px布局-关键页面无水平溢出-mobile-390x844/attachments/network-log-5b0e90fa7185474f21a4b2494498cb12271d1380.json]]
]]>
</system-out>
</testcase>
<testcase name="GAP-P1 次要流程补充 › GAP-15 空题库: 各页面空状态正确展示" classname="16-gap-coverage.spec.js" time="13.868">
<system-out>
<![CDATA[
[[ATTACHMENT|../../test-results/e2e-compat/16-gap-coverage-GAP-P1-次要流程补充-GAP-15-空题库-各页面空状态正确展示-mobile-390x844/attachments/gap-15-empty-state-6c225e8d7c615e7e7d72973a885637e427497c81.png]]

[[ATTACHMENT|../../test-results/e2e-compat/16-gap-coverage-GAP-P1-次要流程补充-GAP-15-空题库-各页面空状态正确展示-mobile-390x844/attachments/network-log-2053a0ed2675925e57196257c2013fe91b80fedd.json]]
]]>
</system-out>
</testcase>
<testcase name="GAP-P2 兼容性补充 › GAP-12 414px布局: 关键页面无水平溢出" classname="16-gap-coverage.spec.js" time="5.019">
<system-out>
<![CDATA[
[[ATTACHMENT|../../test-results/e2e-compat/16-gap-coverage-GAP-P2-兼容性补充-GAP-12-414px布局-关键页面无水平溢出-mobile-390x844/attachments/gap-12-414px-compat-81e150b57d38e5b2943eda517743c996d394cb91.png]]

[[ATTACHMENT|../../test-results/e2e-compat/16-gap-coverage-GAP-P2-兼容性补充-GAP-12-414px布局-关键页面无水平溢出-mobile-390x844/attachments/network-log-ab90b58c39acec706d56eaeedc8ab792586c2e99.json]]
]]>
</system-out>
</testcase>
</testsuite>
<testsuite name="17-deep-feature-flows.spec.js" timestamp="2026-03-17T03:27:17.303Z" hostname="mobile-390x844" tests="7" failures="0" skipped="0" time="22.915" errors="0">
<testcase name="深度功能流程 — 真实用户操作模拟 › DEEP-01 上传题库完整流程: 选文件→解析→生成题目→进入刷题" classname="17-deep-feature-flows.spec.js" time="2.977">
<system-out>
<![CDATA[
[[ATTACHMENT|../../test-results/e2e-compat/17-deep-feature-flows-深度功能-958c3-1-上传题库完整流程-选文件→解析→生成题目→进入刷题-mobile-390x844/attachments/deep-01-import-data-flow-9e7a18fa96fd4787214e03dca5a93f98c58f7a70.png]]

[[ATTACHMENT|../../test-results/e2e-compat/17-deep-feature-flows-深度功能-958c3-1-上传题库完整流程-选文件→解析→生成题目→进入刷题-mobile-390x844/attachments/network-log-6a40f3d413a93cb0c39243fcf3114b9b55c6aece.json]]
]]>
</system-out>
</testcase>
<testcase name="深度功能流程 — 真实用户操作模拟 › DEEP-02 拍照搜题完整流程: 选图→识别→显示结果→AI解析" classname="17-deep-feature-flows.spec.js" time="2.238">
<system-out>
<![CDATA[
[[ATTACHMENT|../../test-results/e2e-compat/17-deep-feature-flows-深度功能-d068d-02-拍照搜题完整流程-选图→识别→显示结果→AI解析-mobile-390x844/attachments/deep-02-photo-search-flow-fa7d078510f2741a3f046bbd38fd9109b2e35608.png]]

[[ATTACHMENT|../../test-results/e2e-compat/17-deep-feature-flows-深度功能-d068d-02-拍照搜题完整流程-选图→识别→显示结果→AI解析-mobile-390x844/attachments/network-log-59b6f38e7aa9afc46e3f96db9f91b54c1135fc08.json]]
]]>
</system-out>
</testcase>
<testcase name="深度功能流程 — 真实用户操作模拟 › DEEP-03 文档转换完整流程: 选文件→选格式→转换→轮询→结果" classname="17-deep-feature-flows.spec.js" time="2.647">
<system-out>
<![CDATA[
[[ATTACHMENT|../../test-results/e2e-compat/17-deep-feature-flows-深度功能-b7ca1-3-文档转换完整流程-选文件→选格式→转换→轮询→结果-mobile-390x844/attachments/deep-03-doc-convert-flow-dad5c252180300fbb05150a3ff4823f76ff1fb2b.png]]

[[ATTACHMENT|../../test-results/e2e-compat/17-deep-feature-flows-深度功能-b7ca1-3-文档转换完整流程-选文件→选格式→转换→轮询→结果-mobile-390x844/attachments/network-log-190d332c5ef60e6cae34f3f89965928786e62f72.json]]
]]>
</system-out>
</testcase>
<testcase name="深度功能流程 — 真实用户操作模拟 › DEEP-04 证件照完整流程: 选照片→选尺寸→选颜色→制作→保存" classname="17-deep-feature-flows.spec.js" time="2.471">
<system-out>
<![CDATA[
[[ATTACHMENT|../../test-results/e2e-compat/17-deep-feature-flows-深度功能-4938d-4-证件照完整流程-选照片→选尺寸→选颜色→制作→保存-mobile-390x844/attachments/deep-04-id-photo-flow-c22cfdba89a7fb7f91c66803332576ba4de894a6.png]]

[[ATTACHMENT|../../test-results/e2e-compat/17-deep-feature-flows-深度功能-4938d-4-证件照完整流程-选照片→选尺寸→选颜色→制作→保存-mobile-390x844/attachments/network-log-af0cbcf400e024154f5ec377f13f573c4baf99ed.json]]
]]>
</system-out>
</testcase>
<testcase name="深度功能流程 — 真实用户操作模拟 › DEEP-05 AI聊天完整流程: 输入→发送→等待→回复→重试" classname="17-deep-feature-flows.spec.js" time="4.32">
<system-out>
<![CDATA[
[[ATTACHMENT|../../test-results/e2e-compat/17-deep-feature-flows-深度功能-9279c--05-AI聊天完整流程-输入→发送→等待→回复→重试-mobile-390x844/attachments/deep-05-chat-flow-94ea2ab6e5a03a2e7b59e918f1efc2a9044ba5dd.png]]

[[ATTACHMENT|../../test-results/e2e-compat/17-deep-feature-flows-深度功能-9279c--05-AI聊天完整流程-输入→发送→等待→回复→重试-mobile-390x844/attachments/network-log-1c6ad0161fb9add8f41d9a27981df096fcc5c96d.json]]
]]>
</system-out>
</testcase>
<testcase name="深度功能流程 — 真实用户操作模拟 › DEEP-06 语音输入流程: 验证录音按钮和权限提示" classname="17-deep-feature-flows.spec.js" time="1.926">
<system-out>
<![CDATA[
[[ATTACHMENT|../../test-results/e2e-compat/17-deep-feature-flows-深度功能-846b8--DEEP-06-语音输入流程-验证录音按钮和权限提示-mobile-390x844/attachments/deep-06-voice-input-ui-0c074693794e7fc6b58834c765351e1c5bd48fbf.png]]

[[ATTACHMENT|../../test-results/e2e-compat/17-deep-feature-flows-深度功能-846b8--DEEP-06-语音输入流程-验证录音按钮和权限提示-mobile-390x844/attachments/network-log-d1d8d7e81f916de9967a0769d9f6702a85ae2242.json]]
]]>
</system-out>
</testcase>
<testcase name="深度功能流程 — 真实用户操作模拟 › DEEP-07 完整刷题流程: 有题库→开始刷题→答题→查看解析→下一题" classname="17-deep-feature-flows.spec.js" time="6.336">
<system-out>
<![CDATA[
[[ATTACHMENT|../../test-results/e2e-compat/17-deep-feature-flows-深度功能-b9958-完整刷题流程-有题库→开始刷题→答题→查看解析→下一题-mobile-390x844/attachments/deep-07-quiz-full-flow-03ca89a23d038874c95b6ced229fc5a72f85aab3.png]]

[[ATTACHMENT|../../test-results/e2e-compat/17-deep-feature-flows-深度功能-b9958-完整刷题流程-有题库→开始刷题→答题→查看解析→下一题-mobile-390x844/attachments/network-log-081a260a3e4b5e6017d025b5070c215f7cbb362f.json]]
]]>
</system-out>
</testcase>
</testsuite>
<testsuite name="00-smoke.spec.js" timestamp="2026-03-17T03:27:17.303Z" hostname="mobile-375x667" tests="3" failures="0" skipped="0" time="15.941" errors="0">
<testcase name="A2-冒烟测试 › SMOKE-001 应用启动并显示首页结构" classname="00-smoke.spec.js" time="1.961">
<system-out>
<![CDATA[
[[ATTACHMENT|../../test-results/e2e-compat/00-smoke-A2-冒烟测试-SMOKE-001-应用启动并显示首页结构-mobile-375x667/attachments/smoke-home-ba3893132e3fc25e3910b5670747f6a2170d7e76.png]]

[[ATTACHMENT|../../test-results/e2e-compat/00-smoke-A2-冒烟测试-SMOKE-001-应用启动并显示首页结构-mobile-375x667/attachments/network-log-cf0f4683c8cd1c84e53548033f5651427b9575af.json]]
]]>
</system-out>
</testcase>
<testcase name="A2-冒烟测试 › SMOKE-002 刷题页关键入口可见" classname="00-smoke.spec.js" time="11.817">
<system-out>
<![CDATA[
[[ATTACHMENT|../../test-results/e2e-compat/00-smoke-A2-冒烟测试-SMOKE-002-刷题页关键入口可见-mobile-375x667/attachments/smoke-practice-3a9cc67d2253e9b721148df1e73ac605d6383596.png]]

[[ATTACHMENT|../../test-results/e2e-compat/00-smoke-A2-冒烟测试-SMOKE-002-刷题页关键入口可见-mobile-375x667/attachments/network-log-b3af95e9fb6812754f98503968525c9e6dfe737e.json]]
]]>
</system-out>
</testcase>
<testcase name="A2-冒烟测试 › SMOKE-003 择校页表单可操作" classname="00-smoke.spec.js" time="2.163">
<system-out>
<![CDATA[
[[ATTACHMENT|../../test-results/e2e-compat/00-smoke-A2-冒烟测试-SMOKE-003-择校页表单可操作-mobile-375x667/attachments/smoke-school-dea6de7d6dbcb7ae6ca3fd21c0ff132e6c81bf2f.png]]

[[ATTACHMENT|../../test-results/e2e-compat/00-smoke-A2-冒烟测试-SMOKE-003-择校页表单可操作-mobile-375x667/attachments/network-log-78f975c778da8739b744e13e9a2c5d3e0ef42bb8.json]]
]]>
</system-out>
</testcase>
</testsuite>
<testsuite name="01-core-flow.spec.js" timestamp="2026-03-17T03:27:17.303Z" hostname="mobile-375x667" tests="3" failures="0" skipped="0" time="36.899" errors="0">
<testcase name="A2-核心流程 › CORE-001 登录页可输入并触发登录动作" classname="01-core-flow.spec.js" time="13.082">
<system-out>
<![CDATA[
[[ATTACHMENT|../../test-results/e2e-compat/01-core-flow-A2-核心流程-CORE-001-登录页可输入并触发登录动作-mobile-375x667/attachments/core-login-input-1a3cdcbb461cc46fce269ed7582b990955555acb.png]]

[[ATTACHMENT|../../test-results/e2e-compat/01-core-flow-A2-核心流程-CORE-001-登录页可输入并触发登录动作-mobile-375x667/attachments/network-log-d3917e98685e50083fa6c658650e48ad04c1f9cd.json]]
]]>
</system-out>
</testcase>
<testcase name="A2-核心流程 › CORE-002 登录后进入刷题页并打开做题页" classname="01-core-flow.spec.js" time="22.323">
<system-out>
<![CDATA[
[[ATTACHMENT|../../test-results/e2e-compat/01-core-flow-A2-核心流程-CORE-002-登录后进入刷题页并打开做题页-mobile-375x667/attachments/core-practice-to-quiz-693b3dcd40447b85276205b1b9333a4d9b2b19f0.png]]

[[ATTACHMENT|../../test-results/e2e-compat/01-core-flow-A2-核心流程-CORE-002-登录后进入刷题页并打开做题页-mobile-375x667/attachments/network-log-6d1bbd2639520dd8eed218cb863f71386503cb1a.json]]
]]>
</system-out>
</testcase>
<testcase name="A2-核心流程 › CORE-003 学习计划结果页可达" classname="01-core-flow.spec.js" time="1.494">
<system-out>
<![CDATA[
[[ATTACHMENT|../../test-results/e2e-compat/01-core-flow-A2-核心流程-CORE-003-学习计划结果页可达-mobile-375x667/attachments/core-plan-result-page-297512fcf5530e5958847d7eb61fb92e827cb885.png]]

[[ATTACHMENT|../../test-results/e2e-compat/01-core-flow-A2-核心流程-CORE-003-学习计划结果页可达-mobile-375x667/attachments/network-log-8abfa58766f536ad28d9a7f92be99b73ce615333.json]]
]]>
</system-out>
</testcase>
</testsuite>
<testsuite name="02-exception-flow.spec.js" timestamp="2026-03-17T03:27:17.303Z" hostname="mobile-375x667" tests="5" failures="0" skipped="0" time="34.16" errors="0">
<testcase name="A2-异常流程 › EXC-001 择校空输入触发前端校验" classname="02-exception-flow.spec.js" time="1.617">
<system-out>
<![CDATA[
[[ATTACHMENT|../../test-results/e2e-compat/02-exception-flow-A2-异常流程-EXC-001-择校空输入触发前端校验-mobile-375x667/attachments/exception-school-empty-input-c3a5faa2f87aa9a4b978793f958237a223b81258.png]]

[[ATTACHMENT|../../test-results/e2e-compat/02-exception-flow-A2-异常流程-EXC-001-择校空输入触发前端校验-mobile-375x667/attachments/network-log-d018ab9e394ecd4c28c4050c6f73c91cfca1db1f.json]]
]]>
</system-out>
</testcase>
<testcase name="A2-异常流程 › EXC-002 文档转换未选文件不能提交" classname="02-exception-flow.spec.js" time="11.634">
<system-out>
<![CDATA[
[[ATTACHMENT|../../test-results/e2e-compat/02-exception-flow-A2-异常流程-EXC-002-文档转换未选文件不能提交-mobile-375x667/attachments/exception-doc-convert-empty-file-1d815c8b83b0d0fda168ecb3b0d7b0c2bdc30bc0.png]]

[[ATTACHMENT|../../test-results/e2e-compat/02-exception-flow-A2-异常流程-EXC-002-文档转换未选文件不能提交-mobile-375x667/attachments/network-log-fdba2d2faa0e13be8e71a350982935d80e04e2e7.json]]
]]>
</system-out>
</testcase>
<testcase name="A2-异常流程 › EXC-003 断网后恢复可继续交互" classname="02-exception-flow.spec.js" time="2.52">
<system-out>
<![CDATA[
[[ATTACHMENT|../../test-results/e2e-compat/02-exception-flow-A2-异常流程-EXC-003-断网后恢复可继续交互-mobile-375x667/attachments/exception-photo-offline-6affaf33d8d50f3db2129337e85bf4564da00e88.png]]

[[ATTACHMENT|../../test-results/e2e-compat/02-exception-flow-A2-异常流程-EXC-003-断网后恢复可继续交互-mobile-375x667/attachments/exception-photo-recovered-b3f3155341853bf504b929520b00e6fc550e4752.png]]

[[ATTACHMENT|../../test-results/e2e-compat/02-exception-flow-A2-异常流程-EXC-003-断网后恢复可继续交互-mobile-375x667/attachments/network-log-dbd8b3de2fd2838ab0a59cb5888276baa53f46c5.json]]
]]>
</system-out>
</testcase>
<testcase name="A2-异常流程 › EXC-004 弱网场景页面仍可响应" classname="02-exception-flow.spec.js" time="14.252">
<system-out>
<![CDATA[
[[ATTACHMENT|../../test-results/e2e-compat/02-exception-flow-A2-异常流程-EXC-004-弱网场景页面仍可响应-mobile-375x667/attachments/exception-weak-network-chat-9d9d20d53000d113666c253da974c57d6512449e.png]]

[[ATTACHMENT|../../test-results/e2e-compat/02-exception-flow-A2-异常流程-EXC-004-弱网场景页面仍可响应-mobile-375x667/attachments/network-log-521acd6b03d89b016b3d948cacaf8cb089a0d920.json]]
]]>
</system-out>
</testcase>
<testcase name="A2-异常流程 › EXC-005 智能接口500时聊天页可降级并保持可交互" classname="02-exception-flow.spec.js" time="4.137">
<system-out>
<![CDATA[
[[ATTACHMENT|../../test-results/e2e-compat/02-exception-flow-A2-异常流程-EXC-005-智能接口500时聊天页可降级并保持可交互-mobile-375x667/attachments/exception-chat-api-500-fallback-bcb83408633fff8c92b70cbef5aebc4c8b0cb33a.png]]

[[ATTACHMENT|../../test-results/e2e-compat/02-exception-flow-A2-异常流程-EXC-005-智能接口500时聊天页可降级并保持可交互-mobile-375x667/attachments/network-log-89e612d4784a87511f01fbc7dbc0c36c832890db.json]]
]]>
</system-out>
</testcase>
</testsuite>
<testsuite name="03-state-recovery.spec.js" timestamp="2026-03-17T03:27:17.303Z" hostname="mobile-375x667" tests="5" failures="0" skipped="0" time="12.522" errors="0">
<testcase name="A2-状态恢复与幂等 › STATE-001 返回键可回到上一页" classname="03-state-recovery.spec.js" time="2.634">
<system-out>
<![CDATA[
[[ATTACHMENT|../../test-results/e2e-compat/03-state-recovery-A2-状态恢复与幂等-STATE-001-返回键可回到上一页-mobile-375x667/attachments/state-back-navigation-048e750120dbdab7220233a0356253ca73facb60.png]]

[[ATTACHMENT|../../test-results/e2e-compat/03-state-recovery-A2-状态恢复与幂等-STATE-001-返回键可回到上一页-mobile-375x667/attachments/network-log-b58fe1b8a76197bfb776f0ef8351fe03c5233142.json]]
]]>
</system-out>
</testcase>
<testcase name="A2-状态恢复与幂等 › STATE-002 快速重复点击不会导致崩溃" classname="03-state-recovery.spec.js" time="2.12">
<system-out>
<![CDATA[
[[ATTACHMENT|../../test-results/e2e-compat/03-state-recovery-A2-状态恢复与幂等-STATE-002-快速重复点击不会导致崩溃-mobile-375x667/attachments/state-rapid-click-d10bf18395c901cf17d51ae1bbd82aae8c8e17c1.png]]

[[ATTACHMENT|../../test-results/e2e-compat/03-state-recovery-A2-状态恢复与幂等-STATE-002-快速重复点击不会导致崩溃-mobile-375x667/attachments/network-log-f37cc3557e696630525897c92e04976033a27f65.json]]
]]>
</system-out>
</testcase>
<testcase name="A2-状态恢复与幂等 › STATE-003 切后台再回来页面仍可继续操作" classname="03-state-recovery.spec.js" time="2.57">
<system-out>
<![CDATA[
[[ATTACHMENT|../../test-results/e2e-compat/03-state-recovery-A2-状态恢复与幂等-STATE-003-切后台再回来页面仍可继续操作-mobile-375x667/attachments/state-background-resume-24677f93e1b5527f874f47f987c9653061fcf22a.png]]

[[ATTACHMENT|../../test-results/e2e-compat/03-state-recovery-A2-状态恢复与幂等-STATE-003-切后台再回来页面仍可继续操作-mobile-375x667/attachments/network-log-007e8987b33f7570a778024935d5a8c783a5acc5.json]]
]]>
</system-out>
</testcase>
<testcase name="A2-状态恢复与幂等 › STATE-004 刷新后保留基础会话数据" classname="03-state-recovery.spec.js" time="2.062">
<system-out>
<![CDATA[
[[ATTACHMENT|../../test-results/e2e-compat/03-state-recovery-A2-状态恢复与幂等-STATE-004-刷新后保留基础会话数据-mobile-375x667/attachments/state-refresh-session-38609762bb47e5504188c357e9682dba191b4456.png]]

[[ATTACHMENT|../../test-results/e2e-compat/03-state-recovery-A2-状态恢复与幂等-STATE-004-刷新后保留基础会话数据-mobile-375x667/attachments/network-log-d344fc93dd298d2fc4709e34bc61b0c0d14b2aa9.json]]
]]>
</system-out>
</testcase>
<testcase name="A2-状态恢复与幂等 › STATE-005 登录按钮快速多次点击仅触发一次请求" classname="03-state-recovery.spec.js" time="3.136">
<system-out>
<![CDATA[
[[ATTACHMENT|../../test-results/e2e-compat/03-state-recovery-A2-状态恢复与幂等-STATE-005-登录按钮快速多次点击仅触发一次请求-mobile-375x667/attachments/state-login-debounce-ea19e552ffd0209757fc88936e17df3a05dd8f2f.png]]

[[ATTACHMENT|../../test-results/e2e-compat/03-state-recovery-A2-状态恢复与幂等-STATE-005-登录按钮快速多次点击仅触发一次请求-mobile-375x667/attachments/network-log-6196338e4f142ea20d498b9b62e63f3eb601fd50.json]]
]]>
</system-out>
</testcase>
</testsuite>
<testsuite name="04-performance.spec.js" timestamp="2026-03-17T03:27:17.303Z" hostname="mobile-375x667" tests="2" failures="0" skipped="0" time="8.25" errors="0">
<testcase name="A2-基础性能门禁 › PERF-001 首页首屏时间低于阈值" classname="04-performance.spec.js" time="2.023">
<system-out>
<![CDATA[
[[ATTACHMENT|../../test-results/e2e-compat/04-performance-A2-基础性能门禁-PERF-001-首页首屏时间低于阈值-mobile-375x667/attachments/perf-first-screen-262ms-1316791eb7049bd9674c47045f9cfb9ab46f1596.png]]

[[ATTACHMENT|../../test-results/e2e-compat/04-performance-A2-基础性能门禁-PERF-001-首页首屏时间低于阈值-mobile-375x667/attachments/network-log-b1e1931daac458e7d16011af5ba8f2289f267c13.json]]
]]>
</system-out>
</testcase>
<testcase name="A2-基础性能门禁 › PERF-002 首页到刷题页交互响应低于阈值" classname="04-performance.spec.js" time="6.227">
<system-out>
<![CDATA[
[[ATTACHMENT|../../test-results/e2e-compat/04-performance-A2-基础性能门禁-PERF-002-首页到刷题页交互响应低于阈值-mobile-375x667/attachments/perf-home-to-practice-816ms-th1300-samples-830-816-c340d43dfb147fc809e94db6ff294118e19d2830.png]]

[[ATTACHMENT|../../test-results/e2e-compat/04-performance-A2-基础性能门禁-PERF-002-首页到刷题页交互响应低于阈值-mobile-375x667/attachments/network-log-80588f1568a34470b258aa5eade51461999a7f4c.json]]
]]>
</system-out>
</testcase>
</testsuite>
<testsuite name="05-high-risk-pages.spec.js" timestamp="2026-03-17T03:27:17.303Z" hostname="mobile-375x667" tests="11" failures="0" skipped="0" time="19.928" errors="0">
<testcase name="A2-高风险页面可达性 › HR-001 /pages/login/index 页面渲染" classname="05-high-risk-pages.spec.js" time="1.729">
<system-out>
<![CDATA[
[[ATTACHMENT|../../test-results/e2e-compat/05-high-risk-pages-A2-高风险页面可达性-HR-001-pages-login-index-页面渲染-mobile-375x667/attachments/risk--pages-login-index-9f53d0de0e4a89b3d45e75b4f6c7210ae42beed1.png]]

[[ATTACHMENT|../../test-results/e2e-compat/05-high-risk-pages-A2-高风险页面可达性-HR-001-pages-login-index-页面渲染-mobile-375x667/attachments/network-log-f23eb5c540a58ba0c1382009d4b20cac943d0889.json]]
]]>
</system-out>
</testcase>
<testcase name="A2-高风险页面可达性 › HR-002 /pages/school/index 页面渲染" classname="05-high-risk-pages.spec.js" time="1.811">
<system-out>
<![CDATA[
[[ATTACHMENT|../../test-results/e2e-compat/05-high-risk-pages-A2-高风险页-20208-002-pages-school-index-页面渲染-mobile-375x667/attachments/risk--pages-school-index-8557d7a9c714cbbe4a05322792abafe26b92da20.png]]

[[ATTACHMENT|../../test-results/e2e-compat/05-high-risk-pages-A2-高风险页-20208-002-pages-school-index-页面渲染-mobile-375x667/attachments/network-log-1da796a2bf5bc6af6493646de16a66c0ae39a95d.json]]
]]>
</system-out>
</testcase>
<testcase name="A2-高风险页面可达性 › HR-003 /pages/practice-sub/import-data 页面渲染" classname="05-high-risk-pages.spec.js" time="1.838">
<system-out>
<![CDATA[
[[ATTACHMENT|../../test-results/e2e-compat/05-high-risk-pages-A2-高风险页-c718a-actice-sub-import-data-页面渲染-mobile-375x667/attachments/risk--pages-practice-sub-import-data-e24fc93da01191596867f2cbd0866fdf1ab542a9.png]]

[[ATTACHMENT|../../test-results/e2e-compat/05-high-risk-pages-A2-高风险页-c718a-actice-sub-import-data-页面渲染-mobile-375x667/attachments/network-log-aa7c371ae4c14e56b687bf9e53361b42de9699bb.json]]
]]>
</system-out>
</testcase>
<testcase name="A2-高风险页面可达性 › HR-004 /pages/practice-sub/do-quiz 页面渲染" classname="05-high-risk-pages.spec.js" time="1.64">
<system-out>
<![CDATA[
[[ATTACHMENT|../../test-results/e2e-compat/05-high-risk-pages-A2-高风险页-97d14-s-practice-sub-do-quiz-页面渲染-mobile-375x667/attachments/risk--pages-practice-sub-do-quiz-7c6b85bb1eb4c5ee7cd939346023101779494650.png]]

[[ATTACHMENT|../../test-results/e2e-compat/05-high-risk-pages-A2-高风险页-97d14-s-practice-sub-do-quiz-页面渲染-mobile-375x667/attachments/network-log-5276a2bdda212dd9dcc1f91baaec622c440f4445.json]]
]]>
</system-out>
</testcase>
<testcase name="A2-高风险页面可达性 › HR-005 /pages/practice-sub/pk-battle 页面渲染" classname="05-high-risk-pages.spec.js" time="1.783">
<system-out>
<![CDATA[
[[ATTACHMENT|../../test-results/e2e-compat/05-high-risk-pages-A2-高风险页-cca1d-practice-sub-pk-battle-页面渲染-mobile-375x667/attachments/risk--pages-practice-sub-pk-battle-9003c71d1d45857ed6c567fa66ceb41a6b83dc1b.png]]

[[ATTACHMENT|../../test-results/e2e-compat/05-high-risk-pages-A2-高风险页-cca1d-practice-sub-pk-battle-页面渲染-mobile-375x667/attachments/network-log-ae9a60673c6943b3928e4ca17fd735c7caf63853.json]]
]]>
</system-out>
</testcase>
<testcase name="A2-高风险页面可达性 › HR-006 /pages/practice-sub/mock-exam 页面渲染" classname="05-high-risk-pages.spec.js" time="1.637">
<system-out>
<![CDATA[
[[ATTACHMENT|../../test-results/e2e-compat/05-high-risk-pages-A2-高风险页-fd119-practice-sub-mock-exam-页面渲染-mobile-375x667/attachments/risk--pages-practice-sub-mock-exam-0ed1a4476d2feb954d620e2cc6d8244a61f24b46.png]]

[[ATTACHMENT|../../test-results/e2e-compat/05-high-risk-pages-A2-高风险页-fd119-practice-sub-mock-exam-页面渲染-mobile-375x667/attachments/network-log-4a0a9ad7bf01312d7ab5f7264bf7e352cf471299.json]]
]]>
</system-out>
</testcase>
<testcase name="A2-高风险页面可达性 › HR-007 /pages/tools/doc-convert 页面渲染" classname="05-high-risk-pages.spec.js" time="2.097">
<system-out>
<![CDATA[
[[ATTACHMENT|../../test-results/e2e-compat/05-high-risk-pages-A2-高风险页-8ef29-ages-tools-doc-convert-页面渲染-mobile-375x667/attachments/risk--pages-tools-doc-convert-0ae9e2428f3b18f4cdc09811a9911f3a90dd6b7e.png]]

[[ATTACHMENT|../../test-results/e2e-compat/05-high-risk-pages-A2-高风险页-8ef29-ages-tools-doc-convert-页面渲染-mobile-375x667/attachments/network-log-986c5137a448925b3d72ab4a8929265008703e51.json]]
]]>
</system-out>
</testcase>
<testcase name="A2-高风险页面可达性 › HR-008 /pages/tools/photo-search 页面渲染" classname="05-high-risk-pages.spec.js" time="1.866">
<system-out>
<![CDATA[
[[ATTACHMENT|../../test-results/e2e-compat/05-high-risk-pages-A2-高风险页-c97f5-ges-tools-photo-search-页面渲染-mobile-375x667/attachments/risk--pages-tools-photo-search-22689ce58a2ddf2921c0891d3071f3744d3d7bfb.png]]

[[ATTACHMENT|../../test-results/e2e-compat/05-high-risk-pages-A2-高风险页-c97f5-ges-tools-photo-search-页面渲染-mobile-375x667/attachments/network-log-b0a86df8bf1655eb2f0e9b942d6c62844617645b.json]]
]]>
</system-out>
</testcase>
<testcase name="A2-高风险页面可达性 › HR-009 /pages/tools/id-photo 页面渲染" classname="05-high-risk-pages.spec.js" time="1.758">
<system-out>
<![CDATA[
[[ATTACHMENT|../../test-results/e2e-compat/05-high-risk-pages-A2-高风险页-8a85f-9-pages-tools-id-photo-页面渲染-mobile-375x667/attachments/risk--pages-tools-id-photo-d29721d798c75542c42c8d141b34c568214c00c8.png]]

[[ATTACHMENT|../../test-results/e2e-compat/05-high-risk-pages-A2-高风险页-8a85f-9-pages-tools-id-photo-页面渲染-mobile-375x667/attachments/network-log-56c73a2edbcae01141eb5b85392c3e2334c65178.json]]
]]>
</system-out>
</testcase>
<testcase name="A2-高风险页面可达性 › HR-010 /pages/settings/index 页面渲染" classname="05-high-risk-pages.spec.js" time="2.1">
<system-out>
<![CDATA[
[[ATTACHMENT|../../test-results/e2e-compat/05-high-risk-pages-A2-高风险页-c98ef-0-pages-settings-index-页面渲染-mobile-375x667/attachments/risk--pages-settings-index-e76fa1cf5244d2afade457a738103d787493649a.png]]

[[ATTACHMENT|../../test-results/e2e-compat/05-high-risk-pages-A2-高风险页-c98ef-0-pages-settings-index-页面渲染-mobile-375x667/attachments/network-log-0af593dea296087cdf2fc92564ced050a8c0a666.json]]
]]>
</system-out>
</testcase>
<testcase name="A2-高风险页面可达性 › HR-011 /pages/chat/chat 页面渲染" classname="05-high-risk-pages.spec.js" time="1.669">
<system-out>
<![CDATA[
[[ATTACHMENT|../../test-results/e2e-compat/05-high-risk-pages-A2-高风险页面可达性-HR-011-pages-chat-chat-页面渲染-mobile-375x667/attachments/risk--pages-chat-chat-1acd332eb4b3a8ce169bf54ea5530db089a9575f.png]]

[[ATTACHMENT|../../test-results/e2e-compat/05-high-risk-pages-A2-高风险页面可达性-HR-011-pages-chat-chat-页面渲染-mobile-375x667/attachments/network-log-be5c5f6e5cc1a646e2870563ec2505176465a7b2.json]]
]]>
</system-out>
</testcase>
</testsuite>
<testsuite name="06-human-gesture.spec.js" timestamp="2026-03-17T03:27:17.303Z" hostname="mobile-375x667" tests="1" failures="0" skipped="0" time="3.192" errors="0">
<testcase name="A2-人工手势模拟 › HUMAN-001 首页上滑后页面保持可交互" classname="06-human-gesture.spec.js" time="3.192">
<system-out>
<![CDATA[
[[ATTACHMENT|../../test-results/e2e-compat/06-human-gesture-A2-人工手势模拟-HUMAN-001-首页上滑后页面保持可交互-mobile-375x667/attachments/human-gesture-home-swipe-up-6830a473848ec2cbc5c7126b4753cd60c6be5c4c.png]]

[[ATTACHMENT|../../test-results/e2e-compat/06-human-gesture-A2-人工手势模拟-HUMAN-001-首页上滑后页面保持可交互-mobile-375x667/attachments/network-log-4bb2c72a0a962be586282a7778423ed102b38c54.json]]
]]>
</system-out>
</testcase>
</testsuite>
<testsuite name="07-full-route-coverage.spec.js" timestamp="2026-03-17T03:27:17.303Z" hostname="mobile-375x667" tests="2" failures="0" skipped="0" time="51.363" errors="0">
<testcase name="A2-全量页面覆盖与 UI 健康度 › FULL-ROUTE-001 亮色模式全量路由可达 + UI 健康度检查" classname="07-full-route-coverage.spec.js" time="25.733">
<system-out>
<![CDATA[
[[ATTACHMENT|../../test-results/e2e-compat/07-full-route-coverage-A2--11416-UTE-001-亮色模式全量路由可达-UI-健康度检查-mobile-375x667/attachments/network-log-c11735a654cb01281882ab70adcb3aee9615176f.json]]
]]>
</system-out>
</testcase>
<testcase name="A2-全量页面覆盖与 UI 健康度 › FULL-ROUTE-002 深色模式全量路由可达 + UI 健康度检查" classname="07-full-route-coverage.spec.js" time="25.63">
<system-out>
<![CDATA[
[[ATTACHMENT|../../test-results/e2e-compat/07-full-route-coverage-A2--e7c88-UTE-002-深色模式全量路由可达-UI-健康度检查-mobile-375x667/attachments/network-log-ad313f3b5fb798852f8f14b6c3d3684f970fe882.json]]
]]>
</system-out>
</testcase>
</testsuite>
<testsuite name="08-clickable-actions.spec.js" timestamp="2026-03-17T03:27:17.303Z" hostname="mobile-375x667" tests="5" failures="0" skipped="0" time="25.034" errors="0">
<testcase name="A2-可点击入口真实交互 › CLICK-001 首页工具卡真实点击后可跳转到对应页面" classname="08-clickable-actions.spec.js" time="3.844">
<system-out>
<![CDATA[
[[ATTACHMENT|../../test-results/e2e-compat/08-clickable-actions-A2-可点-1bff0-LICK-001-首页工具卡真实点击后可跳转到对应页面-mobile-375x667/attachments/network-log-ba789202ecf4d59c7414246a54917002eafbded0.json]]
]]>
</system-out>
</testcase>
<testcase name="A2-可点击入口真实交互 › CLICK-002 刷题页关键入口真实点击后可跳转或打开弹层" classname="08-clickable-actions.spec.js" time="14.626">
<system-out>
<![CDATA[
[[ATTACHMENT|../../test-results/e2e-compat/08-clickable-actions-A2-可点-2097f-CK-002-刷题页关键入口真实点击后可跳转或打开弹层-mobile-375x667/attachments/network-log-13d347c75795cac68ef5a2f5a94f3f8d31fc658a.json]]
]]>
</system-out>
</testcase>
<testcase name="A2-可点击入口真实交互 › CLICK-003 个人中心菜单真实点击后可跳转" classname="08-clickable-actions.spec.js" time="3.567">
<system-out>
<![CDATA[
[[ATTACHMENT|../../test-results/e2e-compat/08-clickable-actions-A2-可点击入口真实交互-CLICK-003-个人中心菜单真实点击后可跳转-mobile-375x667/attachments/network-log-2ddf36d1f3ec91cc8caafce3c6f390b980e14fc5.json]]
]]>
</system-out>
</testcase>
<testcase name="A2-可点击入口真实交互 › CLICK-004 设置页好友入口真实点击后可跳转" classname="08-clickable-actions.spec.js" time="1.491">
<system-out>
<![CDATA[
[[ATTACHMENT|../../test-results/e2e-compat/08-clickable-actions-A2-可点击入口真实交互-CLICK-004-设置页好友入口真实点击后可跳转-mobile-375x667/attachments/network-log-b399c52bb9db60d35cd054ef0423aecbaf04d1e0.json]]
]]>
</system-out>
</testcase>
<testcase name="A2-可点击入口真实交互 › CLICK-005 文档转换页点击选择文件会真实弹出文件选择并更新 UI" classname="08-clickable-actions.spec.js" time="1.506">
<system-out>
<![CDATA[
[[ATTACHMENT|../../test-results/e2e-compat/08-clickable-actions-A2-可点-2139a--文档转换页点击选择文件会真实弹出文件选择并更新-UI-mobile-375x667/attachments/network-log-299ea30a737614b39c31c73154be840fd66456c4.json]]
]]>
</system-out>
</testcase>
</testsuite>
<testsuite name="09-detailed-click-coverage.spec.js" timestamp="2026-03-17T03:27:17.303Z" hostname="mobile-375x667" tests="10" failures="0" skipped="0" time="59" errors="0">
<testcase name="A2-更细颗粒度真实点击覆盖 › DETAIL-001 首页欢迎横幅空题库弹窗与确认跳转可点击" classname="09-detailed-click-coverage.spec.js" time="3.302">
<system-out>
<![CDATA[
[[ATTACHMENT|../../test-results/e2e-compat/09-detailed-click-coverage-483e6-AIL-001-首页欢迎横幅空题库弹窗与确认跳转可点击-mobile-375x667/attachments/network-log-f6120aad843c062ee0055e2ce4d202e043fc9613.json]]
]]>
</system-out>
</testcase>
<testcase name="A2-更细颗粒度真实点击覆盖 › DETAIL-002 首页欢迎横幅与统计卡真实点击后可跳转" classname="09-detailed-click-coverage.spec.js" time="6.438">
<system-out>
<![CDATA[
[[ATTACHMENT|../../test-results/e2e-compat/09-detailed-click-coverage-99834-TAIL-002-首页欢迎横幅与统计卡真实点击后可跳转-mobile-375x667/attachments/network-log-91dc7701c510f4f4878052469e709a7396fa5440.json]]
]]>
</system-out>
</testcase>
<testcase name="A2-更细颗粒度真实点击覆盖 › DETAIL-003 首页学习卡、推荐卡、金句卡与计划编辑真实点击可响应" classname="09-detailed-click-coverage.spec.js" time="7.024">
<system-out>
<![CDATA[
[...]
]]>
</system-out>
</testcase>
</testsuite>
<testsuite name="11-login-and-import-precision.spec.js" timestamp="2026-03-17T03:27:17.303Z" hostname="desktop-1440x900" tests="4" failures="0" skipped="0" time="9.605" errors="0">
<testcase name="A2-登录与资料导入精细回归 › PREC-001 邮箱登录与注册密码输入默认隐藏" classname="11-login-and-import-precision.spec.js" time="1.63">
<system-out>
<![CDATA[
[[ATTACHMENT|../../test-results/e2e-compat/11-login-and-import-precis-607d3-回归-PREC-001-邮箱登录与注册密码输入默认隐藏-desktop-1440x900/attachments/network-log-31e55e3694f7ad4921b911176bb9e7e1c7f0ab73.json]]
]]>
</system-out>
</testcase>
<testcase name="A2-登录与资料导入精细回归 › PREC-002 邮箱注册发送验证码后显示倒计时并可成功注册" classname="11-login-and-import-precision.spec.js" time="3.47">
<system-out>
<![CDATA[
[[ATTACHMENT|../../test-results/e2e-compat/11-login-and-import-precis-d8b65-C-002-邮箱注册发送验证码后显示倒计时并可成功注册-desktop-1440x900/attachments/network-log-8c47cffec50da316a6598b9b0885cae73f2fbeee.json]]
]]>
</system-out>
</testcase>
<testcase name="A2-登录与资料导入精细回归 › PREC-003 验证码发送后按钮进入倒计时而不是假死" classname="11-login-and-import-precision.spec.js" time="1.749">
<system-out>
<![CDATA[
[[ATTACHMENT|../../test-results/e2e-compat/11-login-and-import-precis-c9d73-PREC-003-验证码发送后按钮进入倒计时而不是假死-desktop-1440x900/attachments/network-log-9faba5dd473ed3afeef0a2eafe60ffa19aac97ec.json]]
]]>
</system-out>
</testcase>
<testcase name="A2-登录与资料导入精细回归 › PREC-004 欢迎横幅进入资料导入页后主卡片与操作栏不重叠" classname="11-login-and-import-precision.spec.js" time="2.756">
<system-out>
<![CDATA[
[[ATTACHMENT|../../test-results/e2e-compat/11-login-and-import-precis-cc8f3--004-欢迎横幅进入资料导入页后主卡片与操作栏不重叠-desktop-1440x900/attachments/network-log-bed7bf4249bd8a76b80df44d637a0713fb453fa7.json]]
]]>
</system-out>
</testcase>
</testsuite>
<testsuite name="12-full-page-scroll-audit.spec.js" timestamp="2026-03-17T03:27:17.303Z" hostname="desktop-1440x900" tests="1" failures="0" skipped="1" time="0.14" errors="0">
<testcase name="A2-全页面滚动截图巡检 › SCROLL-001 全声明页面支持人工式滑动巡检并截图留档" classname="12-full-page-scroll-audit.spec.js" time="0.14">
<properties>
<property name="skip" value="滚动截图巡检仅在主移动视口执行，避免重复开销">
</property>
</properties>
<skipped>
</skipped>
</testcase>
</testsuite>
<testsuite name="13-profile-settings-actions.spec.js" timestamp="2026-03-17T03:27:17.303Z" hostname="desktop-1440x900" tests="4" failures="0" skipped="0" time="11.477" errors="0">
<testcase name="A2-个人中心与设置页精细交互 › PROFILE-SET-001 登录页协议链接、个人中心反馈与设置菜单都可触达" classname="13-profile-settings-actions.spec.js" time="3.607">
<system-out>
<![CDATA[
[[ATTACHMENT|../../test-results/e2e-compat/13-profile-settings-action-e8142-001-登录页协议链接、个人中心反馈与设置菜单都可触达-desktop-1440x900/attachments/network-log-c1ce36f8106e2facda288f90faaad0d506acc9b1.json]]
]]>
</system-out>
</testcase>
<testcase name="A2-个人中心与设置页精细交互 › PROFILE-SET-002 个人中心主题切换、退出确认与打卡按钮可响应" classname="13-profile-settings-actions.spec.js" time="1.791">
<system-out>
<![CDATA[
[[ATTACHMENT|../../test-results/e2e-compat/13-profile-settings-action-34345-T-002-个人中心主题切换、退出确认与打卡按钮可响应-desktop-1440x900/attachments/network-log-b1ab2608fd894849d87f5a8f8b489e2e0706700b.json]]
]]>
</system-out>
</testcase>
<testcase name="A2-个人中心与设置页精细交互 › PROFILE-SET-003 设置页开关、清缓存、目标院校弹窗与注销确认可响应" classname="13-profile-settings-actions.spec.js" time="3.286">
<system-out>
<![CDATA[
[[ATTACHMENT|../../test-results/e2e-compat/13-profile-settings-action-d069e-03-设置页开关、清缓存、目标院校弹窗与注销确认可响应-desktop-1440x900/attachments/network-log-7fa4e6614afd7408453d0246b272dd8e953c1591.json]]
]]>
</system-out>
</testcase>
<testcase name="A2-个人中心与设置页精细交互 › PROFILE-SET-004 设置页目标院校删除与注销撤销状态可自动验证" classname="13-profile-settings-actions.spec.js" time="2.793">
<system-out>
<![CDATA[
[[ATTACHMENT|../../test-results/e2e-compat/13-profile-settings-action-1653f-T-004-设置页目标院校删除与注销撤销状态可自动验证-desktop-1440x900/attachments/network-log-f5c1b10ddc323e05b01b99b2bb7717c32bf6568c.json]]
]]>
</system-out>
</testcase>
</testsuite>
<testsuite name="14-share-and-native-fallbacks.spec.js" timestamp="2026-03-17T03:27:17.303Z" hostname="desktop-1440x900" tests="3" failures="0" skipped="0" time="6.144" errors="0">
<testcase name="A2-分享与原生降级链路 › SHARE-001 首页每日金句分享面板可打开并关闭" classname="14-share-and-native-fallbacks.spec.js" time="2.125">
<system-out>
<![CDATA[
[[ATTACHMENT|../../test-results/e2e-compat/14-share-and-native-fallba-a3676--SHARE-001-首页每日金句分享面板可打开并关闭-desktop-1440x900/attachments/network-log-ce53b86a4ee6ca816060e1b9b1eb094811a6a05e.json]]
]]>
</system-out>
</testcase>
<testcase name="A2-分享与原生降级链路 › SHARE-002 院校详情页分享按钮在 H5 下优先分享，失败时回退复制" classname="14-share-and-native-fallbacks.spec.js" time="1.79">
<system-out>
<![CDATA[
[[ATTACHMENT|../../test-results/e2e-compat/14-share-and-native-fallba-4204c-院校详情页分享按钮在-H5-下优先分享，失败时回退复制-desktop-1440x900/attachments/network-log-0d2d0f10fb8dd4be537dd16de4f9dedf5ce4c84d.json]]
]]>
</system-out>
</testcase>
<testcase name="A2-分享与原生降级链路 › SHARE-003 登录页隐私政策与用户协议链接持续可访问" classname="14-share-and-native-fallbacks.spec.js" time="2.229">
<system-out>
<![CDATA[
[[ATTACHMENT|../../test-results/e2e-compat/14-share-and-native-fallba-9ed2d-ARE-003-登录页隐私政策与用户协议链接持续可访问-desktop-1440x900/attachments/network-log-817006927413f0f88d1eae34fb5074d130f63842.json]]
]]>
</system-out>
</testcase>
</testsuite>
<testsuite name="15-long-tail-pages.spec.js" timestamp="2026-03-17T03:27:17.303Z" hostname="desktop-1440x900" tests="5" failures="0" skipped="0" time="13.661" errors="0">
<testcase name="A2-长尾页面深度回归 › LONG-001 收藏页支持答案展开、笔记保存与跳转练习" classname="15-long-tail-pages.spec.js" time="2.75">
<system-out>
<![CDATA[
[[ATTACHMENT|../../test-results/e2e-compat/15-long-tail-pages-A2-长尾页面深度回归-LONG-001-收藏页支持答案展开、笔记保存与跳转练习-desktop-1440x900/attachments/network-log-4a08e4dd7da15f236993a71ff81404abf65dc8c0.json]]
]]>
</system-out>
</testcase>
<testcase name="A2-长尾页面深度回归 › LONG-002 文件管理页支持查看文件信息、删除与清空" classname="15-long-tail-pages.spec.js" time="2.028">
<system-out>
<![CDATA[
[[ATTACHMENT|../../test-results/e2e-compat/15-long-tail-pages-A2-长尾页面深度回归-LONG-002-文件管理页支持查看文件信息、删除与清空-desktop-1440x900/attachments/network-log-b3262c1369e5992da42994f20556acb2a849d556.json]]
]]>
</system-out>
</testcase>
<testcase name="A2-长尾页面深度回归 › LONG-003 好友页支持搜索加好友、查看资料与删除好友" classname="15-long-tail-pages.spec.js" time="4.465">
<system-out>
<![CDATA[
[[ATTACHMENT|../../test-results/e2e-compat/15-long-tail-pages-A2-长尾页面深度回归-LONG-003-好友页支持搜索加好友、查看资料与删除好友-desktop-1440x900/attachments/network-log-2720e3edf8aac328e38e33ca00f8a466a8119400.json]]
]]>
</system-out>
</testcase>
<testcase name="A2-长尾页面深度回归 › LONG-004 知识图谱支持掌握度查看、节点详情与练习跳转" classname="15-long-tail-pages.spec.js" time="2.232">
<system-out>
<![CDATA[
[[ATTACHMENT|../../test-results/e2e-compat/15-long-tail-pages-A2-长尾页面-631ed-G-004-知识图谱支持掌握度查看、节点详情与练习跳转-desktop-1440x900/attachments/network-log-49dbce50ab16df9570d0def63fc74673c72dfe9f.json]]
]]>
</system-out>
</testcase>
<testcase name="A2-长尾页面深度回归 › LONG-005 学习计划支持详情查看、智能调整与删除" classname="15-long-tail-pages.spec.js" time="2.186">
<system-out>
<![CDATA[
[[ATTACHMENT|../../test-results/e2e-compat/15-long-tail-pages-A2-长尾页面深度回归-LONG-005-学习计划支持详情查看、智能调整与删除-desktop-1440x900/attachments/network-log-522282cf4b379b1d4ed0404521e1b39688e23e9c.json]]
]]>
</system-out>
</testcase>
</testsuite>
<testsuite name="16-gap-coverage.spec.js" timestamp="2026-03-17T03:27:17.303Z" hostname="desktop-1440x900" tests="15" failures="0" skipped="0" time="77.373" errors="0">
<testcase name="GAP-P0 核心流程补充 › GAP-01 择校完整流程: 填表→提交→AI推荐→院校详情" classname="16-gap-coverage.spec.js" time="17.316">
<system-out>
<![CDATA[
[[ATTACHMENT|../../test-results/e2e-compat/16-gap-coverage-GAP-P0-核心流程补充-GAP-01-择校完整流程-填表→提交→AI推荐→院校详情-desktop-1440x900/attachments/gap-01-school-full-flow-5d9d2edaf58ed13ab520a48aeb5b8f0d9fdef148.png]]

[[ATTACHMENT|../../test-results/e2e-compat/16-gap-coverage-GAP-P0-核心流程补充-GAP-01-择校完整流程-填表→提交→AI推荐→院校详情-desktop-1440x900/attachments/network-log-7ba83a0a6e0cfcb7a4a9c02a0dcbb90280828fb9.json]]
]]>
</system-out>
</testcase>
<testcase name="GAP-P0 核心流程补充 › GAP-02 错题本: 页面可达且空状态正确展示" classname="16-gap-coverage.spec.js" time="1.419">
<system-out>
<![CDATA[
[[ATTACHMENT|../../test-results/e2e-compat/16-gap-coverage-GAP-P0-核心流程补充-GAP-02-错题本-页面可达且空状态正确展示-desktop-1440x900/attachments/gap-02-mistake-book-7f47a944d17c832b56900a13cb5974d0b5ff859d.png]]

[[ATTACHMENT|../../test-results/e2e-compat/16-gap-coverage-GAP-P0-核心流程补充-GAP-02-错题本-页面可达且空状态正确展示-desktop-1440x900/attachments/network-log-511c779d33d080292cd1013cdc92202e53723c4d.json]]
]]>
</system-out>
</testcase>
<testcase name="GAP-P0 核心流程补充 › GAP-05 Token过期: 清除token后访问需登录页应重定向或提示" classname="16-gap-coverage.spec.js" time="1.78">
<system-out>
<![CDATA[
[[ATTACHMENT|../../test-results/e2e-compat/16-gap-coverage-GAP-P0-核心流-829bf-ken过期-清除token后访问需登录页应重定向或提示-desktop-1440x900/attachments/gap-05-token-expired-9caf02d371998acb71e7776735f0b166361bf0ef.png]]

[[ATTACHMENT|../../test-results/e2e-compat/16-gap-coverage-GAP-P0-核心流-829bf-ken过期-清除token后访问需登录页应重定向或提示-desktop-1440x900/attachments/network-log-ccd87f39f26848d0fc90e8a81b26d8de28ff8137.json]]
]]>
</system-out>
</testcase>
<testcase name="GAP-P0 核心流程补充 › GAP-07 做题进度恢复: 有题库时进入做题页可看到进度UI" classname="16-gap-coverage.spec.js" time="1.968">
<system-out>
<![CDATA[
[[ATTACHMENT|../../test-results/e2e-compat/16-gap-coverage-GAP-P0-核心流程补充-GAP-07-做题进度恢复-有题库时进入做题页可看到进度UI-desktop-1440x900/attachments/gap-07-quiz-progress-961da894ff6e7a8de62b59030ab417cd0f620778.png]]

[[ATTACHMENT|../../test-results/e2e-compat/16-gap-coverage-GAP-P0-核心流程补充-GAP-07-做题进度恢复-有题库时进入做题页可看到进度UI-desktop-1440x900/attachments/network-log-65125b998c02032741027ecc8edfd17c47697b28.json]]
]]>
</system-out>
</testcase>
<testcase name="GAP-P0 核心流程补充 › GAP-13 XSS防护: 聊天输入脚本标签不会执行" classname="16-gap-coverage.spec.js" time="2.851">
<system-out>
<![CDATA[
[[ATTACHMENT|../../test-results/e2e-compat/16-gap-coverage-GAP-P0-核心流程补充-GAP-13-XSS防护-聊天输入脚本标签不会执行-desktop-1440x900/attachments/gap-13-xss-prevention-2404cf2b2551ebf3fc82b03576b931f3999fda8f.png]]

[[ATTACHMENT|../../test-results/e2e-compat/16-gap-coverage-GAP-P0-核心流程补充-GAP-13-XSS防护-聊天输入脚本标签不会执行-desktop-1440x900/attachments/network-log-0bf199a45c18d6e7f3473d98e455be3b50b02bb7.json]]
]]>
</system-out>
</testcase>
<testcase name="GAP-P0 核心流程补充 › GAP-14 未登录访问需登录页: 应显示登录提示或降级" classname="16-gap-coverage.spec.js" time="3.484">
<system-out>
<![CDATA[
[[ATTACHMENT|../../test-results/e2e-compat/16-gap-coverage-GAP-P0-核心流程补充-GAP-14-未登录访问需登录页-应显示登录提示或降级-desktop-1440x900/attachments/gap-14-unauthenticated-access-d3536b0a677cbda5658133bf7da3b01a987adc8f.png]]

[[ATTACHMENT|../../test-results/e2e-compat/16-gap-coverage-GAP-P0-核心流程补充-GAP-14-未登录访问需登录页-应显示登录提示或降级-desktop-1440x900/attachments/network-log-a71dd4941fa8dfb50a997b35826ca44e9acd59cb.json]]
]]>
</system-out>
</testcase>
<testcase name="GAP-P1 次要流程补充 › GAP-03 PK对战: 页面可达且核心UI元素存在" classname="16-gap-coverage.spec.js" time="2.445">
<system-out>
<![CDATA[
[[ATTACHMENT|../../test-results/e2e-compat/16-gap-coverage-GAP-P1-次要流程补充-GAP-03-PK对战-页面可达且核心UI元素存在-desktop-1440x900/attachments/gap-03-pk-battle-6cbe19973d81d25178582969511fe75d503132fe.png]]

[[ATTACHMENT|../../test-results/e2e-compat/16-gap-coverage-GAP-P1-次要流程补充-GAP-03-PK对战-页面可达且核心UI元素存在-desktop-1440x900/attachments/network-log-63196d9c2ad4bf835d7f8d4dfa5da210565461f6.json]]
]]>
</system-out>
</testcase>
<testcase name="GAP-P1 次要流程补充 › GAP-04 模拟考试: 页面可达且核心UI元素存在" classname="16-gap-coverage.spec.js" time="2.271">
<system-out>
<![CDATA[
[[ATTACHMENT|../../test-results/e2e-compat/16-gap-coverage-GAP-P1-次要流程补充-GAP-04-模拟考试-页面可达且核心UI元素存在-desktop-1440x900/attachments/gap-04-mock-exam-3d0670f91efea9fdd567a38fdc5e787854dbf4e0.png]]

[[ATTACHMENT|../../test-results/e2e-compat/16-gap-coverage-GAP-P1-次要流程补充-GAP-04-模拟考试-页面可达且核心UI元素存在-desktop-1440x900/attachments/network-log-cbd73eddc4454e28a8ad24403e061bec91cffa6d.json]]
]]>
</system-out>
</testcase>
<testcase name="GAP-P1 次要流程补充 › GAP-06 接口超时: 页面显示loading或超时提示而非白屏" classname="16-gap-coverage.spec.js" time="2.159">
<system-out>
<![CDATA[
[[ATTACHMENT|../../test-results/e2e-compat/16-gap-coverage-GAP-P1-次要流-8ed78-6-接口超时-页面显示loading或超时提示而非白屏-desktop-1440x900/attachments/gap-06-api-timeout-5e4d34078634b17daac128b850d26e103c1e66c3.png]]

[[ATTACHMENT|../../test-results/e2e-compat/16-gap-coverage-GAP-P1-次要流-8ed78-6-接口超时-页面显示loading或超时提示而非白屏-desktop-1440x900/attachments/network-log-58ee9cc975618dad967d179deafd55b6fca0dec7.json]]
]]>
</system-out>
</testcase>
<testcase name="GAP-P1 次要流程补充 › GAP-08 学习计划创建: 表单可填写且保存按钮可点击" classname="16-gap-coverage.spec.js" time="11.634">
<system-out>
<![CDATA[
[[ATTACHMENT|../../test-results/e2e-compat/16-gap-coverage-GAP-P1-次要流程补充-GAP-08-学习计划创建-表单可填写且保存按钮可点击-desktop-1440x900/attachments/gap-08-plan-create-form-2a123038e95876d6f4468b1db3410fae8bf16cb4.png]]

[[ATTACHMENT|../../test-results/e2e-compat/16-gap-coverage-GAP-P1-次要流程补充-GAP-08-学习计划创建-表单可填写且保存按钮可点击-desktop-1440x900/attachments/network-log-10f749c7bb432abecdf351d5b6d32053ed0fa7ea.json]]
]]>
</system-out>
</testcase>
<testcase name="GAP-P1 次要流程补充 › GAP-09 首页下拉刷新: 触发后页面不崩溃" classname="16-gap-coverage.spec.js" time="4.501">
<system-out>
<![CDATA[
[[ATTACHMENT|../../test-results/e2e-compat/16-gap-coverage-GAP-P1-次要流程补充-GAP-09-首页下拉刷新-触发后页面不崩溃-desktop-1440x900/attachments/gap-09-pull-refresh-4cb790a10e5c053f49d37f8ae91cec49b9cc6274.png]]

[[ATTACHMENT|../../test-results/e2e-compat/16-gap-coverage-GAP-P1-次要流程补充-GAP-09-首页下拉刷新-触发后页面不崩溃-desktop-1440x900/attachments/network-log-e1702175df10166b99e093c1af549193c99783b2.json]]
]]>
</system-out>
</testcase>
<testcase name="GAP-P1 次要流程补充 › GAP-10 聊天页滑动: 页面可滑动且不崩溃" classname="16-gap-coverage.spec.js" time="2.542">
<system-out>
<![CDATA[
[[ATTACHMENT|../../test-results/e2e-compat/16-gap-coverage-GAP-P1-次要流程补充-GAP-10-聊天页滑动-页面可滑动且不崩溃-desktop-1440x900/attachments/gap-10-chat-scroll-3c1a35243c3084821b183a4729826f317a2a87a7.png]]

[[ATTACHMENT|../../test-results/e2e-compat/16-gap-coverage-GAP-P1-次要流程补充-GAP-10-聊天页滑动-页面可滑动且不崩溃-desktop-1440x900/attachments/network-log-7f89516ebc8b1a60b9fa3828a6aa487c29b66838.json]]
]]>
</system-out>
</testcase>
<testcase name="GAP-P1 次要流程补充 › GAP-11 375px布局: 关键页面无水平溢出" classname="16-gap-coverage.spec.js" time="4.896">
<system-out>
<![CDATA[
[[ATTACHMENT|../../test-results/e2e-compat/16-gap-coverage-GAP-P1-次要流程补充-GAP-11-375px布局-关键页面无水平溢出-desktop-1440x900/attachments/gap-11-375px-compat-00d27ebbcc6bc4671a8b178368be5ba3a3dcdb51.png]]

[[ATTACHMENT|../../test-results/e2e-compat/16-gap-coverage-GAP-P1-次要流程补充-GAP-11-375px布局-关键页面无水平溢出-desktop-1440x900/attachments/network-log-abc4b03fa7507900e3bba8107378f20fcb1cffa0.json]]
]]>
</system-out>
</testcase>
<testcase name="GAP-P1 次要流程补充 › GAP-15 空题库: 各页面空状态正确展示" classname="16-gap-coverage.spec.js" time="13.797">
<system-out>
<![CDATA[
[[ATTACHMENT|../../test-results/e2e-compat/16-gap-coverage-GAP-P1-次要流程补充-GAP-15-空题库-各页面空状态正确展示-desktop-1440x900/attachments/gap-15-empty-state-e4c30525b07ccc474a0e0822f6059181433de6fb.png]]

[[ATTACHMENT|../../test-results/e2e-compat/16-gap-coverage-GAP-P1-次要流程补充-GAP-15-空题库-各页面空状态正确展示-desktop-1440x900/attachments/network-log-73d6480ae68f074dd3a70e47dcfebe176a2056f0.json]]
]]>
</system-out>
</testcase>
<testcase name="GAP-P2 兼容性补充 › GAP-12 414px布局: 关键页面无水平溢出" classname="16-gap-coverage.spec.js" time="4.31">
<system-out>
<![CDATA[
[[ATTACHMENT|../../test-results/e2e-compat/16-gap-coverage-GAP-P2-兼容性补充-GAP-12-414px布局-关键页面无水平溢出-desktop-1440x900/attachments/gap-12-414px-compat-370db3ed5ab65ff68a9c90a91b55d44ee034e7bc.png]]

[[ATTACHMENT|../../test-results/e2e-compat/16-gap-coverage-GAP-P2-兼容性补充-GAP-12-414px布局-关键页面无水平溢出-desktop-1440x900/attachments/network-log-ce4eb617d980ff39418db60181ea543c9fe90505.json]]
]]>
</system-out>
</testcase>
</testsuite>
<testsuite name="17-deep-feature-flows.spec.js" timestamp="2026-03-17T03:27:17.303Z" hostname="desktop-1440x900" tests="7" failures="0" skipped="0" time="21.991" errors="0">
<testcase name="深度功能流程 — 真实用户操作模拟 › DEEP-01 上传题库完整流程: 选文件→解析→生成题目→进入刷题" classname="17-deep-feature-flows.spec.js" time="2.514">
<system-out>
<![CDATA[
[[ATTACHMENT|../../test-results/e2e-compat/17-deep-feature-flows-深度功能-958c3-1-上传题库完整流程-选文件→解析→生成题目→进入刷题-desktop-1440x900/attachments/deep-01-import-data-flow-f2a6619a42c96e9b5ee69490edf7cec39e04366e.png]]

[[ATTACHMENT|../../test-results/e2e-compat/17-deep-feature-flows-深度功能-958c3-1-上传题库完整流程-选文件→解析→生成题目→进入刷题-desktop-1440x900/attachments/network-log-3fc1dacb2fccb3b2ba08ddf62215970310652483.json]]
]]>
</system-out>
</testcase>
<testcase name="深度功能流程 — 真实用户操作模拟 › DEEP-02 拍照搜题完整流程: 选图→识别→显示结果→AI解析" classname="17-deep-feature-flows.spec.js" time="2.045">
<system-out>
<![CDATA[
[[ATTACHMENT|../../test-results/e2e-compat/17-deep-feature-flows-深度功能-d068d-02-拍照搜题完整流程-选图→识别→显示结果→AI解析-desktop-1440x900/attachments/deep-02-photo-search-flow-0cf4bf1a38bc09083ffe760d3809ffb528b2ba6b.png]]

[[ATTACHMENT|../../test-results/e2e-compat/17-deep-feature-flows-深度功能-d068d-02-拍照搜题完整流程-选图→识别→显示结果→AI解析-desktop-1440x900/attachments/network-log-3798c08cbf5211616dbe02fe7fbe2541219eadd1.json]]
]]>
</system-out>
</testcase>
<testcase name="深度功能流程 — 真实用户操作模拟 › DEEP-03 文档转换完整流程: 选文件→选格式→转换→轮询→结果" classname="17-deep-feature-flows.spec.js" time="2.387">
<system-out>
<![CDATA[
[[ATTACHMENT|../../test-results/e2e-compat/17-deep-feature-flows-深度功能-b7ca1-3-文档转换完整流程-选文件→选格式→转换→轮询→结果-desktop-1440x900/attachments/deep-03-doc-convert-flow-9bd3066ce6a0bf09a28e335ef3269550f2932e50.png]]

[[ATTACHMENT|../../test-results/e2e-compat/17-deep-feature-flows-深度功能-b7ca1-3-文档转换完整流程-选文件→选格式→转换→轮询→结果-desktop-1440x900/attachments/network-log-495824ed34381def1936c8d8ca127e6806292dd5.json]]
]]>
</system-out>
</testcase>
<testcase name="深度功能流程 — 真实用户操作模拟 › DEEP-04 证件照完整流程: 选照片→选尺寸→选颜色→制作→保存" classname="17-deep-feature-flows.spec.js" time="2.269">
<system-out>
<![CDATA[
[[ATTACHMENT|../../test-results/e2e-compat/17-deep-feature-flows-深度功能-4938d-4-证件照完整流程-选照片→选尺寸→选颜色→制作→保存-desktop-1440x900/attachments/deep-04-id-photo-flow-0661b095de821bb480630f78e2fea271a4d1cb2f.png]]

[[ATTACHMENT|../../test-results/e2e-compat/17-deep-feature-flows-深度功能-4938d-4-证件照完整流程-选照片→选尺寸→选颜色→制作→保存-desktop-1440x900/attachments/network-log-890edb83108dc33f5dc6be7b5540f622ddc3570a.json]]
]]>
</system-out>
</testcase>
<testcase name="深度功能流程 — 真实用户操作模拟 › DEEP-05 AI聊天完整流程: 输入→发送→等待→回复→重试" classname="17-deep-feature-flows.spec.js" time="4.156">
<system-out>
<![CDATA[
[[ATTACHMENT|../../test-results/e2e-compat/17-deep-feature-flows-深度功能-9279c--05-AI聊天完整流程-输入→发送→等待→回复→重试-desktop-1440x900/attachments/deep-05-chat-flow-7b8ec0f373df9430b61dce4a2b6b65356a625c99.png]]

[[ATTACHMENT|../../test-results/e2e-compat/17-deep-feature-flows-深度功能-9279c--05-AI聊天完整流程-输入→发送→等待→回复→重试-desktop-1440x900/attachments/network-log-be697cf01c84919607b58ddaab7a962dbf71de71.json]]
]]>
</system-out>
</testcase>
<testcase name="深度功能流程 — 真实用户操作模拟 › DEEP-06 语音输入流程: 验证录音按钮和权限提示" classname="17-deep-feature-flows.spec.js" time="1.577">
<system-out>
<![CDATA[
[[ATTACHMENT|../../test-results/e2e-compat/17-deep-feature-flows-深度功能-846b8--DEEP-06-语音输入流程-验证录音按钮和权限提示-desktop-1440x900/attachments/deep-06-voice-input-ui-faed3c63d29df714358004288d0901ddff6ca96f.png]]

[[ATTACHMENT|../../test-results/e2e-compat/17-deep-feature-flows-深度功能-846b8--DEEP-06-语音输入流程-验证录音按钮和权限提示-desktop-1440x900/attachments/network-log-fe0b6793cddd2754d3c6c0345b60c4158d7ddae4.json]]
]]>
</system-out>
</testcase>
<testcase name="深度功能流程 — 真实用户操作模拟 › DEEP-07 完整刷题流程: 有题库→开始刷题→答题→查看解析→下一题" classname="17-deep-feature-flows.spec.js" time="7.043">
<system-out>
<![CDATA[
[[ATTACHMENT|../../test-results/e2e-compat/17-deep-feature-flows-深度功能-b9958-完整刷题流程-有题库→开始刷题→答题→查看解析→下一题-desktop-1440x900/attachments/deep-07-quiz-full-flow-278baed4ec4c76535c15b6b62ef0e5a7206d88fd.png]]

[[ATTACHMENT|../../test-results/e2e-compat/17-deep-feature-flows-深度功能-b9958-完整刷题流程-有题库→开始刷题→答题→查看解析→下一题-desktop-1440x900/attachments/network-log-e958bbf6109dc6f8bcf5b4ae3bea7e65c1a131ef.json]]
]]>
</system-out>
</testcase>
</testsuite>
</testsuites>