<testsuites id="" name="" tests="198" failures="0" skipped="3" errors="0" time="1185.239947">
<testsuite name="00-smoke.spec.js" timestamp="2026-03-09T03:26:51.595Z" hostname="mobile-390x844" tests="3" failures="0" skipped="0" time="17.365" errors="0">
<testcase name="A2-冒烟测试 › SMOKE-001 应用启动并显示首页结构" classname="00-smoke.spec.js" time="3.215">
<system-out>
<![CDATA[
[[ATTACHMENT|../../test-results/e2e-compat/00-smoke-A2-冒烟测试-SMOKE-001-应用启动并显示首页结构-mobile-390x844/attachments/smoke-home-d1a5f8d463bdd6fc16c82233477d69345766427b.png]]

[[ATTACHMENT|../../test-results/e2e-compat/00-smoke-A2-冒烟测试-SMOKE-001-应用启动并显示首页结构-mobile-390x844/attachments/network-log-7c0030e49117e7a1904133350abbcb3e06733e79.json]]
]]>
</system-out>
</testcase>
<testcase name="A2-冒烟测试 › SMOKE-002 刷题页关键入口可见" classname="00-smoke.spec.js" time="11.94">
<system-out>
<![CDATA[
[[ATTACHMENT|../../test-results/e2e-compat/00-smoke-A2-冒烟测试-SMOKE-002-刷题页关键入口可见-mobile-390x844/attachments/smoke-practice-f6dec29524abfc3ab59ecb62b91d7bd9044b0987.png]]

[[ATTACHMENT|../../test-results/e2e-compat/00-smoke-A2-冒烟测试-SMOKE-002-刷题页关键入口可见-mobile-390x844/attachments/network-log-f9fe579c79bb63472ab8cd92048354e3c50c0978.json]]
]]>
</system-out>
</testcase>
<testcase name="A2-冒烟测试 › SMOKE-003 择校页表单可操作" classname="00-smoke.spec.js" time="2.21">
<system-out>
<![CDATA[
[[ATTACHMENT|../../test-results/e2e-compat/00-smoke-A2-冒烟测试-SMOKE-003-择校页表单可操作-mobile-390x844/attachments/smoke-school-0f3a89bd69a5acf6ce6e4cc85f21e9164b7c907c.png]]

[[ATTACHMENT|../../test-results/e2e-compat/00-smoke-A2-冒烟测试-SMOKE-003-择校页表单可操作-mobile-390x844/attachments/network-log-1d755329e27c1ac0a8ad6dfc568d6cce4ddb77cd.json]]
]]>
</system-out>
</testcase>
</testsuite>
<testsuite name="01-core-flow.spec.js" timestamp="2026-03-09T03:26:51.595Z" hostname="mobile-390x844" tests="3" failures="0" skipped="0" time="38.048" errors="0">
<testcase name="A2-核心流程 › CORE-001 登录页可输入并触发登录动作" classname="01-core-flow.spec.js" time="13.629">
<system-out>
<![CDATA[
[[ATTACHMENT|../../test-results/e2e-compat/01-core-flow-A2-核心流程-CORE-001-登录页可输入并触发登录动作-mobile-390x844/attachments/core-login-input-bf554e2f06dd2fa904b3111bd476befc96e0b78a.png]]

[[ATTACHMENT|../../test-results/e2e-compat/01-core-flow-A2-核心流程-CORE-001-登录页可输入并触发登录动作-mobile-390x844/attachments/network-log-d63ae934512bae4ea7a1bee16d6fa35d3393e565.json]]
]]>
</system-out>
</testcase>
<testcase name="A2-核心流程 › CORE-002 登录后进入刷题页并打开做题页" classname="01-core-flow.spec.js" time="22.609">
<system-out>
<![CDATA[
[[ATTACHMENT|../../test-results/e2e-compat/01-core-flow-A2-核心流程-CORE-002-登录后进入刷题页并打开做题页-mobile-390x844/attachments/core-practice-to-quiz-9c4c0d701938836ea41daa3e54789fe22e45a507.png]]

[[ATTACHMENT|../../test-results/e2e-compat/01-core-flow-A2-核心流程-CORE-002-登录后进入刷题页并打开做题页-mobile-390x844/attachments/network-log-bc44eb6fe5cc2eff184ecb93df261c7a2ddacae5.json]]
]]>
</system-out>
</testcase>
<testcase name="A2-核心流程 › CORE-003 学习计划结果页可达" classname="01-core-flow.spec.js" time="1.81">
<system-out>
<![CDATA[
[[ATTACHMENT|../../test-results/e2e-compat/01-core-flow-A2-核心流程-CORE-003-学习计划结果页可达-mobile-390x844/attachments/core-plan-result-page-7fd1c704748fc16e17fc8ea210e6289ee9bcb9ef.png]]

[[ATTACHMENT|../../test-results/e2e-compat/01-core-flow-A2-核心流程-CORE-003-学习计划结果页可达-mobile-390x844/attachments/network-log-b48374b78ab76bdbd809833f189df71d3ecb30a6.json]]
]]>
</system-out>
</testcase>
</testsuite>
<testsuite name="02-exception-flow.spec.js" timestamp="2026-03-09T03:26:51.595Z" hostname="mobile-390x844" tests="5" failures="0" skipped="0" time="35.405" errors="0">
<testcase name="A2-异常流程 › EXC-001 择校空输入触发前端校验" classname="02-exception-flow.spec.js" time="1.784">
<system-out>
<![CDATA[
[[ATTACHMENT|../../test-results/e2e-compat/02-exception-flow-A2-异常流程-EXC-001-择校空输入触发前端校验-mobile-390x844/attachments/exception-school-empty-input-784d3ebf843ed7a0a512359fa0c5871bf399d53a.png]]

[[ATTACHMENT|../../test-results/e2e-compat/02-exception-flow-A2-异常流程-EXC-001-择校空输入触发前端校验-mobile-390x844/attachments/network-log-3f30d489af5cb1ad0846fc8b9338360f2b5ab30a.json]]
]]>
</system-out>
</testcase>
<testcase name="A2-异常流程 › EXC-002 文档转换未选文件不能提交" classname="02-exception-flow.spec.js" time="12.197">
<system-out>
<![CDATA[
[[ATTACHMENT|../../test-results/e2e-compat/02-exception-flow-A2-异常流程-EXC-002-文档转换未选文件不能提交-mobile-390x844/attachments/exception-doc-convert-empty-file-9e118ac3972568afd13cdfb26e6e5343bfbe0b07.png]]

[[ATTACHMENT|../../test-results/e2e-compat/02-exception-flow-A2-异常流程-EXC-002-文档转换未选文件不能提交-mobile-390x844/attachments/network-log-f360bcd01e000eb2d8a5df77aa7bc10201cde4ec.json]]
]]>
</system-out>
</testcase>
<testcase name="A2-异常流程 › EXC-003 断网后恢复可继续交互" classname="02-exception-flow.spec.js" time="2.91">
<system-out>
<![CDATA[
[[ATTACHMENT|../../test-results/e2e-compat/02-exception-flow-A2-异常流程-EXC-003-断网后恢复可继续交互-mobile-390x844/attachments/exception-photo-offline-609024bd7ee66f6fb3f98eccf62f0f97708fc545.png]]

[[ATTACHMENT|../../test-results/e2e-compat/02-exception-flow-A2-异常流程-EXC-003-断网后恢复可继续交互-mobile-390x844/attachments/exception-photo-recovered-4d5aab3fcad269843d40512ce4f01d39bfec3cb5.png]]

[[ATTACHMENT|../../test-results/e2e-compat/02-exception-flow-A2-异常流程-EXC-003-断网后恢复可继续交互-mobile-390x844/attachments/network-log-cabe4dfa48a6554b181ee7638b7d7065435e1373.json]]
]]>
</system-out>
</testcase>
<testcase name="A2-异常流程 › EXC-004 弱网场景页面仍可响应" classname="02-exception-flow.spec.js" time="14.343">
<system-out>
<![CDATA[
[[ATTACHMENT|../../test-results/e2e-compat/02-exception-flow-A2-异常流程-EXC-004-弱网场景页面仍可响应-mobile-390x844/attachments/exception-weak-network-chat-a15c067922cc0d79625fe72a379004019d097928.png]]

[[ATTACHMENT|../../test-results/e2e-compat/02-exception-flow-A2-异常流程-EXC-004-弱网场景页面仍可响应-mobile-390x844/attachments/network-log-e44abc2bf8d75d62979be1158f7a50ef53feb043.json]]
]]>
</system-out>
</testcase>
<testcase name="A2-异常流程 › EXC-005 智能接口500时聊天页可降级并保持可交互" classname="02-exception-flow.spec.js" time="4.171">
<system-out>
<![CDATA[
[[ATTACHMENT|../../test-results/e2e-compat/02-exception-flow-A2-异常流程-EXC-005-智能接口500时聊天页可降级并保持可交互-mobile-390x844/attachments/exception-chat-api-500-fallback-9f14aa77856d7e28dfb542daed1988cedf1693fc.png]]

[[ATTACHMENT|../../test-results/e2e-compat/02-exception-flow-A2-异常流程-EXC-005-智能接口500时聊天页可降级并保持可交互-mobile-390x844/attachments/network-log-720a2b83137453308a7899303633afd49ae7540a.json]]
]]>
</system-out>
</testcase>
</testsuite>
<testsuite name="03-state-recovery.spec.js" timestamp="2026-03-09T03:26:51.595Z" hostname="mobile-390x844" tests="5" failures="0" skipped="0" time="13.531" errors="0">
<testcase name="A2-状态恢复与幂等 › STATE-001 返回键可回到上一页" classname="03-state-recovery.spec.js" time="3.097">
<system-out>
<![CDATA[
[[ATTACHMENT|../../test-results/e2e-compat/03-state-recovery-A2-状态恢复与幂等-STATE-001-返回键可回到上一页-mobile-390x844/attachments/state-back-navigation-4095ef5b697a9bc65fe0736fc4a4e2b52e21c272.png]]

[[ATTACHMENT|../../test-results/e2e-compat/03-state-recovery-A2-状态恢复与幂等-STATE-001-返回键可回到上一页-mobile-390x844/attachments/network-log-c11e78b439d403abf7cb141b2a0c4907bea87b0b.json]]
]]>
</system-out>
</testcase>
<testcase name="A2-状态恢复与幂等 › STATE-002 快速重复点击不会导致崩溃" classname="03-state-recovery.spec.js" time="1.785">
<system-out>
<![CDATA[
[[ATTACHMENT|../../test-results/e2e-compat/03-state-recovery-A2-状态恢复与幂等-STATE-002-快速重复点击不会导致崩溃-mobile-390x844/attachments/state-rapid-click-9a45f47b3b21318668c8104e92d152e1b6965a31.png]]

[[ATTACHMENT|../../test-results/e2e-compat/03-state-recovery-A2-状态恢复与幂等-STATE-002-快速重复点击不会导致崩溃-mobile-390x844/attachments/network-log-2bf13488702c88f1a64ef170fd37739286b98100.json]]
]]>
</system-out>
</testcase>
<testcase name="A2-状态恢复与幂等 › STATE-003 切后台再回来页面仍可继续操作" classname="03-state-recovery.spec.js" time="2.78">
<system-out>
<![CDATA[
[[ATTACHMENT|../../test-results/e2e-compat/03-state-recovery-A2-状态恢复与幂等-STATE-003-切后台再回来页面仍可继续操作-mobile-390x844/attachments/state-background-resume-a872dfb9cc26f0593d8b7648af2f5240557e0f7a.png]]

[[ATTACHMENT|../../test-results/e2e-compat/03-state-recovery-A2-状态恢复与幂等-STATE-003-切后台再回来页面仍可继续操作-mobile-390x844/attachments/network-log-160dcfae6ea899581e8347f9afb228bc008c1ce3.json]]
]]>
</system-out>
</testcase>
<testcase name="A2-状态恢复与幂等 › STATE-004 刷新后保留基础会话数据" classname="03-state-recovery.spec.js" time="2.358">
<system-out>
<![CDATA[
[[ATTACHMENT|../../test-results/e2e-compat/03-state-recovery-A2-状态恢复与幂等-STATE-004-刷新后保留基础会话数据-mobile-390x844/attachments/state-refresh-session-a29374ee21b1dc7b3ca3e2202bab596a1be03bd2.png]]

[[ATTACHMENT|../../test-results/e2e-compat/03-state-recovery-A2-状态恢复与幂等-STATE-004-刷新后保留基础会话数据-mobile-390x844/attachments/network-log-528949b86e791fe9e22dbbfe99a2ab7dbea19945.json]]
]]>
</system-out>
</testcase>
<testcase name="A2-状态恢复与幂等 › STATE-005 登录按钮快速多次点击仅触发一次请求" classname="03-state-recovery.spec.js" time="3.511">
<system-out>
<![CDATA[
[[ATTACHMENT|../../test-results/e2e-compat/03-state-recovery-A2-状态恢复与幂等-STATE-005-登录按钮快速多次点击仅触发一次请求-mobile-390x844/attachments/state-login-debounce-f0596e4fb361babda9f76bdbd3e37742cb500e54.png]]

[[ATTACHMENT|../../test-results/e2e-compat/03-state-recovery-A2-状态恢复与幂等-STATE-005-登录按钮快速多次点击仅触发一次请求-mobile-390x844/attachments/network-log-df1ac56f67baf3fffc35694fc792bb131ec21fd9.json]]
]]>
</system-out>
</testcase>
</testsuite>
<testsuite name="04-performance.spec.js" timestamp="2026-03-09T03:26:51.595Z" hostname="mobile-390x844" tests="2" failures="0" skipped="0" time="8.762" errors="0">
<testcase name="A2-基础性能门禁 › PERF-001 首页首屏时间低于阈值" classname="04-performance.spec.js" time="2.318">
<system-out>
<![CDATA[
[[ATTACHMENT|../../test-results/e2e-compat/04-performance-A2-基础性能门禁-PERF-001-首页首屏时间低于阈值-mobile-390x844/attachments/perf-first-screen-239ms-678155b29304727b9bd2069b8c298c8dbec265f9.png]]

[[ATTACHMENT|../../test-results/e2e-compat/04-performance-A2-基础性能门禁-PERF-001-首页首屏时间低于阈值-mobile-390x844/attachments/network-log-55005a0bfd0262ee70d5d2f2a5b67232eb12e470.json]]
]]>
</system-out>
</testcase>
<testcase name="A2-基础性能门禁 › PERF-002 首页到刷题页交互响应低于阈值" classname="04-performance.spec.js" time="6.444">
<system-out>
<![CDATA[
[[ATTACHMENT|../../test-results/e2e-compat/04-performance-A2-基础性能门禁-PERF-002-首页到刷题页交互响应低于阈值-mobile-390x844/attachments/perf-home-to-practice-916ms-th1300-samples-922-916-811c205e5c8b96523b24a5864e34bf2da172ca54.png]]

[[ATTACHMENT|../../test-results/e2e-compat/04-performance-A2-基础性能门禁-PERF-002-首页到刷题页交互响应低于阈值-mobile-390x844/attachments/network-log-487235a3516fb23692e9f6175305a949db1dda32.json]]
]]>
</system-out>
</testcase>
</testsuite>
<testsuite name="05-high-risk-pages.spec.js" timestamp="2026-03-09T03:26:51.595Z" hostname="mobile-390x844" tests="11" failures="0" skipped="0" time="20.322" errors="0">
<testcase name="A2-高风险页面可达性 › HR-001 /pages/login/index 页面渲染" classname="05-high-risk-pages.spec.js" time="2.039">
<system-out>
<![CDATA[
[[ATTACHMENT|../../test-results/e2e-compat/05-high-risk-pages-A2-高风险页面可达性-HR-001-pages-login-index-页面渲染-mobile-390x844/attachments/risk--pages-login-index-20321e5ec00869c1c4c8dc39b2c82cd845f515e2.png]]

[[ATTACHMENT|../../test-results/e2e-compat/05-high-risk-pages-A2-高风险页面可达性-HR-001-pages-login-index-页面渲染-mobile-390x844/attachments/network-log-8c49ad81e0537822470d7f848703754a47e2dc02.json]]
]]>
</system-out>
</testcase>
<testcase name="A2-高风险页面可达性 › HR-002 /pages/school/index 页面渲染" classname="05-high-risk-pages.spec.js" time="1.753">
<system-out>
<![CDATA[
[[ATTACHMENT|../../test-results/e2e-compat/05-high-risk-pages-A2-高风险页-20208-002-pages-school-index-页面渲染-mobile-390x844/attachments/risk--pages-school-index-f86a3385ee6fc41a15e69019d9ff1828964bc31e.png]]

[[ATTACHMENT|../../test-results/e2e-compat/05-high-risk-pages-A2-高风险页-20208-002-pages-school-index-页面渲染-mobile-390x844/attachments/network-log-3dd1b50f22ffa79132b32ba0fcfb713fd6af6e07.json]]
]]>
</system-out>
</testcase>
<testcase name="A2-高风险页面可达性 › HR-003 /pages/practice-sub/import-data 页面渲染" classname="05-high-risk-pages.spec.js" time="2.063">
<system-out>
<![CDATA[
[[ATTACHMENT|../../test-results/e2e-compat/05-high-risk-pages-A2-高风险页-c718a-actice-sub-import-data-页面渲染-mobile-390x844/attachments/risk--pages-practice-sub-import-data-c9d51d2730492383952bbb6f0eada13726ec3ab3.png]]

[[ATTACHMENT|../../test-results/e2e-compat/05-high-risk-pages-A2-高风险页-c718a-actice-sub-import-data-页面渲染-mobile-390x844/attachments/network-log-3c8bcf7788756146a35c8e57e9b5801662ba386d.json]]
]]>
</system-out>
</testcase>
<testcase name="A2-高风险页面可达性 › HR-004 /pages/practice-sub/do-quiz 页面渲染" classname="05-high-risk-pages.spec.js" time="1.646">
<system-out>
<![CDATA[
[[ATTACHMENT|../../test-results/e2e-compat/05-high-risk-pages-A2-高风险页-97d14-s-practice-sub-do-quiz-页面渲染-mobile-390x844/attachments/risk--pages-practice-sub-do-quiz-58379e927646ce3d0c3fe3bccada8974b0446920.png]]

[[ATTACHMENT|../../test-results/e2e-compat/05-high-risk-pages-A2-高风险页-97d14-s-practice-sub-do-quiz-页面渲染-mobile-390x844/attachments/network-log-45e69ed2d87c67c270bb1103dbdc501ce4c307aa.json]]
]]>
</system-out>
</testcase>
<testcase name="A2-高风险页面可达性 › HR-005 /pages/practice-sub/pk-battle 页面渲染" classname="05-high-risk-pages.spec.js" time="1.73">
<system-out>
<![CDATA[
[[ATTACHMENT|../../test-results/e2e-compat/05-high-risk-pages-A2-高风险页-cca1d-practice-sub-pk-battle-页面渲染-mobile-390x844/attachments/risk--pages-practice-sub-pk-battle-97d465ca1d3364627fd15b3769382517d19afdff.png]]

[[ATTACHMENT|../../test-results/e2e-compat/05-high-risk-pages-A2-高风险页-cca1d-practice-sub-pk-battle-页面渲染-mobile-390x844/attachments/network-log-06b1c80d2416c5cb7b8334230381392cd93a2d5f.json]]
]]>
</system-out>
</testcase>
<testcase name="A2-高风险页面可达性 › HR-006 /pages/practice-sub/mock-exam 页面渲染" classname="05-high-risk-pages.spec.js" time="1.771">
<system-out>
<![CDATA[
[[ATTACHMENT|../../test-results/e2e-compat/05-high-risk-pages-A2-高风险页-fd119-practice-sub-mock-exam-页面渲染-mobile-390x844/attachments/risk--pages-practice-sub-mock-exam-714574a7e4e7f62cd904f9e232aa1cd926f6b7cd.png]]

[[ATTACHMENT|../../test-results/e2e-compat/05-high-risk-pages-A2-高风险页-fd119-practice-sub-mock-exam-页面渲染-mobile-390x844/attachments/network-log-40726606a3e764d01394d62d785f72dc680fa27c.json]]
]]>
</system-out>
</testcase>
<testcase name="A2-高风险页面可达性 › HR-007 /pages/tools/doc-convert 页面渲染" classname="05-high-risk-pages.spec.js" time="1.952">
<system-out>
<![CDATA[
[[ATTACHMENT|../../test-results/e2e-compat/05-high-risk-pages-A2-高风险页-8ef29-ages-tools-doc-convert-页面渲染-mobile-390x844/attachments/risk--pages-tools-doc-convert-93321af360f1efe2189f91a532b8e0b24d373356.png]]

[[ATTACHMENT|../../test-results/e2e-compat/05-high-risk-pages-A2-高风险页-8ef29-ages-tools-doc-convert-页面渲染-mobile-390x844/attachments/network-log-e39c38cf1af54fe82986368f0861ec288ba924f4.json]]
]]>
</system-out>
</testcase>
<testcase name="A2-高风险页面可达性 › HR-008 /pages/tools/photo-search 页面渲染" classname="05-high-risk-pages.spec.js" time="1.726">
<system-out>
<![CDATA[
[[ATTACHMENT|../../test-results/e2e-compat/05-high-risk-pages-A2-高风险页-c97f5-ges-tools-photo-search-页面渲染-mobile-390x844/attachments/risk--pages-tools-photo-search-76a1d4f472efe24834259a3fb670748179d09481.png]]

[[ATTACHMENT|../../test-results/e2e-compat/05-high-risk-pages-A2-高风险页-c97f5-ges-tools-photo-search-页面渲染-mobile-390x844/attachments/network-log-39c85107e8a7ab7f74c90240f2157e0fc36ee20c.json]]
]]>
</system-out>
</testcase>
<testcase name="A2-高风险页面可达性 › HR-009 /pages/tools/id-photo 页面渲染" classname="05-high-risk-pages.spec.js" time="1.817">
<system-out>
<![CDATA[
[[ATTACHMENT|../../test-results/e2e-compat/05-high-risk-pages-A2-高风险页-8a85f-9-pages-tools-id-photo-页面渲染-mobile-390x844/attachments/risk--pages-tools-id-photo-d3bb65e8a647a30d0cc9b94567ce916b24db072e.png]]

[[ATTACHMENT|../../test-results/e2e-compat/05-high-risk-pages-A2-高风险页-8a85f-9-pages-tools-id-photo-页面渲染-mobile-390x844/attachments/network-log-9fd096ec86245119c4b1918cc6c1cd484bdb5317.json]]
]]>
</system-out>
</testcase>
<testcase name="A2-高风险页面可达性 › HR-010 /pages/settings/index 页面渲染" classname="05-high-risk-pages.spec.js" time="2.03">
<system-out>
<![CDATA[
[[ATTACHMENT|../../test-results/e2e-compat/05-high-risk-pages-A2-高风险页-c98ef-0-pages-settings-index-页面渲染-mobile-390x844/attachments/risk--pages-settings-index-abe5d4b493fac147027c8078dd0974c83748e035.png]]

[[ATTACHMENT|../../test-results/e2e-compat/05-high-risk-pages-A2-高风险页-c98ef-0-pages-settings-index-页面渲染-mobile-390x844/attachments/network-log-d66ba03653b67b1bd4be2bf573c9ca64560c2d04.json]]
]]>
</system-out>
</testcase>
<testcase name="A2-高风险页面可达性 › HR-011 /pages/chat/chat 页面渲染" classname="05-high-risk-pages.spec.js" time="1.795">
<system-out>
<![CDATA[
[[ATTACHMENT|../../test-results/e2e-compat/05-high-risk-pages-A2-高风险页面可达性-HR-011-pages-chat-chat-页面渲染-mobile-390x844/attachments/risk--pages-chat-chat-2c34da1ee97dd6e6920fd4d5853f51d9b2dc42a7.png]]

[[ATTACHMENT|../../test-results/e2e-compat/05-high-risk-pages-A2-高风险页面可达性-HR-011-pages-chat-chat-页面渲染-mobile-390x844/attachments/network-log-881e7539f1162fd344fd410f6be96bc514b28b7a.json]]
]]>
</system-out>
</testcase>
</testsuite>
<testsuite name="06-human-gesture.spec.js" timestamp="2026-03-09T03:26:51.595Z" hostname="mobile-390x844" tests="1" failures="0" skipped="0" time="3.567" errors="0">
<testcase name="A2-人工手势模拟 › HUMAN-001 首页上滑后页面保持可交互" classname="06-human-gesture.spec.js" time="3.567">
<system-out>
<![CDATA[
[[ATTACHMENT|../../test-results/e2e-compat/06-human-gesture-A2-人工手势模拟-HUMAN-001-首页上滑后页面保持可交互-mobile-390x844/attachments/human-gesture-home-swipe-up-281b5cb2559d3116fee8108fd043763232f3e2fe.png]]

[[ATTACHMENT|../../test-results/e2e-compat/06-human-gesture-A2-人工手势模拟-HUMAN-001-首页上滑后页面保持可交互-mobile-390x844/attachments/network-log-edb437edde285bbcc9c3294793cddab247c3589c.json]]
]]>
</system-out>
</testcase>
</testsuite>
<testsuite name="07-full-route-coverage.spec.js" timestamp="2026-03-09T03:26:51.595Z" hostname="mobile-390x844" tests="2" failures="0" skipped="0" time="57.042" errors="0">
<testcase name="A2-全量页面覆盖与 UI 健康度 › FULL-ROUTE-001 亮色模式全量路由可达 + UI 健康度检查" classname="07-full-route-coverage.spec.js" time="28.521">
<system-out>
<![CDATA[
[[ATTACHMENT|../../test-results/e2e-compat/07-full-route-coverage-A2--11416-UTE-001-亮色模式全量路由可达-UI-健康度检查-mobile-390x844/attachments/network-log-a81500fdc7ed8eff93045ce7446cf61d4a45e368.json]]
]]>
</system-out>
</testcase>
<testcase name="A2-全量页面覆盖与 UI 健康度 › FULL-ROUTE-002 深色模式全量路由可达 + UI 健康度检查" classname="07-full-route-coverage.spec.js" time="28.521">
<system-out>
<![CDATA[
[[ATTACHMENT|../../test-results/e2e-compat/07-full-route-coverage-A2--e7c88-UTE-002-深色模式全量路由可达-UI-健康度检查-mobile-390x844/attachments/network-log-d563f5a3734cd35d0226a5608c9e2ab7a0c48870.json]]
]]>
</system-out>
</testcase>
</testsuite>
<testsuite name="08-clickable-actions.spec.js" timestamp="2026-03-09T03:26:51.595Z" hostname="mobile-390x844" tests="5" failures="0" skipped="0" time="27.538" errors="0">
<testcase name="A2-可点击入口真实交互 › CLICK-001 首页工具卡真实点击后可跳转到对应页面" classname="08-clickable-actions.spec.js" time="4.289">
<system-out>
<![CDATA[
[[ATTACHMENT|../../test-results/e2e-compat/08-clickable-actions-A2-可点-1bff0-LICK-001-首页工具卡真实点击后可跳转到对应页面-mobile-390x844/attachments/network-log-fe1d761d56a3d80f992c16d67cb3cf2db8ebfa8a.json]]
]]>
</system-out>
</testcase>
<testcase name="A2-可点击入口真实交互 › CLICK-002 刷题页关键入口真实点击后可跳转或打开弹层" classname="08-clickable-actions.spec.js" time="15.451">
<system-out>
<![CDATA[
[[ATTACHMENT|../../test-results/e2e-compat/08-clickable-actions-A2-可点-2097f-CK-002-刷题页关键入口真实点击后可跳转或打开弹层-mobile-390x844/attachments/network-log-f797951f8ab9dac1516d8533d0e33c49417cd878.json]]
]]>
</system-out>
</testcase>
<testcase name="A2-可点击入口真实交互 › CLICK-003 个人中心菜单真实点击后可跳转" classname="08-clickable-actions.spec.js" time="4.296">
<system-out>
<![CDATA[
[[ATTACHMENT|../../test-results/e2e-compat/08-clickable-actions-A2-可点击入口真实交互-CLICK-003-个人中心菜单真实点击后可跳转-mobile-390x844/attachments/network-log-c274d1ad080ed8d927ccc6e8791cefbc5c9af3ed.json]]
]]>
</system-out>
</testcase>
<testcase name="A2-可点击入口真实交互 › CLICK-004 设置页好友入口真实点击后可跳转" classname="08-clickable-actions.spec.js" time="1.714">
<system-out>
<![CDATA[
[[ATTACHMENT|../../test-results/e2e-compat/08-clickable-actions-A2-可点击入口真实交互-CLICK-004-设置页好友入口真实点击后可跳转-mobile-390x844/attachments/network-log-29fdd95e74ea3f0267c06e27030566df6359bc22.json]]
]]>
</system-out>
</testcase>
<testcase name="A2-可点击入口真实交互 › CLICK-005 文档转换页点击选择文件会真实弹出文件选择并更新 UI" classname="08-clickable-actions.spec.js" time="1.788">
<system-out>
<![CDATA[
[[ATTACHMENT|../../test-results/e2e-compat/08-clickable-actions-A2-可点-2139a--文档转换页点击选择文件会真实弹出文件选择并更新-UI-mobile-390x844/attachments/network-log-2980db9b86931ad870083abfba699b00c55100d0.json]]
]]>
</system-out>
</testcase>
</testsuite>
<testsuite name="09-detailed-click-coverage.spec.js" timestamp="2026-03-09T03:26:51.595Z" hostname="mobile-390x844" tests="10" failures="0" skipped="0" time="63.274" errors="0">
<testcase name="A2-更细颗粒度真实点击覆盖 › DETAIL-001 首页欢迎横幅空题库弹窗与确认跳转可点击" classname="09-detailed-click-coverage.spec.js" time="3.732">
<system-out>
<![CDATA[
[[ATTACHMENT|../../test-results/e2e-compat/09-detailed-click-coverage-483e6-AIL-001-首页欢迎横幅空题库弹窗与确认跳转可点击-mobile-390x844/attachments/network-log-e637bed68b52674dc189ac306bedf64466de9596.json]]
]]>
</system-out>
</testcase>
<testcase name="A2-更细颗粒度真实点击覆盖 › DETAIL-002 首页欢迎横幅与统计卡真实点击后可跳转" classname="09-detailed-click-coverage.spec.js" time="7.02">
<system-out>
<![CDATA[
[[ATTACHMENT|../../test-results/e2e-compat/09-detailed-click-coverage-99834-TAIL-002-首页欢迎横幅与统计卡真实点击后可跳转-mobile-390x844/attachments/network-log-478f76f152a0ea8e64a632b533fc2bf74fd67a4d.json]]
]]>
</system-out>
</testcase>
<testcase name="A2-更细颗粒度真实点击覆盖 › DETAIL-003 首页学习卡、推荐卡、金句卡与计划编辑真实点击可响应" classname="09-detailed-click-coverage.spec.js" time="7.934">
<system-out>
<![CDATA[
[[ATTACHMENT|../../test-results/e2e-compat/09-detailed-click-coverage-17781-3-首页学习卡、推荐卡、金句卡与计划编辑真实点击可响应-mobile-390x844/attachments/network-log-7604cc25b16f5be9d57915f72f9e1b2bc3175328.json]]
]]>
</system-out>
</testcase>
<testcase name="A2-更细颗粒度真实点击覆盖 › DETAIL-004 TabBar 四页真实点击切换可达" classname="09-detailed-click-coverage.spec.js" time="3.983">
<system-out>
<![CDATA[
[[ATTACHMENT|../../test-results/e2e-compat/09-detailed-click-coverage-5f64e-ETAIL-004-TabBar-四页真实点击切换可达-mobile-390x844/attachments/network-log-9ce28a9d43f6177599f2a24f3831d476e1748050.json]]
]]>
</system-out>
</testcase>
<testcase name="A2-更细颗粒度真实点击覆盖 › DETAIL-005 刷题页剩余菜单与 PK 对战真实点击后可跳转" classname="09-detailed-click-coverage.spec.js" time="7.761">
<system-out>
<![CDATA[
[[ATTACHMENT|../../test-results/e2e-compat/09-detailed-click-coverage-340a7--005-刷题页剩余菜单与-PK-对战真实点击后可跳转-mobile-390x844/attachments/network-log-a4aab64a25b56a25a210f46c06838206a4941e87.json]]
]]>
</system-out>
</testcase>
<testcase name="A2-更细颗粒度真实点击覆盖 › DETAIL-006 练习模式弹层真实点击后可打开并关闭" classname="09-detailed-click-coverage.spec.js" time="24.3">
<system-out>
<![CDATA[
[[ATTACHMENT|../../test-results/e2e-compat/09-detailed-click-coverage-5f110-ETAIL-006-练习模式弹层真实点击后可打开并关闭-mobile-390x844/attachments/network-log-25c52fe5c365b488e9a8acaef96964e082c97872.json]]
]]>
</system-out>
</testcase>
<testcase name="A2-更细颗粒度真实点击覆盖 › DETAIL-007 文档转换完整点击流可执行" classname="09-detailed-click-coverage.spec.js" time="2.067">
<system-out>
<![CDATA[
[[ATTACHMENT|../../test-results/e2e-compat/09-detailed-click-coverage-b94d8-击覆盖-DETAIL-007-文档转换完整点击流可执行-mobile-390x844/attachments/network-log-47ce3680305404914bdea9bb8e6ae60449ce7b4f.json]]
]]>
</system-out>
</testcase>
<testcase name="A2-更细颗粒度真实点击覆盖 › DETAIL-008 证件照制作完整点击流可执行" classname="09-detailed-click-coverage.spec.js" time="2.313">
<system-out>
<![CDATA[
[[ATTACHMENT|../../test-results/e2e-compat/09-detailed-click-coverage-776d4-覆盖-DETAIL-008-证件照制作完整点击流可执行-mobile-390x844/attachments/network-log-d6b561fea05fe63a9657fa646aced0cebac66b97.json]]
]]>
</system-out>
</testcase>
<testcase name="A2-更细颗粒度真实点击覆盖 › DETAIL-009 拍照搜题完整点击流可执行" classname="09-detailed-click-coverage.spec.js" time="1.811">
<system-out>
<![CDATA[
[[ATTACHMENT|../../test-results/e2e-compat/09-detailed-click-coverage-0bd9c-击覆盖-DETAIL-009-拍照搜题完整点击流可执行-mobile-390x844/attachments/network-log-9cb56992190b5c537c244a5570edd5b795cece1d.json]]
]]>
</system-out>
</testcase>
<testcase name="A2-更细颗粒度真实点击覆盖 › DETAIL-010 个人中心主题按钮与反馈入口真实点击可响应" classname="09-detailed-click-coverage.spec.js" time="2.353">
<system-out>
<![CDATA[
[[ATTACHMENT|../../test-results/e2e-compat/09-detailed-click-coverage-1db5d-IL-010-个人中心主题按钮与反馈入口真实点击可响应-mobile-390x844/attachments/network-log-c963be1b4002c5d51efd66ba87243d95792178d5.json]]
]]>
</system-out>
</testcase>
</testsuite>
<testsuite name="10-backend-driven-flows.spec.js" timestamp="2026-03-09T03:26:51.595Z" hostname="mobile-390x844" tests="2" failures="0" skipped="0" time="4.367" errors="0">
<testcase name="A2-后端返回重点流转 › BACK-001 择校表单提交后真实渲染后端推荐结果，并可进入详情页" classname="10-backend-driven-flows.spec.js" time="2.454">
<system-out>
<![CDATA[
[[ATTACHMENT|../../test-results/e2e-compat/10-backend-driven-flows-A2-29a5f-1-择校表单提交后真实渲染后端推荐结果，并可进入详情页-mobile-390x844/attachments/network-log-5fe6d605e085fc8cddf51cc67bea63904dcf46c3.json]]
]]>
</system-out>
</testcase>
<testcase name="A2-后端返回重点流转 › BACK-002 智能好友聊天真实发送后可渲染后端回复" classname="10-backend-driven-flows.spec.js" time="1.913">
<system-out>
<![CDATA[
[[ATTACHMENT|../../test-results/e2e-compat/10-backend-driven-flows-A2-b0d5e-BACK-002-智能好友聊天真实发送后可渲染后端回复-mobile-390x844/attachments/network-log-f6ee1636197aa38d2a00d24b3574183bc4e7a4c5.json]]
]]>
</system-out>
</testcase>
</testsuite>
<testsuite name="11-login-and-import-precision.spec.js" timestamp="2026-03-09T03:26:51.595Z" hostname="mobile-390x844" tests="4" failures="0" skipped="0" time="10.682" errors="0">
<testcase name="A2-登录与资料导入精细回归 › PREC-001 邮箱登录与注册密码输入默认隐藏" classname="11-login-and-import-precision.spec.js" time="1.884">
<system-out>
<![CDATA[
[[ATTACHMENT|../../test-results/e2e-compat/11-login-and-import-precis-607d3-回归-PREC-001-邮箱登录与注册密码输入默认隐藏-mobile-390x844/attachments/network-log-3ac1b38be66135ca997271275d460d6f5967ca1b.json]]
]]>
</system-out>
</testcase>
<testcase name="A2-登录与资料导入精细回归 › PREC-002 邮箱注册发送验证码后显示倒计时并可成功注册" classname="11-login-and-import-precision.spec.js" time="3.712">
<system-out>
<![CDATA[
[[ATTACHMENT|../../test-results/e2e-compat/11-login-and-import-precis-d8b65-C-002-邮箱注册发送验证码后显示倒计时并可成功注册-mobile-390x844/attachments/network-log-bfbc4aa174b0cf834dc4c5a3d80397f9ea28c7f3.json]]
]]>
</system-out>
</testcase>
<testcase name="A2-登录与资料导入精细回归 › PREC-003 验证码发送后按钮进入倒计时而不是假死" classname="11-login-and-import-precision.spec.js" time="2.015">
<system-out>
<![CDATA[
[[ATTACHMENT|../../test-results/e2e-compat/11-login-and-import-precis-c9d73-PREC-003-验证码发送后按钮进入倒计时而不是假死-mobile-390x844/attachments/network-log-e8254d11aefcb7e711a9af977d58e8cd104d0587.json]]
]]>
</system-out>
</testcase>
<testcase name="A2-登录与资料导入精细回归 › PREC-004 欢迎横幅进入资料导入页后主卡片与操作栏不重叠" classname="11-login-and-import-precision.spec.js" time="3.071">
<system-out>
<![CDATA[
[[ATTACHMENT|../../test-results/e2e-compat/11-login-and-import-precis-cc8f3--004-欢迎横幅进入资料导入页后主卡片与操作栏不重叠-mobile-390x844/attachments/network-log-177dbf6ecf49c4a5c09ce7154b0996d9ff3cf2a8.json]]
]]>
</system-out>
</testcase>
</testsuite>
<testsuite name="12-full-page-scroll-audit.spec.js" timestamp="2026-03-09T03:26:51.595Z" hostname="mobile-390x844" tests="1" failures="0" skipped="0" time="79.09" errors="0">
<testcase name="A2-全页面滚动截图巡检 › SCROLL-001 全声明页面支持人工式滑动巡检并截图留档" classname="12-full-page-scroll-audit.spec.js" time="79.09">
<system-out>
<![CDATA[
[[ATTACHMENT|../../test-results/e2e-compat/12-full-page-scroll-audit--8044a-OLL-001-全声明页面支持人工式滑动巡检并截图留档-mobile-390x844/attachments/scroll-audit-top-pages-index-index-7e19f4d824ddd5a72cb4a710991034676c8363b2.png]]

[[ATTACHMENT|../../test-results/e2e-compat/12-full-page-scroll-audit--8044a-OLL-001-全声明页面支持人工式滑动巡检并截图留档-mobile-390x844/attachments/scroll-audit-bottom-pages-index-index-36b67d679aed9fc0ad027748b340e6082b1cda47.png]]

[[ATTACHMENT|../../test-results/e2e-compat/12-full-page-scroll-audit--8044a-OLL-001-全声明页面支持人工式滑动巡检并截图留档-mobile-390x844/attachments/scroll-audit-top-pages-practice-index-9a1b76a952d6665ed9719b7e9b013322a9ee6abc.png]]

[[ATTACHMENT|../../test-results/e2e-compat/12-full-page-scroll-audit--8044a-OLL-001-全声明页面支持人工式滑动巡检并截图留档-mobile-390x844/attachments/scroll-audit-bottom-pages-practice-index-3c6b1ccb9840a0610ee8c1ad1b2fc9f1316ac938.png]]

[[ATTACHMENT|../../test-results/e2e-compat/12-full-page-scroll-audit--8044a-OLL-001-全声明页面支持人工式滑动巡检并截图留档-mobile-390x844/attachments/scroll-audit-top-pages-school-index-e6c51f947f2381c6a07eaa583f8872f9ccacd8ee.png]]

[[ATTACHMENT|../../test-results/e2e-compat/12-full-page-scroll-audit--8044a-OLL-001-全声明页面支持人工式滑动巡检并截图留档-mobile-390x844/attachments/scroll-audit-bottom-pages-school-index-b35ac086a4d2c222abb8a90f031c6c06af64c6ef.png]]

[[ATTACHMENT|../../test-results/e2e-compat/12-full-page-scroll-audit--8044a-OLL-001-全声明页面支持人工式滑动巡检并截图留档-mobile-390x844/attachments/scroll-audit-top-pages-profile-index-8d9dd5b16367cbbae8576eba9a7b53388c6dcdd3.png]]

[[ATTACHMENT|../../test-results/e2e-compat/12-full-page-scroll-audit--8044a-OLL-001-全声明页面支持人工式滑动巡检并截图留档-mobile-390x844/attachments/scroll-audit-bottom-pages-profile-index-900ef2c9b1f7cb342daf736423c1c767c92417c5.png]]

[[ATTACHMENT|../../test-results/e2e-compat/12-full-page-scroll-audit--8044a-OLL-001-全声明页面支持人工式滑动巡检并截图留档-mobile-390x844/attachments/scroll-audit-top-pages-practice-sub-do-quiz-5458575b39872405d59ee9115520b317e62ce676.png]]

[[ATTACHMENT|../../test-results/e2e-compat/12-full-page-scroll-audit--8044a-OLL-001-全声明页面支持人工式滑动巡检并截图留档-mobile-390x844/attachments/scroll-audit-bottom-pages-practice-sub-do-quiz-85c364c9052b7f1354aa0c61d3eaec2d154cf177.png]]

[[ATTACHMENT|../../test-results/e2e-compat/12-full-page-scroll-audit--8044a-OLL-001-全声明页面支持人工式滑动巡检并截图留档-mobile-390x844/attachments/scroll-audit-top-pages-practice-sub-pk-battle-e29e2b12c7faf5eebebe256874cdf5db966be3e3.png]]

[[ATTACHMENT|../../test-results/e2e-compat/12-full-page-scroll-audit--8044a-OLL-001-全声明页面支持人工式滑动巡检并截图留档-mobile-390x844/attachments/scroll-audit-bottom-pages-practice-sub-pk-battle-164d31e97076da3b197e32b9918e2b7eafe91fd9.png]]

[[ATTACHMENT|../../test-results/e2e-compat/12-full-page-scroll-audit--8044a-OLL-001-全声明页面支持人工式滑动巡检并截图留档-mobile-390x844/attachments/scroll-audit-top-pages-practice-sub-rank-2b350b6b8b42b61ca902f8558b1ff49a9d933dd2.png]]

[[ATTACHMENT|../../test-results/e2e-compat/12-full-page-scroll-audit--8044a-OLL-001-全声明页面支持人工式滑动巡检并截图留档-mobile-390x844/attachments/scroll-audit-bottom-pages-practice-sub-rank-175f1e2a348051132a063f139d085000d0a878ea.png]]

[[ATTACHMENT|../../test-results/e2e-compat/12-full-page-scroll-audit--8044a-OLL-001-全声明页面支持人工式滑动巡检并截图留档-mobile-390x844/attachments/scroll-audit-top-pages-practice-sub-import-data-f8c11f74dec33804f02c529bad508602d8f4790f.png]]

[[ATTACHMENT|../../test-results/e2e-compat/12-full-page-scroll-audit--8044a-OLL-001-全声明页面支持人工式滑动巡检并截图留档-mobile-390x844/attachments/scroll-audit-bottom-pages-practice-sub-import-data-26de802517cf5166b8304e7a64b8459f142727b3.png]]

[[ATTACHMENT|../../test-results/e2e-compat/12-full-page-scroll-audit--8044a-OLL-001-全声明页面支持人工式滑动巡检并截图留档-mobile-390x844/attachments/scroll-audit-top-pages-practice-sub-file-manager-11f464b6803b6e16067f01bbf87b8c300902c373.png]]

[[ATTACHMENT|../../test-results/e2e-compat/12-full-page-scroll-audit--8044a-OLL-001-全声明页面支持人工式滑动巡检并截图留档-mobile-390x844/attachments/scroll-audit-bottom-pages-practice-sub-file-manager-a59ead52d16d8467b85948af67915c321c98254b.png]]

[[ATTACHMENT|../../test-results/e2e-compat/12-full-page-scroll-audit--8044a-OLL-001-全声明页面支持人工式滑动巡检并截图留档-mobile-390x844/attachments/scroll-audit-top-pages-practice-sub-mock-exam-68e6d4a335c0526ac55d1870b1f63e7d22a4abf1.png]]

[[ATTACHMENT|../../test-results/e2e-compat/12-full-page-scroll-audit--8044a-OLL-001-全声明页面支持人工式滑动巡检并截图留档-mobile-390x844/attachments/scroll-audit-bottom-pages-practice-sub-mock-exam-91d212920cb5e564b56c96769629a368bb53fde7.png]]

[[ATTACHMENT|../../test-results/e2e-compat/12-full-page-scroll-audit--8044a-OLL-001-全声明页面支持人工式滑动巡检并截图留档-mobile-390x844/attachments/scroll-audit-top-pages-school-sub-detail-f8e5ffca518f03a7fb263bdcaf796ef334ea746a.png]]

[[ATTACHMENT|../../test-results/e2e-compat/12-full-page-scroll-audit--8044a-OLL-001-全声明页面支持人工式滑动巡检并截图留档-mobile-390x844/attachments/scroll-audit-bottom-pages-school-sub-detail-2359b4aebb04d94ac479aef99ccf4311f9259471.png]]

[[ATTACHMENT|../../test-results/e2e-compat/12-full-page-scroll-audit--8044a-OLL-001-全声明页面支持人工式滑动巡检并截图留档-mobile-390x844/attachments/scroll-audit-top-pages-splash-index-fcc2143bf13c948ae391505997b264bc89ac6227.png]]

[[ATTACHMENT|../../test-results/e2e-compat/12-full-page-scroll-audit--8044a-OLL-001-全声明页面支持人工式滑动巡检并截图留档-mobile-390x844/attachments/scroll-audit-bottom-pages-splash-index-4f12dae4581a5bc9ddcf0b277ad21a7f3d31b091.png]]

[[ATTACHMENT|../../test-results/e2e-compat/12-full-page-scroll-audit--8044a-OLL-001-全声明页面支持人工式滑动巡检并截图留档-mobile-390x844/attachments/scroll-audit-top-pages-login-index-c91051e779ab64051ba85f3758d1a9a42dea90a2.png]]

[[ATTACHMENT|../../test-results/e2e-compat/12-full-page-scroll-audit--8044a-OLL-001-全声明页面支持人工式滑动巡检并截图留档-mobile-390x844/attachments/scroll-audit-bottom-pages-login-index-4a13b07ad623f9dab8fa7a15b451aee9b20511db.png]]

[[ATTACHMENT|../../test-results/e2e-compat/12-full-page-scroll-audit--8044a-OLL-001-全声明页面支持人工式滑动巡检并截图留档-mobile-390x844/attachments/scroll-audit-top-pages-login-wechat-callback-a4f5858bcd66902cccd929ad1e53b5a692b66673.png]]

[[ATTACHMENT|../../test-results/e2e-compat/12-full-page-scroll-audit--8044a-OLL-001-全声明页面支持人工式滑动巡检并截图留档-mobile-390x844/attachments/scroll-audit-bottom-pages-login-wechat-callback-570b341767f71cd19a150e9120137b55ea005138.png]]

[[ATTACHMENT|../../test-results/e2e-compat/12-full-page-scroll-audit--8044a-OLL-001-全声明页面支持人工式滑动巡检并截图留档-mobile-390x844/attachments/scroll-audit-top-pages-login-qq-callback-052ab87e036667bef5f3fd8d0b62b2be81ae26b6.png]]

[[ATTACHMENT|../../test-results/e2e-compat/12-full-page-scroll-audit--8044a-OLL-001-全声明页面支持人工式滑动巡检并截图留档-mobile-390x844/attachments/scroll-audit-bottom-pages-login-qq-callback-1768de4ab4e1981f0910b0ea42694b4b749c526d.png]]

[[ATTACHMENT|../../test-results/e2e-compat/12-full-page-scroll-audit--8044a-OLL-001-全声明页面支持人工式滑动巡检并截图留档-mobile-390x844/attachments/scroll-audit-top-pages-settings-index-9945c35b9dff8297b14c546eb6ea59902de44994.png]]

[[ATTACHMENT|../../test-results/e2e-compat/12-full-page-scroll-audit--8044a-OLL-001-全声明页面支持人工式滑动巡检并截图留档-mobile-390x844/attachments/scroll-audit-bottom-pages-settings-index-bbc63a0ced04ffd1ee991313d78813928eac3ed1.png]]

[[ATTACHMENT|../../test-results/e2e-compat/12-full-page-scroll-audit--8044a-OLL-001-全声明页面支持人工式滑动巡检并截图留档-mobile-390x844/attachments/scroll-audit-top-pages-settings-privacy-811e467c4b05e7b6417db25774b3cc114adb542c.png]]

[[ATTACHMENT|../../test-results/e2e-compat/12-full-page-scroll-audit--8044a-OLL-001-全声明页面支持人工式滑动巡检并截图留档-mobile-390x844/attachments/scroll-audit-bottom-pages-settings-privacy-558cfcc7fd1d9b9638823ea5c5aeb1dc345d8c9d.png]]

[[ATTACHMENT|../../test-results/e2e-compat/12-full-page-scroll-audit--8044a-OLL-001-全声明页面支持人工式滑动巡检并截图留档-mobile-390x844/attachments/scroll-audit-top-pages-settings-terms-b0161325bf351bac5fabdbd5cbc1e16b40b2b658.png]]

[[ATTACHMENT|../../test-results/e2e-compat/12-full-page-scroll-audit--8044a-OLL-001-全声明页面支持人工式滑动巡检并截图留档-mobile-390x844/attachments/scroll-audit-bottom-pages-settings-terms-16ab4c0a869d6a013da9f78545092783edc37753.png]]

[[ATTACHMENT|../../test-results/e2e-compat/12-full-page-scroll-audit--8044a-OLL-001-全声明页面支持人工式滑动巡检并截图留档-mobile-390x844/attachments/scroll-audit-top-pages-social-friend-list-712dce2538103b7525d797da312e97cf00aca5eb.png]]

[[ATTACHMENT|../../test-results/e2e-compat/12-full-page-scroll-audit--8044a-OLL-001-全声明页面支持人工式滑动巡检并截图留档-mobile-390x844/attachments/scroll-audit-bottom-pages-social-friend-list-41aea1695fb63e146039b6a4ee8826157ca98350.png]]

[[ATTACHMENT|../../test-results/e2e-compat/12-full-page-scroll-audit--8044a-OLL-001-全声明页面支持人工式滑动巡检并截图留档-mobile-390x844/attachments/scroll-audit-top-pages-social-friend-profile-a83002548084acaa8db93eb4b794f54b0264babc.png]]

[[ATTACHMENT|../../test-results/e2e-compat/12-full-page-scroll-audit--8044a-OLL-001-全声明页面支持人工式滑动巡检并截图留档-mobile-390x844/attachments/scroll-audit-bottom-pages-social-friend-profile-de0741ca52c14e5833c30e314a932ad20dedd130.png]]

[[ATTACHMENT|../../test-results/e2e-compat/12-full-page-scroll-audit--8044a-OLL-001-全声明页面支持人工式滑动巡检并截图留档-mobile-390x844/attachments/scroll-audit-top-pages-chat-chat-e6be3de73d1a5a5fb8cbcc3bdb1996a7eafac94d.png]]

[[ATTACHMENT|../../test-results/e2e-compat/12-full-page-scroll-audit--8044a-OLL-001-全声明页面支持人工式滑动巡检并截图留档-mobile-390x844/attachments/scroll-audit-bottom-pages-chat-chat-f114e1322a70be3707662ec5b7db79aec43b5bc8.png]]

[[ATTACHMENT|../../test-results/e2e-compat/12-full-page-scroll-audit--8044a-OLL-001-全声明页面支持人工式滑动巡检并截图留档-mobile-390x844/attachments/scroll-audit-top-pages-mistake-index-aa5a9ee27ea01e628732ea393cad80e611ee2441.png]]

[[ATTACHMENT|../../test-results/e2e-compat/12-full-page-scroll-audit--8044a-OLL-001-全声明页面支持人工式滑动巡检并截图留档-mobile-390x844/attachments/scroll-audit-bottom-pages-mistake-index-af93bfa02bb7494277d0ca588b3c74d3de60e01a.png]]

[[ATTACHMENT|../../test-results/e2e-compat/12-full-page-scroll-audit--8044a-OLL-001-全声明页面支持人工式滑动巡检并截图留档-mobile-390x844/attachments/scroll-audit-top-pages-favorite-index-b957390e52b3ac075cd012ca9068013879822541.png]]

[[ATTACHMENT|../../test-results/e2e-compat/12-full-page-scroll-audit--8044a-OLL-001-全声明页面支持人工式滑动巡检并截图留档-mobile-390x844/attachments/scroll-audit-bottom-pages-favorite-index-de6f173d0af25cb3d66a4873e0a40082ffd740c6.png]]

[[ATTACHMENT|../../test-results/e2e-compat/12-full-page-scroll-audit--8044a-OLL-001-全声明页面支持人工式滑动巡检并截图留档-mobile-390x844/attachments/scroll-audit-top-pages-plan-index-d1e1f40edc2a34d428a952c5a0c169185147821f.png]]

[[ATTACHMENT|../../test-results/e2e-compat/12-full-page-scroll-audit--8044a-OLL-001-全声明页面支持人工式滑动巡检并截图留档-mobile-390x844/attachments/scroll-audit-bottom-pages-plan-index-3e06d098ab66ede63f3c506f0b8b3e6239a89df7.png]]

[[ATTACHMENT|../../test-results/e2e-compat/12-full-page-scroll-audit--8044a-OLL-001-全声明页面支持人工式滑动巡检并截图留档-mobile-390x844/attachments/scroll-audit-top-pages-plan-create-244d0d277582d016190f415a4e4b83a1fb9f0cb0.png]]

[[ATTACHMENT|../../test-results/e2e-compat/12-full-page-scroll-audit--8044a-OLL-001-全声明页面支持人工式滑动巡检并截图留档-mobile-390x844/attachments/scroll-audit-bottom-pages-plan-create-856afb713e1c82ded49936f6f4ea978048dae4e4.png]]

[[ATTACHMENT|../../test-results/e2e-compat/12-full-page-scroll-audit--8044a-OLL-001-全声明页面支持人工式滑动巡检并截图留档-mobile-390x844/attachments/scroll-audit-top-pages-study-detail-index-36b54c707f309b479ed2fbd4eadf193c9cf8c275.png]]

[[ATTACHMENT|../../test-results/e2e-compat/12-full-page-scroll-audit--8044a-OLL-001-全声明页面支持人工式滑动巡检并截图留档-mobile-390x844/attachments/scroll-audit-bottom-pages-study-detail-index-d2f463b9e830120c0f8c6ab5a29cdad05a0b2ddd.png]]

[[ATTACHMENT|../../test-results/e2e-compat/12-full-page-scroll-audit--8044a-OLL-001-全声明页面支持人工式滑动巡检并截图留档-mobile-390x844/attachments/scroll-audit-top-pages-tools-photo-search-d9938495cc5d776b58c644a3947ac2eb121b4c3a.png]]

[[ATTACHMENT|../../test-results/e2e-compat/12-full-page-scroll-audit--8044a-OLL-001-全声明页面支持人工式滑动巡检并截图留档-mobile-390x844/attachments/scroll-audit-bottom-pages-tools-photo-search-fcf738dfe2c75e6b709f0b3c21004b84fe256e49.png]]

[[ATTACHMENT|../../test-results/e2e-compat/12-full-page-scroll-audit--8044a-OLL-001-全声明页面支持人工式滑动巡检并截图留档-mobile-390x844/attachments/scroll-audit-top-pages-tools-doc-convert-c7f00d2dd988dec3020174e2672d5a5b08dd4ac1.png]]

[[ATTACHMENT|../../test-results/e2e-compat/12-full-page-scroll-audit--8044a-OLL-001-全声明页面支持人工式滑动巡检并截图留档-mobile-390x844/attachments/scroll-audit-bottom-pages-tools-doc-convert-195402b925679a81977ab8cf4a1355b1742ff128.png]]

[[ATTACHMENT|../../test-results/e2e-compat/12-full-page-scroll-audit--8044a-OLL-001-全声明页面支持人工式滑动巡检并截图留档-mobile-390x844/attachments/scroll-audit-top-pages-tools-id-photo-e4810d4d86375b26ab4a9d27db173c08c02951b8.png]]

[[ATTACHMENT|../../test-results/e2e-compat/12-full-page-scroll-audit--8044a-OLL-001-全声明页面支持人工式滑动巡检并截图留档-mobile-390x844/attachments/scroll-audit-bottom-pages-tools-id-photo-f935fed06822056a21ea4cd32e5171c49c0baa17.png]]

[[ATTACHMENT|../../test-results/e2e-compat/12-full-page-scroll-audit--8044a-OLL-001-全声明页面支持人工式滑动巡检并截图留档-mobile-390x844/attachments/scroll-audit-top-pages-knowledge-graph-index-39b6f72a9a6325c5a55ced25f10f921d9442d89c.png]]

[[ATTACHMENT|../../test-results/e2e-compat/12-full-page-scroll-audit--8044a-OLL-001-全声明页面支持人工式滑动巡检并截图留档-mobile-390x844/attachments/scroll-audit-bottom-pages-knowledge-graph-index-efce7e1927c2dff14ace2058a69f3c1b6baa287e.png]]

[[ATTACHMENT|../../test-results/e2e-compat/12-full-page-scroll-audit--8044a-OLL-001-全声明页面支持人工式滑动巡检并截图留档-mobile-390x844/attachments/network-log-c67368be40c1832cfafef21ee4a5e05058159fc6.json]]
]]>
</system-out>
</testcase>
</testsuite>
<testsuite name="13-profile-settings-actions.spec.js" timestamp="2026-03-09T03:26:51.595Z" hostname="mobile-390x844" tests="4" failures="0" skipped="0" time="13.067" errors="0">
<testcase name="A2-个人中心与设置页精细交互 › PROFILE-SET-001 登录页协议链接、个人中心反馈与设置菜单都可触达" classname="13-profile-settings-actions.spec.js" time="4.132">
<system-out>
<![CDATA[
[[ATTACHMENT|../../test-results/e2e-compat/13-profile-settings-action-e8142-001-登录页协议链接、个人中心反馈与设置菜单都可触达-mobile-390x844/attachments/network-log-614a336d433648c676138e897d21e934031179d2.json]]
]]>
</system-out>
</testcase>
<testcase name="A2-个人中心与设置页精细交互 › PROFILE-SET-002 个人中心主题切换、退出确认与打卡按钮可响应" classname="13-profile-settings-actions.spec.js" time="1.783">
<system-out>
<![CDATA[
[[ATTACHMENT|../../test-results/e2e-compat/13-profile-settings-action-34345-T-002-个人中心主题切换、退出确认与打卡按钮可响应-mobile-390x844/attachments/network-log-c75e6f81f51bde10cf3d773ec35a4e00585f5f4c.json]]
]]>
</system-out>
</testcase>
<testcase name="A2-个人中心与设置页精细交互 › PROFILE-SET-003 设置页开关、清缓存、目标院校弹窗与注销确认可响应" classname="13-profile-settings-actions.spec.js" time="3.304">
<system-out>
<![CDATA[
[[ATTACHMENT|../../test-results/e2e-compat/13-profile-settings-action-d069e-03-设置页开关、清缓存、目标院校弹窗与注销确认可响应-mobile-390x844/attachments/network-log-da201b1a37b2198935452be9821b5bd052fa1c7b.json]]
]]>
</system-out>
</testcase>
<testcase name="A2-个人中心与设置页精细交互 › PROFILE-SET-004 设置页目标院校删除与注销撤销状态可自动验证" classname="13-profile-settings-actions.spec.js" time="3.848">
<system-out>
<![CDATA[
[[ATTACHMENT|../../test-results/e2e-compat/13-profile-settings-action-1653f-T-004-设置页目标院校删除与注销撤销状态可自动验证-mobile-390x844/attachments/network-log-fe01bce620c63d8760ce66ad9717ad49ee240811.json]]
]]>
</system-out>
</testcase>
</testsuite>
<testsuite name="14-share-and-native-fallbacks.spec.js" timestamp="2026-03-09T03:26:51.595Z" hostname="mobile-390x844" tests="3" failures="0" skipped="0" time="6.97" errors="0">
<testcase name="A2-分享与原生降级链路 › SHARE-001 首页每日金句分享面板可打开并关闭" classname="14-share-and-native-fallbacks.spec.js" time="2.271">
<system-out>
<![CDATA[
[[ATTACHMENT|../../test-results/e2e-compat/14-share-and-native-fallba-a3676--SHARE-001-首页每日金句分享面板可打开并关闭-mobile-390x844/attachments/network-log-daa069a91173928054264d8ca531c9180c501c84.json]]
]]>
</system-out>
</testcase>
<testcase name="A2-分享与原生降级链路 › SHARE-002 院校详情页分享按钮在 H5 下优先分享，失败时回退复制" classname="14-share-and-native-fallbacks.spec.js" time="1.707">
<system-out>
<![CDATA[
[[ATTACHMENT|../../test-results/e2e-compat/14-share-and-native-fallba-4204c-院校详情页分享按钮在-H5-下优先分享，失败时回退复制-mobile-390x844/attachments/network-log-dd4dd7e77e27ef66ab06e0220439c6c6e00496d1.json]]
]]>
</system-out>
</testcase>
<testcase name="A2-分享与原生降级链路 › SHARE-003 登录页隐私政策与用户协议链接持续可访问" classname="14-share-and-native-fallbacks.spec.js" time="2.992">
<system-out>
<![CDATA[
[[ATTACHMENT|../../test-results/e2e-compat/14-share-and-native-fallba-9ed2d-ARE-003-登录页隐私政策与用户协议链接持续可访问-mobile-390x844/attachments/network-log-ab9531d25cfaf9339074214986f72a26b5d6be56.json]]
]]>
</system-out>
</testcase>
</testsuite>
<testsuite name="15-long-tail-pages.spec.js" timestamp="2026-03-09T03:26:51.595Z" hostname="mobile-390x844" tests="5" failures="0" skipped="0" time="14.883" errors="0">
<testcase name="A2-长尾页面深度回归 › LONG-001 收藏页支持答案展开、笔记保存与跳转练习" classname="15-long-tail-pages.spec.js" time="2.989">
<system-out>
<![CDATA[
[[ATTACHMENT|../../test-results/e2e-compat/15-long-tail-pages-A2-长尾页面深度回归-LONG-001-收藏页支持答案展开、笔记保存与跳转练习-mobile-390x844/attachments/network-log-ce8c091a0367cc47fe5c9958c3e64c8897c8f9a7.json]]
]]>
</system-out>
</testcase>
<testcase name="A2-长尾页面深度回归 › LONG-002 文件管理页支持查看文件信息、删除与清空" classname="15-long-tail-pages.spec.js" time="2.306">
<system-out>
<![CDATA[
[[ATTACHMENT|../../test-results/e2e-compat/15-long-tail-pages-A2-长尾页面深度回归-LONG-002-文件管理页支持查看文件信息、删除与清空-mobile-390x844/attachments/network-log-f6b97ddb28d3d55e9b99998fb0561d75b3567a31.json]]
]]>
</system-out>
</testcase>
<testcase name="A2-长尾页面深度回归 › LONG-003 好友页支持搜索加好友、查看资料与删除好友" classname="15-long-tail-pages.spec.js" time="4.69">
<system-out>
<![CDATA[
[[ATTACHMENT|../../test-results/e2e-compat/15-long-tail-pages-A2-长尾页面深度回归-LONG-003-好友页支持搜索加好友、查看资料与删除好友-mobile-390x844/attachments/network-log-e015413924a1f7edb2761d46936313548393a3eb.json]]
]]>
</system-out>
</testcase>
<testcase name="A2-长尾页面深度回归 › LONG-004 知识图谱支持掌握度查看、节点详情与练习跳转" classname="15-long-tail-pages.spec.js" time="2.546">
<system-out>
<![CDATA[
[[ATTACHMENT|../../test-results/e2e-compat/15-long-tail-pages-A2-长尾页面-631ed-G-004-知识图谱支持掌握度查看、节点详情与练习跳转-mobile-390x844/attachments/network-log-ce7bcdd54573d948182a5322877e167a43dd7fd6.json]]
]]>
</system-out>
</testcase>
<testcase name="A2-长尾页面深度回归 › LONG-005 学习计划支持详情查看、智能调整与删除" classname="15-long-tail-pages.spec.js" time="2.352">
<system-out>
<![CDATA[
[[ATTACHMENT|../../test-results/e2e-compat/15-long-tail-pages-A2-长尾页面深度回归-LONG-005-学习计划支持详情查看、智能调整与删除-mobile-390x844/attachments/network-log-a2e36eb4aa73b9acab9ca8d2ecf20d63eca809ee.json]]
]]>
</system-out>
</testcase>
</testsuite>
<testsuite name="00-smoke.spec.js" timestamp="2026-03-09T03:26:51.595Z" hostname="mobile-375x667" tests="3" failures="0" skipped="0" time="15.842" errors="0">
<testcase name="A2-冒烟测试 › SMOKE-001 应用启动并显示首页结构" classname="00-smoke.spec.js" time="2.063">
<system-out>
<![CDATA[
[[ATTACHMENT|../../test-results/e2e-compat/00-smoke-A2-冒烟测试-SMOKE-001-应用启动并显示首页结构-mobile-375x667/attachments/smoke-home-ba3893132e3fc25e3910b5670747f6a2170d7e76.png]]

[[ATTACHMENT|../../test-results/e2e-compat/00-smoke-A2-冒烟测试-SMOKE-001-应用启动并显示首页结构-mobile-375x667/attachments/network-log-cf0f4683c8cd1c84e53548033f5651427b9575af.json]]
]]>
</system-out>
</testcase>
<testcase name="A2-冒烟测试 › SMOKE-002 刷题页关键入口可见" classname="00-smoke.spec.js" time="11.733">
<system-out>
<![CDATA[
[[ATTACHMENT|../../test-results/e2e-compat/00-smoke-A2-冒烟测试-SMOKE-002-刷题页关键入口可见-mobile-375x667/attachments/smoke-practice-3a9cc67d2253e9b721148df1e73ac605d6383596.png]]

[[ATTACHMENT|../../test-results/e2e-compat/00-smoke-A2-冒烟测试-SMOKE-002-刷题页关键入口可见-mobile-375x667/attachments/network-log-b3af95e9fb6812754f98503968525c9e6dfe737e.json]]
]]>
</system-out>
</testcase>
<testcase name="A2-冒烟测试 › SMOKE-003 择校页表单可操作" classname="00-smoke.spec.js" time="2.046">
<system-out>
<![CDATA[
[[ATTACHMENT|../../test-results/e2e-compat/00-smoke-A2-冒烟测试-SMOKE-003-择校页表单可操作-mobile-375x667/attachments/smoke-school-dea6de7d6dbcb7ae6ca3fd21c0ff132e6c81bf2f.png]]

[[ATTACHMENT|../../test-results/e2e-compat/00-smoke-A2-冒烟测试-SMOKE-003-择校页表单可操作-mobile-375x667/attachments/network-log-78f975c778da8739b744e13e9a2c5d3e0ef42bb8.json]]
]]>
</system-out>
</testcase>
</testsuite>
<testsuite name="01-core-flow.spec.js" timestamp="2026-03-09T03:26:51.595Z" hostname="mobile-375x667" tests="3" failures="0" skipped="0" time="37.473" errors="0">
<testcase name="A2-核心流程 › CORE-001 登录页可输入并触发登录动作" classname="01-core-flow.spec.js" time="13.261">
<system-out>
<![CDATA[
[[ATTACHMENT|../../test-results/e2e-compat/01-core-flow-A2-核心流程-CORE-001-登录页可输入并触发登录动作-mobile-375x667/attachments/core-login-input-1a3cdcbb461cc46fce269ed7582b990955555acb.png]]

[[ATTACHMENT|../../test-results/e2e-compat/01-core-flow-A2-核心流程-CORE-001-登录页可输入并触发登录动作-mobile-375x667/attachments/network-log-d3917e98685e50083fa6c658650e48ad04c1f9cd.json]]
]]>
</system-out>
</testcase>
<testcase name="A2-核心流程 › CORE-002 登录后进入刷题页并打开做题页" classname="01-core-flow.spec.js" time="22.537">
<system-out>
<![CDATA[
[[ATTACHMENT|../../test-results/e2e-compat/01-core-flow-A2-核心流程-CORE-002-登录后进入刷题页并打开做题页-mobile-375x667/attachments/core-practice-to-quiz-693b3dcd40447b85276205b1b9333a4d9b2b19f0.png]]

[[ATTACHMENT|../../test-results/e2e-compat/01-core-flow-A2-核心流程-CORE-002-登录后进入刷题页并打开做题页-mobile-375x667/attachments/network-log-6d1bbd2639520dd8eed218cb863f71386503cb1a.json]]
]]>
</system-out>
</testcase>
<testcase name="A2-核心流程 › CORE-003 学习计划结果页可达" classname="01-core-flow.spec.js" time="1.675">
<system-out>
<![CDATA[
[[ATTACHMENT|../../test-results/e2e-compat/01-core-flow-A2-核心流程-CORE-003-学习计划结果页可达-mobile-375x667/attachments/core-plan-result-page-297512fcf5530e5958847d7eb61fb92e827cb885.png]]

[[ATTACHMENT|../../test-results/e2e-compat/01-core-flow-A2-核心流程-CORE-003-学习计划结果页可达-mobile-375x667/attachments/network-log-8abfa58766f536ad28d9a7f92be99b73ce615333.json]]
]]>
</system-out>
</testcase>
</testsuite>
<testsuite name="02-exception-flow.spec.js" timestamp="2026-03-09T03:26:51.595Z" hostname="mobile-375x667" tests="5" failures="0" skipped="0" time="34.809" errors="0">
<testcase name="A2-异常流程 › EXC-001 择校空输入触发前端校验" classname="02-exception-flow.spec.js" time="1.631">
<system-out>
<![CDATA[
[[ATTACHMENT|../../test-results/e2e-compat/02-exception-flow-A2-异常流程-EXC-001-择校空输入触发前端校验-mobile-375x667/attachments/exception-school-empty-input-c3a5faa2f87aa9a4b978793f958237a223b81258.png]]

[[ATTACHMENT|../../test-results/e2e-compat/02-exception-flow-A2-异常流程-EXC-001-择校空输入触发前端校验-mobile-375x667/attachments/network-log-d018ab9e394ecd4c28c4050c6f73c91cfca1db1f.json]]
]]>
</system-out>
</testcase>
<testcase name="A2-异常流程 › EXC-002 文档转换未选文件不能提交" classname="02-exception-flow.spec.js" time="11.848">
<system-out>
<![CDATA[
[[ATTACHMENT|../../test-results/e2e-compat/02-exception-flow-A2-异常流程-EXC-002-文档转换未选文件不能提交-mobile-375x667/attachments/exception-doc-convert-empty-file-1d815c8b83b0d0fda168ecb3b0d7b0c2bdc30bc0.png]]

[[ATTACHMENT|../../test-results/e2e-compat/02-exception-flow-A2-异常流程-EXC-002-文档转换未选文件不能提交-mobile-375x667/attachments/network-log-fdba2d2faa0e13be8e71a350982935d80e04e2e7.json]]
]]>
</system-out>
</testcase>
<testcase name="A2-异常流程 › EXC-003 断网后恢复可继续交互" classname="02-exception-flow.spec.js" time="2.743">
<system-out>
<![CDATA[
[[ATTACHMENT|../../test-results/e2e-compat/02-exception-flow-A2-异常流程-EXC-003-断网后恢复可继续交互-mobile-375x667/attachments/exception-photo-offline-6affaf33d8d50f3db2129337e85bf4564da00e88.png]]

[[ATTACHMENT|../../test-results/e2e-compat/02-exception-flow-A2-异常流程-EXC-003-断网后恢复可继续交互-mobile-375x667/attachments/exception-photo-recovered-b3f3155341853bf504b929520b00e6fc550e4752.png]]

[[ATTACHMENT|../../test-results/e2e-compat/02-exception-flow-A2-异常流程-EXC-003-断网后恢复可继续交互-mobile-375x667/attachments/network-log-dbd8b3de2fd2838ab0a59cb5888276baa53f46c5.json]]
]]>
</system-out>
</testcase>
<testcase name="A2-异常流程 › EXC-004 弱网场景页面仍可响应" classname="02-exception-flow.spec.js" time="14.369">
<system-out>
<![CDATA[
[[ATTACHMENT|../../test-results/e2e-compat/02-exception-flow-A2-异常流程-EXC-004-弱网场景页面仍可响应-mobile-375x667/attachments/exception-weak-network-chat-9d9d20d53000d113666c253da974c57d6512449e.png]]

[[ATTACHMENT|../../test-results/e2e-compat/02-exception-flow-A2-异常流程-EXC-004-弱网场景页面仍可响应-mobile-375x667/attachments/network-log-521acd6b03d89b016b3d948cacaf8cb089a0d920.json]]
]]>
</system-out>
</testcase>
<testcase name="A2-异常流程 › EXC-005 智能接口500时聊天页可降级并保持可交互" classname="02-exception-flow.spec.js" time="4.218">
<system-out>
<![CDATA[
[[ATTACHMENT|../../test-results/e2e-compat/02-exception-flow-A2-异常流程-EXC-005-智能接口500时聊天页可降级并保持可交互-mobile-375x667/attachments/exception-chat-api-500-fallback-bcb83408633fff8c92b70cbef5aebc4c8b0cb33a.png]]

[[ATTACHMENT|../../test-results/e2e-compat/02-exception-flow-A2-异常流程-EXC-005-智能接口500时聊天页可降级并保持可交互-mobile-375x667/attachments/network-log-89e612d4784a87511f01fbc7dbc0c36c832890db.json]]
]]>
</system-out>
</testcase>
</testsuite>
<testsuite name="03-state-recovery.spec.js" timestamp="2026-03-09T03:26:51.595Z" hostname="mobile-375x667" tests="5" failures="0" skipped="0" time="12.709" errors="0">
<testcase name="A2-状态恢复与幂等 › STATE-001 返回键可回到上一页" classname="03-state-recovery.spec.js" time="2.76">
<system-out>
<![CDATA[
[[ATTACHMENT|../../test-results/e2e-compat/03-state-recovery-A2-状态恢复与幂等-STATE-001-返回键可回到上一页-mobile-375x667/attachments/state-back-navigation-048e750120dbdab7220233a0356253ca73facb60.png]]

[[ATTACHMENT|../../test-results/e2e-compat/03-state-recovery-A2-状态恢复与幂等-STATE-001-返回键可回到上一页-mobile-375x667/attachments/network-log-b58fe1b8a76197bfb776f0ef8351fe03c5233142.json]]
]]>
</system-out>
</testcase>
<testcase name="A2-状态恢复与幂等 › STATE-002 快速重复点击不会导致崩溃" classname="03-state-recovery.spec.js" time="1.961">
<system-out>
<![CDATA[
[[ATTACHMENT|../../test-results/e2e-compat/03-state-recovery-A2-状态恢复与幂等-STATE-002-快速重复点击不会导致崩溃-mobile-375x667/attachments/state-rapid-click-d10bf18395c901cf17d51ae1bbd82aae8c8e17c1.png]]

[[ATTACHMENT|../../test-results/e2e-compat/03-state-recovery-A2-状态恢复与幂等-STATE-002-快速重复点击不会导致崩溃-mobile-375x667/attachments/network-log-f37cc3557e696630525897c92e04976033a27f65.json]]
]]>
</system-out>
</testcase>
<testcase name="A2-状态恢复与幂等 › STATE-003 切后台再回来页面仍可继续操作" classname="03-state-recovery.spec.js" time="2.617">
<system-out>
<![CDATA[
[[ATTACHMENT|../../test-results/e2e-compat/03-state-recovery-A2-状态恢复与幂等-STATE-003-切后台再回来页面仍可继续操作-mobile-375x667/attachments/state-background-resume-24677f93e1b5527f874f47f987c9653061fcf22a.png]]

[[ATTACHMENT|../../test-results/e2e-compat/03-state-recovery-A2-状态恢复与幂等-STATE-003-切后台再回来页面仍可继续操作-mobile-375x667/attachments/network-log-007e8987b33f7570a778024935d5a8c783a5acc5.json]]
]]>
</system-out>
</testcase>
<testcase name="A2-状态恢复与幂等 › STATE-004 刷新后保留基础会话数据" classname="03-state-recovery.spec.js" time="2.165">
<system-out>
<![CDATA[
[[ATTACHMENT|../../test-results/e2e-compat/03-state-recovery-A2-状态恢复与幂等-STATE-004-刷新后保留基础会话数据-mobile-375x667/attachments/state-refresh-session-38609762bb47e5504188c357e9682dba191b4456.png]]

[[ATTACHMENT|../../test-results/e2e-compat/03-state-recovery-A2-状态恢复与幂等-STATE-004-刷新后保留基础会话数据-mobile-375x667/attachments/network-log-d344fc93dd298d2fc4709e34bc61b0c0d14b2aa9.json]]
]]>
</system-out>
</testcase>
<testcase name="A2-状态恢复与幂等 › STATE-005 登录按钮快速多次点击仅触发一次请求" classname="03-state-recovery.spec.js" time="3.206">
<system-out>
<![CDATA[
[[ATTACHMENT|../../test-results/e2e-compat/03-state-recovery-A2-状态恢复与幂等-STATE-005-登录按钮快速多次点击仅触发一次请求-mobile-375x667/attachments/state-login-debounce-ea19e552ffd0209757fc88936e17df3a05dd8f2f.png]]

[[ATTACHMENT|../../test-results/e2e-compat/03-state-recovery-A2-状态恢复与幂等-STATE-005-登录按钮快速多次点击仅触发一次请求-mobile-375x667/attachments/network-log-6196338e4f142ea20d498b9b62e63f3eb601fd50.json]]
]]>
</system-out>
</testcase>
</testsuite>
<testsuite name="04-performance.spec.js" timestamp="2026-03-09T03:26:51.595Z" hostname="mobile-375x667" tests="2" failures="0" skipped="0" time="8.252" errors="0">
<testcase name="A2-基础性能门禁 › PERF-001 首页首屏时间低于阈值" classname="04-performance.spec.js" time="1.96">
<system-out>
<![CDATA[
[[ATTACHMENT|../../test-results/e2e-compat/04-performance-A2-基础性能门禁-PERF-001-首页首屏时间低于阈值-mobile-375x667/attachments/perf-first-screen-214ms-33f2b7498a6f4583ab5a6c7555d2e381204d1d65.png]]

[[ATTACHMENT|../../test-results/e2e-compat/04-performance-A2-基础性能门禁-PERF-001-首页首屏时间低于阈值-mobile-375x667/attachments/network-log-b1e1931daac458e7d16011af5ba8f2289f267c13.json]]
]]>
</system-out>
</testcase>
<testcase name="A2-基础性能门禁 › PERF-002 首页到刷题页交互响应低于阈值" classname="04-performance.spec.js" time="6.292">
<system-out>
<![CDATA[
[[ATTACHMENT|../../test-results/e2e-compat/04-performance-A2-基础性能门禁-PERF-002-首页到刷题页交互响应低于阈值-mobile-375x667/attachments/perf-home-to-practice-918ms-th1300-samples-919-918-7c452c9097ce8509b58367a9640a211c0b4abae4.png]]

[[ATTACHMENT|../../test-results/e2e-compat/04-performance-A2-基础性能门禁-PERF-002-首页到刷题页交互响应低于阈值-mobile-375x667/attachments/network-log-80588f1568a34470b258aa5eade51461999a7f4c.json]]
]]>
</system-out>
</testcase>
</testsuite>
<testsuite name="05-high-risk-pages.spec.js" timestamp="2026-03-09T03:26:51.595Z" hostname="mobile-375x667" tests="11" failures="0" skipped="0" time="18.486" errors="0">
<testcase name="A2-高风险页面可达性 › HR-001 /pages/login/index 页面渲染" classname="05-high-risk-pages.spec.js" time="1.799">
<system-out>
<![CDATA[
[[ATTACHMENT|../../test-results/e2e-compat/05-high-risk-pages-A2-高风险页面可达性-HR-001-pages-login-index-页面渲染-mobile-375x667/attachments/risk--pages-login-index-9f53d0de0e4a89b3d45e75b4f6c7210ae42beed1.png]]

[[ATTACHMENT|../../test-results/e2e-compat/05-high-risk-pages-A2-高风险页面可达性-HR-001-pages-login-index-页面渲染-mobile-375x667/attachments/network-log-f23eb5c540a58ba0c1382009d4b20cac943d0889.json]]
]]>
</system-out>
</testcase>
<testcase name="A2-高风险页面可达性 › HR-002 /pages/school/index 页面渲染" classname="05-high-risk-pages.spec.js" time="1.678">
<system-out>
<![CDATA[
[[ATTACHMENT|../../test-results/e2e-compat/05-high-risk-pages-A2-高风险页-20208-002-pages-school-index-页面渲染-mobile-375x667/attachments/risk--pages-school-index-8557d7a9c714cbbe4a05322792abafe26b92da20.png]]

[[ATTACHMENT|../../test-results/e2e-compat/05-high-risk-pages-A2-高风险页-20208-002-pages-school-index-页面渲染-mobile-375x667/attachments/network-log-1da796a2bf5bc6af6493646de16a66c0ae39a95d.json]]
]]>
</system-out>
</testcase>
<testcase name="A2-高风险页面可达性 › HR-003 /pages/practice-sub/import-data 页面渲染" classname="05-high-risk-pages.spec.js" time="1.735">
<system-out>
<![CDATA[
[[ATTACHMENT|../../test-results/e2e-compat/05-high-risk-pages-A2-高风险页-c718a-actice-sub-import-data-页面渲染-mobile-375x667/attachments/risk--pages-practice-sub-import-data-e24fc93da01191596867f2cbd0866fdf1ab542a9.png]]

[[ATTACHMENT|../../test-results/e2e-compat/05-high-risk-pages-A2-高风险页-c718a-actice-sub-import-data-页面渲染-mobile-375x667/attachments/network-log-aa7c371ae4c14e56b687bf9e53361b42de9699bb.json]]
]]>
</system-out>
</testcase>
<testcase name="A2-高风险页面可达性 › HR-004 /pages/practice-sub/do-quiz 页面渲染" classname="05-high-risk-pages.spec.js" time="1.558">
<system-out>
<![CDATA[
[[ATTACHMENT|../../test-results/e2e-compat/05-high-risk-pages-A2-高风险页-97d14-s-practice-sub-do-quiz-页面渲染-mobile-375x667/attachments/risk--pages-practice-sub-do-quiz-7c6b85bb1eb4c5ee7cd939346023101779494650.png]]

[[ATTACHMENT|../../test-results/e2e-compat/05-high-risk-pages-A2-高风险页-97d14-s-practice-sub-do-quiz-页面渲染-mobile-375x667/attachments/network-log-5276a2bdda212dd9dcc1f91baaec622c440f4445.json]]
]]>
</system-out>
</testcase>
<testcase name="A2-高风险页面可达性 › HR-005 /pages/practice-sub/pk-battle 页面渲染" classname="05-high-risk-pages.spec.js" time="1.616">
<system-out>
<![CDATA[
[[ATTACHMENT|../../test-results/e2e-compat/05-high-risk-pages-A2-高风险页-cca1d-practice-sub-pk-battle-页面渲染-mobile-375x667/attachments/risk--pages-practice-sub-pk-battle-9003c71d1d45857ed6c567fa66ceb41a6b83dc1b.png]]

[[ATTACHMENT|../../test-results/e2e-compat/05-high-risk-pages-A2-高风险页-cca1d-practice-sub-pk-battle-页面渲染-mobile-375x667/attachments/network-log-ae9a60673c6943b3928e4ca17fd735c7caf63853.json]]
]]>
</system-out>
</testcase>
<testcase name="A2-高风险页面可达性 › HR-006 /pages/practice-sub/mock-exam 页面渲染" classname="05-high-risk-pages.spec.js" time="1.632">
<system-out>
<![CDATA[
[[ATTACHMENT|../../test-results/e2e-compat/05-high-risk-pages-A2-高风险页-fd119-practice-sub-mock-exam-页面渲染-mobile-375x667/attachments/risk--pages-practice-sub-mock-exam-0ed1a4476d2feb954d620e2cc6d8244a61f24b46.png]]

[[ATTACHMENT|../../test-results/e2e-compat/05-high-risk-pages-A2-高风险页-fd119-practice-sub-mock-exam-页面渲染-mobile-375x667/attachments/network-log-4a0a9ad7bf01312d7ab5f7264bf7e352cf471299.json]]
]]>
</system-out>
</testcase>
<testcase name="A2-高风险页面可达性 › HR-007 /pages/tools/doc-convert 页面渲染" classname="05-high-risk-pages.spec.js" time="1.731">
<system-out>
<![CDATA[
[[ATTACHMENT|../../test-results/e2e-compat/05-high-risk-pages-A2-高风险页-8ef29-ages-tools-doc-convert-页面渲染-mobile-375x667/attachments/risk--pages-tools-doc-convert-0ae9e2428f3b18f4cdc09811a9911f3a90dd6b7e.png]]

[[ATTACHMENT|../../test-results/e2e-compat/05-high-risk-pages-A2-高风险页-8ef29-ages-tools-doc-convert-页面渲染-mobile-375x667/attachments/network-log-986c5137a448925b3d72ab4a8929265008703e51.json]]
]]>
</system-out>
</testcase>
<testcase name="A2-高风险页面可达性 › HR-008 /pages/tools/photo-search 页面渲染" classname="05-high-risk-pages.spec.js" time="1.601">
<system-out>
<![CDATA[
[[ATTACHMENT|../../test-results/e2e-compat/05-high-risk-pages-A2-高风险页-c97f5-ges-tools-photo-search-页面渲染-mobile-375x667/attachments/risk--pages-tools-photo-search-22689ce58a2ddf2921c0891d3071f3744d3d7bfb.png]]

[[ATTACHMENT|../../test-results/e2e-compat/05-high-risk-pages-A2-高风险页-c97f5-ges-tools-photo-search-页面渲染-mobile-375x667/attachments/network-log-b0a86df8bf1655eb2f0e9b942d6c62844617645b.json]]
]]>
</system-out>
</testcase>
<testcase name="A2-高风险页面可达性 › HR-009 /pages/tools/id-photo 页面渲染" classname="05-high-risk-pages.spec.js" time="1.667">
<system-out>
<![CDATA[
[[ATTACHMENT|../../test-results/e2e-compat/05-high-risk-pages-A2-高风险页-8a85f-9-pages-tools-id-photo-页面渲染-mobile-375x667/attachments/risk--pages-tools-id-photo-d29721d798c75542c42c8d141b34c568214c00c8.png]]

[[ATTACHMENT|../../test-results/e2e-compat/05-high-risk-pages-A2-高风险页-8a85f-9-pages-tools-id-photo-页面渲染-mobile-375x667/attachments/network-log-56c73a2edbcae01141eb5b85392c3e2334c65178.json]]
]]>
</system-out>
</testcase>
<testcase name="A2-高风险页面可达性 › HR-010 /pages/settings/index 页面渲染" classname="05-high-risk-pages.spec.js" time="1.827">
<system-out>
<![CDATA[
[[ATTACHMENT|../../test-results/e2e-compat/05-high-risk-pages-A2-高风险页-c98ef-0-pages-settings-index-页面渲染-mobile-375x667/attachments/risk--pages-settings-index-e76fa1cf5244d2afade457a738103d787493649a.png]]

[[ATTACHMENT|../../test-results/e2e-compat/05-high-risk-pages-A2-高风险页-c98ef-0-pages-settings-index-页面渲染-mobile-375x667/attachments/network-log-0af593dea296087cdf2fc92564ced050a8c0a666.json]]
]]>
</system-out>
</testcase>
<testcase name="A2-高风险页面可达性 › HR-011 /pages/chat/chat 页面渲染" classname="05-high-risk-pages.spec.js" time="1.642">
<system-out>
<![CDATA[
[[ATTACHMENT|../../test-results/e2e-compat/05-high-risk-pages-A2-高风险页面可达性-HR-011-pages-chat-chat-页面渲染-mobile-375x667/attachments/risk--pages-chat-chat-1acd332eb4b3a8ce169bf54ea5530db089a9575f.png]]

[[ATTACHMENT|../../test-results/e2e-compat/05-high-risk-pages-A2-高风险页面可达性-HR-011-pages-chat-chat-页面渲染-mobile-375x667/attachments/network-log-be5c5f6e5cc1a646e2870563ec2505176465a7b2.json]]
]]>
</system-out>
</testcase>
</testsuite>
<testsuite name="06-human-gesture.spec.js" timestamp="2026-03-09T03:26:51.595Z" hostname="mobile-375x667" tests="1" failures="0" skipped="0" time="3.21" errors="0">
<testcase name="A2-人工手势模拟 › HUMAN-001 首页上滑后页面保持可交互" classname="06-human-gesture.spec.js" time="3.21">
<system-out>
<![CDATA[
[[ATTACHMENT|../../test-results/e2e-compat/06-human-gesture-A2-人工手势模拟-HUMAN-001-首页上滑后页面保持可交互-mobile-375x667/attachments/human-gesture-home-swipe-up-6830a473848ec2cbc5c7126b4753cd60c6be5c4c.png]]

[[ATTACHMENT|../../test-results/e2e-compat/06-human-gesture-A2-人工手势模拟-HUMAN-001-首页上滑后页面保持可交互-mobile-375x667/attachments/network-log-4bb2c72a0a962be586282a7778423ed102b38c54.json]]
]]>
</system-out>
</testcase>
</testsuite>
<testsuite name="07-full-route-coverage.spec.js" timestamp="2026-03-09T03:26:51.595Z" hostname="mobile-375x667" tests="2" failures="0" skipped="0" time="57.135" errors="0">
<testcase name="A2-全量页面覆盖与 UI 健康度 › FULL-ROUTE-001 亮色模式全量路由可达 + UI 健康度检查" classname="07-full-route-coverage.spec.js" time="28.445">
<system-out>
<![CDATA[
[[ATTACHMENT|../../test-results/e2e-compat/07-full-route-coverage-A2--11416-UTE-001-亮色模式全量路由可达-UI-健康度检查-mobile-375x667/attachments/network-log-c11735a654cb01281882ab70adcb3aee9615176f.json]]
]]>
</system-out>
</testcase>
<testcase name="A2-全量页面覆盖与 UI 健康度 › FULL-ROUTE-002 深色模式全量路由可达 + UI 健康度检查" classname="07-full-route-coverage.spec.js" time="28.69">
<system-out>
<![CDATA[
[[ATTACHMENT|../../test-results/e2e-compat/07-full-route-coverage-A2--e7c88-UTE-002-深色模式全量路由可达-UI-健康度检查-mobile-375x667/attachments/network-log-ad313f3b5fb798852f8f14b6c3d3684f970fe882.json]]
]]>
</system-out>
</testcase>
</testsuite>
<testsuite name="08-clickable-actions.spec.js" timestamp="2026-03-09T03:26:51.595Z" hostname="mobile-375x667" tests="5" failures="0" skipped="0" time="29.996" errors="0">
<testcase name="A2-可点击入口真实交互 › CLICK-001 首页工具卡真实点击后可跳转到对应页面" classname="08-clickable-actions.spec.js" time="4.439">
<system-out>
<![CDATA[
[[ATTACHMENT|../../test-results/e2e-compat/08-clickable-actions-A2-可点-1bff0-LICK-001-首页工具卡真实点击后可跳转到对应页面-mobile-375x667/attachments/network-log-ba789202ecf4d59c7414246a54917002eafbded0.json]]
]]>
</system-out>
</testcase>
<testcase name="A2-可点击入口真实交互 › CLICK-002 刷题页关键入口真实点击后可跳转或打开弹层" classname="08-clickable-actions.spec.js" time="15.685">
<system-out>
<![CDATA[
[[ATTACHMENT|../../test-results/e2e-compat/08-clickable-actions-A2-可点-2097f-CK-002-刷题页关键入口真实点击后可跳转或打开弹层-mobile-375x667/attachments/network-log-13d347c75795cac68ef5a2f5a94f3f8d31fc658a.json]]
]]>
</system-out>
</testcase>
<testcase name="A2-可点击入口真实交互 › CLICK-003 个人中心菜单真实点击后可跳转" classname="08-clickable-actions.spec.js" time="4.398">
<system-out>
<![CDATA[
[[ATTACHMENT|../../test-results/e2e-compat/08-clickable-actions-A2-可点击入口真实交互-CLICK-003-个人中心菜单真实点击后可跳转-mobile-375x667/attachments/network-log-2ddf36d1f3ec91cc8caafce3c6f390b980e14fc5.json]]
]]>
</system-out>
</testcase>
<testcase name="A2-可点击入口真实交互 › CLICK-004 设置页好友入口真实点击后可跳转" classname="08-clickable-actions.spec.js" time="2.387">
<system-out>
<![CDATA[
[[ATTACHMENT|../../test-results/e2e-compat/08-clickable-actions-A2-可点击入口真实交互-CLICK-004-设置页好友入口真实点击后可跳转-mobile-375x667/attachments/network-log-b399c52bb9db60d35cd054ef0423aecbaf04d1e0.json]]
]]>
</system-out>
</testcase>
<testcase name="A2-可点击入口真实交互 › CLICK-005 文档转换页点击选择文件会真实弹出文件选择并更新 UI" classname="08-clickable-actions.spec.js" time="3.087">
<system-out>
<![CDATA[
[[ATTACHMENT|../../test-results/e2e-compat/08-clickable-actions-A2-可点-2139a--文档转换页点击选择文件会真实弹出文件选择并更新-UI-mobile-375x667/attachments/network-log-299ea30a737614b39c31c73154be840fd66456c4.json]]
]]>
</system-out>
</testcase>
</testsuite>
<testsuite name="09-detailed-click-coverage.spec.js" timestamp="2026-03-09T03:26:51.595Z" hostname="mobile-375x667" tests="10" failures="0" skipped="0" time="68.299" errors="0">
<testcase name="A2-更细颗粒度真实点击覆盖 › DETAIL-001 首页欢迎横幅空题库弹窗与确认跳转可点击" classname="09-detailed-click-coverage.spec.js" time="4.241">
<system-out>
<![CDATA[
[[ATTACHMENT|../../test-results/e2e-compat/09-detailed-click-coverage-483e6-AIL-001-首页欢迎横幅空题库弹窗与确认跳转可点击-mobile-375x667/attachments/network-log-f6120aad843c062ee0055e2ce4d202e043fc9613.json]]
]]>
</system-out>
</testcase>
<testcase name="A2-更细颗粒度真实点击覆盖 › DETAIL-002 首页欢迎横幅与统计卡真实点击后可跳转" classname="09-detailed-click-coverage.spec.js" time="7.755">
<system-out>
<![CDATA[
[[ATTACHMENT|../../test-results/e2e-compat/09-detailed-click-coverage-99834-TAIL-002-首页欢迎横幅与统计卡真实点击后可跳转-mobile-375x667/attachments/network-log-91dc7701c510f4f4878052469e709a7396fa5440.json]]
]]>
</system-out>
</testcase>
<testcase name="A2-更细颗粒度真实点击覆盖 › DETAIL-003 首页学习卡、推荐卡、金句卡与计划编辑真实点击可响应" classname="09-detailed-click-coverage.spec.js" time="9.824">
<system-out>
<![CDATA[
[[ATTACHMENT|../../test-results/e2e-compat/09-detailed-click-coverage-17781-3-首页学习卡、推荐卡、金句卡与计划编辑真实点击可响应-mobile-375x667/attachments/network-log-b1cc308b628847171a7192579f112e10b1b5ae15.json]]
]]>
</system-out>
</testcase>
<testcase name="A2-更细颗粒度真实点击覆盖 › DETAIL-004 TabBar 四页真实点击切换可达" classname="09-detailed-click-coverage.spec.js" time="4.377">
<system-out>
<![CDATA[
[[ATTACHMENT|../../test-results/e2e-compat/09-detailed-click-coverage-5f64e-ETAIL-004-TabBar-四页真实点击切换可达-mobile-375x667/attachments/network-log-51f5bab69458e2b9ba10f705b08ecd9d1d358960.json]]
]]>
</system-out>
</testcase>
<testcase name="A2-更细颗粒度真实点击覆盖 › DETAIL-005 刷题页剩余菜单与 PK 对战真实点击后可跳转" classname="09-detailed-click-coverage.spec.js" time="7.818">
<system-out>
<![CDATA[
[[ATTACHMENT|../../test-results/e2e-compat/09-detailed-click-coverage-340a7--005-刷题页剩余菜单与-PK-对战真实点击后可跳转-mobile-375x667/attachments/network-log-f9a8a256e38520d6c7f68f9d293a726826cad3ba.json]]
]]>
</system-out>
</testcase>
<testcase name="A2-更细颗粒度真实点击覆盖 › DETAIL-006 练习模式弹层真实点击后可打开并关闭" classname="09-detailed-click-coverage.spec.js" time="24.448">
<system-out>
<![CDATA[
[[ATTACHMENT|../../test-results/e2e-compat/09-detailed-click-coverage-5f110-ETAIL-006-练习模式弹层真实点击后可打开并关闭-mobile-375x667/attachments/network-log-0f0768d6c3d1f44108c8af9d3553b0888987e9ae.json]]
]]>
</system-out>
</testcase>
<testcase name="A2-更细颗粒度真实点击覆盖 › DETAIL-007 文档转换完整点击流可执行" classname="09-detailed-click-coverage.spec.js" time="2.55">
<system-out>
<![CDATA[
[[ATTACHMENT|../../test-results/e2e-compat/09-detailed-click-coverage-b94d8-击覆盖-DETAIL-007-文档转换完整点击流可执行-mobile-375x667/attachments/network-log-71dc49e68aa3a3e73c29246dc8c76f0d7eaa53e5.json]]
]]>
</system-out>
</testcase>
<testcase name="A2-更细颗粒度真实点击覆盖 › DETAIL-008 证件照制作完整点击流可执行" classname="09-detailed-click-coverage.spec.js" time="2.732">
<system-out>
<![CDATA[
[[ATTACHMENT|../../test-results/e2e-compat/09-detailed-click-coverage-776d4-覆盖-DETAIL-008-证件照制作完整点击流可执行-mobile-375x667/attachments/network-log-426c46675d0dcbf5183285bb269ca24acc90c445.json]]
]]>
</system-out>
</testcase>
<testcase name="A2-更细颗粒度真实点击覆盖 › DETAIL-009 拍照搜题完整点击流可执行" classname="09-detailed-click-coverage.spec.js" time="2.043">
<system-out>
<![CDATA[
[[ATTACHMENT|../../test-results/e2e-compat/09-detailed-click-coverage-0bd9c-击覆盖-DETAIL-009-拍照搜题完整点击流可执行-mobile-375x667/attachments/network-log-5941f04c6ebbba7e12d318417136e147229bcf9e.json]]
]]>
</system-out>
</testcase>
<testcase name="A2-更细颗粒度真实点击覆盖 › DETAIL-010 个人中心主题按钮与反馈入口真实点击可响应" classname="09-detailed-click-coverage.spec.js" time="2.511">
<system-out>
<![CDATA[
[[ATTACHMENT|../../test-results/e2e-compat/09-detailed-click-coverage-1db5d-IL-010-个人中心主题按钮与反馈入口真实点击可响应-mobile-375x667/attachments/network-log-f5fe89ad99c71169670f506216e936897e8f653d.json]]
]]>
</system-out>
</testcase>
</testsuite>
<testsuite name="10-backend-driven-flows.spec.js" timestamp="2026-03-09T03:26:51.595Z" hostname="mobile-375x667" tests="2" failures="0" skipped="0" time="5.315" errors="0">
<testcase name="A2-后端返回重点流转 › BACK-001 择校表单提交后真实渲染后端推荐结果，并可进入详情页" classname="10-backend-driven-flows.spec.js" time="3.031">
<system-out>
<![CDATA[
[[ATTACHMENT|../../test-results/e2e-compat/10-backend-driven-flows-A2-29a5f-1-择校表单提交后真实渲染后端推荐结果，并可进入详情页-mobile-375x667/attachments/network-log-974e297730c37088a10045032b3a80f7c706a197.json]]
]]>
</system-out>
</testcase>
<testcase name="A2-后端返回重点流转 › BACK-002 智能好友聊天真实发送后可渲染后端回复" classname="10-backend-driven-flows.spec.js" time="2.284">
<system-out>
<![CDATA[
[[ATTACHMENT|../../test-results/e2e-compat/10-backend-driven-flows-A2-b0d5e-BACK-002-智能好友聊天真实发送后可渲染后端回复-mobile-375x667/attachments/network-log-4919ede9caa0724981ff3215d6fa2a3ab40d450f.json]]
]]>
</system-out>
</testcase>
</testsuite>
<testsuite name="11-login-and-import-precision.spec.js" timestamp="2026-03-09T03:26:51.595Z" hostname="mobile-375x667" tests="4" failures="0" skipped="0" time="14.391" errors="0">
<testcase name="A2-登录与资料导入精细回归 › PREC-001 邮箱登录与注册密码输入默认隐藏" classname="11-login-and-import-precision.spec.js" time="2.077">
<system-out>
<![CDATA[
[[ATTACHMENT|../../test-results/e2e-compat/11-login-and-import-precis-607d3-回归-PREC-001-邮箱登录与注册密码输入默认隐藏-mobile-375x667/attachments/network-log-9f329c9df4ba0c389b4f8b2ce473953982f0e3a7.json]]
]]>
</system-out>
</testcase>
<testcase name="A2-登录与资料导入精细回归 › PREC-002 邮箱注册发送验证码后显示倒计时并可成功注册" classname="11-login-and-import-precision.spec.js" time="4.197">
<system-out>
<![CDATA[
[[ATTACHMENT|../../test-results/e2e-compat/11-login-and-import-precis-d8b65-C-002-邮箱注册发送验证码后显示倒计时并可成功注册-mobile-375x667/attachments/network-log-2dd97d57e2455b8256c799ac808d728bb33cb121.json]]
]]>
</system-out>
</testcase>
<testcase name="A2-登录与资料导入精细回归 › PREC-003 验证码发送后按钮进入倒计时而不是假死" classname="11-login-and-import-precision.spec.js" time="3.003">
<system-out>
<![CDATA[
[[ATTACHMENT|../../test-results/e2e-compat/11-login-and-import-precis-c9d73-PREC-003-验证码发送后按钮进入倒计时而不是假死-mobile-375x667/attachments/network-log-6036070877051f24a9c707605d16bb65757475ea.json]]
]]>
</system-out>
</testcase>
<testcase name="A2-登录与资料导入精细回归 › PREC-004 欢迎横幅进入资料导入页后主卡片与操作栏不重叠" classname="11-login-and-import-precision.spec.js" time="5.114">
<system-out>
<![CDATA[
[[ATTACHMENT|../../test-results/e2e-compat/11-login-and-import-precis-cc8f3--004-欢迎横幅进入资料导入页后主卡片与操作栏不重叠-mobile-375x667/attachments/network-log-cda065430619c3253d769498bbd9eea364be3359.json]]
]]>
</system-out>
</testcase>
</testsuite>
<testsuite name="12-full-page-scroll-audit.spec.js" timestamp="2026-03-09T03:26:51.595Z" hostname="mobile-375x667" tests="1" failures="0" skipped="1" time="0.588" errors="0">
<testcase name="A2-全页面滚动截图巡检 › SCROLL-001 全声明页面支持人工式滑动巡检并截图留档" classname="12-full-page-scroll-audit.spec.js" time="0.588">
<properties>
<property name="skip" value="滚动截图巡检仅在主移动视口执行，避免重复开销">
</property>
</properties>
<skipped>
</skipped>
</testcase>
</testsuite>
<testsuite name="13-profile-settings-actions.spec.js" timestamp="2026-03-09T03:26:51.595Z" hostname="mobile-375x667" tests="4" failures="0" skipped="0" time="21.745" errors="0">
<testcase name="A2-个人中心与设置页精细交互 › PROFILE-SET-001 登录页协议链接、个人中心反馈与设置菜单都可触达" classname="13-profile-settings-actions.spec.js" time="6.247">
<system-out>
<![CDATA[
[[ATTACHMENT|../../test-results/e2e-compat/13-profile-settings-action-e8142-001-登录页协议链接、个人中心反馈与设置菜单都可触达-mobile-375x667/attachments/network-log-64353fa49fa02ab3a15aa2b9a461b002858aaf9a.json]]
]]>
</system-out>
</testcase>
<testcase name="A2-个人中心与设置页精细交互 › PROFILE-SET-002 个人中心主题切换、退出确认与打卡按钮可响应" classname="13-profile-settings-actions.spec.js" time="3.76">
<system-out>
<![CDATA[
[[ATTACHMENT|../../test-results/e2e-compat/13-profile-settings-action-34345-T-002-个人中心主题切换、退出确认与打卡按钮可响应-mobile-375x667/attachments/network-log-c79cfffd319b073b5d7f3845dbc11998f15df062.json]]
]]>
</system-out>
</testcase>
<testcase name="A2-个人中心与设置页精细交互 › PROFILE-SET-003 设置页开关、清缓存、目标院校弹窗与注销确认可响应" classname="13-profile-settings-actions.spec.js" time="7.132">
<system-out>
<![CDATA[
[[ATTACHMENT|../../test-results/e2e-compat/13-profile-settings-action-d069e-03-设置页开关、清缓存、目标院校弹窗与注销确认可响应-mobile-375x667/attachments/network-log-32bc185cf7dbb030c104a7d0176acf3819d5de7c.json]]
]]>
</system-out>
</testcase>
<testcase name="A2-个人中心与设置页精细交互 › PROFILE-SET-004 设置页目标院校删除与注销撤销状态可自动验证" classname="13-profile-settings-actions.spec.js" time="4.606">
<system-out>
<![CDATA[
[[ATTACHMENT|../../test-results/e2e-compat/13-profile-settings-action-1653f-T-004-设置页目标院校删除与注销撤销状态可自动验证-mobile-375x667/attachments/network-log-70e3a66d32e730b67584e2690cc9c180a8667cff.json]]
]]>
</system-out>
</testcase>
</testsuite>
<testsuite name="14-share-and-native-fallbacks.spec.js" timestamp="2026-03-09T03:26:51.595Z" hostname="mobile-375x667" tests="3" failures="0" skipped="0" time="8.309" errors="0">
<testcase name="A2-分享与原生降级链路 › SHARE-001 首页每日金句分享面板可打开并关闭" classname="14-share-and-native-fallbacks.spec.js" time="2.9">
<system-out>
<![CDATA[
[[ATTACHMENT|../../test-results/e2e-compat/14-share-and-native-fallba-a3676--SHARE-001-首页每日金句分享面板可打开并关闭-mobile-375x667/attachments/network-log-420de31cd3561772b078f78be9c51be5b2205f77.json]]
]]>
</system-out>
</testcase>
<testcase name="A2-分享与原生降级链路 › SHARE-002 院校详情页分享按钮在 H5 下优先分享，失败时回退复制" classname="14-share-and-native-fallbacks.spec.js" time="2.022">
<system-out>
<![CDATA[
[[ATTACHMENT|../../test-results/e2e-compat/14-share-and-native-fallba-4204c-院校详情页分享按钮在-H5-下优先分享，失败时回退复制-mobile-375x667/attachments/network-log-f84090fc8d5437c8b456ce74b18c590bcfcb3782.json]]
]]>
</system-out>
</testcase>
<testcase name="A2-分享与原生降级链路 › SHARE-003 登录页隐私政策与用户协议链接持续可访问" classname="14-share-and-native-fallbacks.spec.js" time="3.387">
<system-out>
<![CDATA[
[[ATTACHMENT|../../test-results/e2e-compat/14-share-and-native-fallba-9ed2d-ARE-003-登录页隐私政策与用户协议链接持续可访问-mobile-375x667/attachments/network-log-7baa09dc4163fae434b4f43231c6d5c3ba8219f4.json]]
]]>
</system-out>
</testcase>
</testsuite>
<testsuite name="15-long-tail-pages.spec.js" timestamp="2026-03-09T03:26:51.595Z" hostname="mobile-375x667" tests="5" failures="0" skipped="0" time="19.711" errors="0">
<testcase name="A2-长尾页面深度回归 › LONG-001 收藏页支持答案展开、笔记保存与跳转练习" classname="15-long-tail-pages.spec.js" time="3.773">
<system-out>
<![CDATA[
[[ATTACHMENT|../../test-results/e2e-compat/15-long-tail-pages-A2-长尾页面深度回归-LONG-001-收藏页支持答案展开、笔记保存与跳转练习-mobile-375x667/attachments/network-log-daab2be4523c88ad0d84e4078751fd2b1477bc79.json]]
]]>
</system-out>
</testcase>
<testcase name="A2-长尾页面深度回归 › LONG-002 文件管理页支持查看文件信息、删除与清空" classname="15-long-tail-pages.spec.js" time="2.851">
<system-out>
<![CDATA[
[[ATTACHMENT|../../test-results/e2e-compat/15-long-tail-pages-A2-长尾页面深度回归-LONG-002-文件管理页支持查看文件信息、删除与清空-mobile-375x667/attachments/network-log-bba96aa27140eb6ee9ee702c9ae18910713c49a0.json]]
]]>
</system-out>
</testcase>
<testcase name="A2-长尾页面深度回归 › LONG-003 好友页支持搜索加好友、查看资料与删除好友" classname="15-long-tail-pages.spec.js" time="4.937">
<system-out>
<![CDATA[
[[ATTACHMENT|../../test-results/e2e-compat/15-long-tail-pages-A2-长尾页面深度回归-LONG-003-好友页支持搜索加好友、查看资料与删除好友-mobile-375x667/attachments/network-log-6ce9414b643d1d767d9a8f8fffaad0adbc9c7fc2.json]]
]]>
</system-out>
</testcase>
<testcase name="A2-长尾页面深度回归 › LONG-004 知识图谱支持掌握度查看、节点详情与练习跳转" classname="15-long-tail-pages.spec.js" time="3.184">
<system-out>
<![CDATA[
[[ATTACHMENT|../../test-results/e2e-compat/15-long-tail-pages-A2-长尾页面-631ed-G-004-知识图谱支持掌握度查看、节点详情与练习跳转-mobile-375x667/attachments/network-log-3a815dfba8584b8a78801ad261e1a4b74f8f5c6a.json]]
]]>
</system-out>
</testcase>
<testcase name="A2-长尾页面深度回归 › LONG-005 学习计划支持详情查看、智能调整与删除" classname="15-long-tail-pages.spec.js" time="4.966">
<system-out>
<![CDATA[
[[ATTACHMENT|../../test-results/e2e-compat/15-long-tail-pages-A2-长尾页面深度回归-LONG-005-学习计划支持详情查看、智能调整与删除-mobile-375x667/attachments/network-log-5ea7ef42b2d84b144fc4f0044aded2de9d8edffd.json]]
]]>
</system-out>
</testcase>
</testsuite>
<testsuite name="00-smoke.spec.js" timestamp="2026-03-09T03:26:51.595Z" hostname="desktop-1440x900" tests="3" failures="0" skipped="0" time="18.256" errors="0">
<testcase name="A2-冒烟测试 › SMOKE-001 应用启动并显示首页结构" classname="00-smoke.spec.js" time="3.136">
<system-out>
<![CDATA[
[[ATTACHMENT|../../test-results/e2e-compat/00-smoke-A2-冒烟测试-SMOKE-001-应用启动并显示首页结构-desktop-1440x900/attachments/smoke-home-40f4a953625eabe9b034183e7c34b56b96b871fe.png]]

[[ATTACHMENT|../../test-results/e2e-compat/00-smoke-A2-冒烟测试-SMOKE-001-应用启动并显示首页结构-desktop-1440x900/attachments/network-log-d9226211e856902ba09e5240caea64d49cbc661b.json]]
]]>
</system-out>
</testcase>
<testcase name="A2-冒烟测试 › SMOKE-002 刷题页关键入口可见" classname="00-smoke.spec.js" time="12.451">
<system-out>
<![CDATA[
[[ATTACHMENT|../../test-results/e2e-compat/00-smoke-A2-冒烟测试-SMOKE-002-刷题页关键入口可见-desktop-1440x900/attachments/smoke-practice-1e9657cea68566435d4ad8d06f8c03480bdd8709.png]]

[[ATTACHMENT|../../test-results/e2e-compat/00-smoke-A2-冒烟测试-SMOKE-002-刷题页关键入口可见-desktop-1440x900/attachments/network-log-9fca67cffdce9a68e820c7113ab53e0fdfbb9681.json]]
]]>
</system-out>
</testcase>
<testcase name="A2-冒烟测试 › SMOKE-003 择校页表单可操作" classname="00-smoke.spec.js" time="2.669">
<system-out>
<![CDATA[
[[ATTACHMENT|../../test-results/e2e-compat/00-smoke-A2-冒烟测试-SMOKE-003-择校页表单可操作-desktop-1440x900/attachments/smoke-school-44a0e21477b1cd042874bb4aee882edbe63eb086.png]]

[[ATTACHMENT|../../test-results/e2e-compat/00-smoke-A2-冒烟测试-SMOKE-003-择校页表单可操作-desktop-1440x900/attachments/network-log-ad164b713bbb5652702be16048847fe4c199d06f.json]]
]]>
</system-out>
</testcase>
</testsuite>
[...]

[[ATTACHMENT|../../test-results/e2e-compat/05-high-risk-pages-A2-高风险页-97d14-s-practice-sub-do-quiz-页面渲染-desktop-1440x900/attachments/network-log-e1838e9076ad8e00c9b17e4114d2c8545cf3b91b.json]]
]]>
</system-out>
</testcase>
<testcase name="A2-高风险页面可达性 › HR-005 /pages/practice-sub/pk-battle 页面渲染" classname="05-high-risk-pages.spec.js" time="2.105">
<system-out>
<![CDATA[
[[ATTACHMENT|../../test-results/e2e-compat/05-high-risk-pages-A2-高风险页-cca1d-practice-sub-pk-battle-页面渲染-desktop-1440x900/attachments/risk--pages-practice-sub-pk-battle-c60a9e392b4185904c69e0a852bde41c4a5bf617.png]]

[[ATTACHMENT|../../test-results/e2e-compat/05-high-risk-pages-A2-高风险页-cca1d-practice-sub-pk-battle-页面渲染-desktop-1440x900/attachments/network-log-5d36849b57d36989cb819ea5bf9ab198b76ec980.json]]
]]>
</system-out>
</testcase>
<testcase name="A2-高风险页面可达性 › HR-006 /pages/practice-sub/mock-exam 页面渲染" classname="05-high-risk-pages.spec.js" time="1.951">
<system-out>
<![CDATA[
[[ATTACHMENT|../../test-results/e2e-compat/05-high-risk-pages-A2-高风险页-fd119-practice-sub-mock-exam-页面渲染-desktop-1440x900/attachments/risk--pages-practice-sub-mock-exam-a3c8af56eacc1aae52e7abe199c2f696d3a2a644.png]]

[[ATTACHMENT|../../test-results/e2e-compat/05-high-risk-pages-A2-高风险页-fd119-practice-sub-mock-exam-页面渲染-desktop-1440x900/attachments/network-log-278ef2a44e146e369dbf2a03a4a4397987cd5165.json]]
]]>
</system-out>
</testcase>
<testcase name="A2-高风险页面可达性 › HR-007 /pages/tools/doc-convert 页面渲染" classname="05-high-risk-pages.spec.js" time="2.094">
<system-out>
<![CDATA[
[[ATTACHMENT|../../test-results/e2e-compat/05-high-risk-pages-A2-高风险页-8ef29-ages-tools-doc-convert-页面渲染-desktop-1440x900/attachments/risk--pages-tools-doc-convert-947ecec2f73d5320fa6769855447876d310cd8e2.png]]

[[ATTACHMENT|../../test-results/e2e-compat/05-high-risk-pages-A2-高风险页-8ef29-ages-tools-doc-convert-页面渲染-desktop-1440x900/attachments/network-log-9bfd7890236ea6ca07ccd61ef967f9ffade1ed02.json]]
]]>
</system-out>
</testcase>
<testcase name="A2-高风险页面可达性 › HR-008 /pages/tools/photo-search 页面渲染" classname="05-high-risk-pages.spec.js" time="1.92">
<system-out>
<![CDATA[
[[ATTACHMENT|../../test-results/e2e-compat/05-high-risk-pages-A2-高风险页-c97f5-ges-tools-photo-search-页面渲染-desktop-1440x900/attachments/risk--pages-tools-photo-search-4a2e8231c91c17f8f67d939c4cdafe5e13c3f00b.png]]

[[ATTACHMENT|../../test-results/e2e-compat/05-high-risk-pages-A2-高风险页-c97f5-ges-tools-photo-search-页面渲染-desktop-1440x900/attachments/network-log-2dd3a8323a72cbfc2ff75ed92e81c081787d69ec.json]]
]]>
</system-out>
</testcase>
<testcase name="A2-高风险页面可达性 › HR-009 /pages/tools/id-photo 页面渲染" classname="05-high-risk-pages.spec.js" time="2.045">
<system-out>
<![CDATA[
[[ATTACHMENT|../../test-results/e2e-compat/05-high-risk-pages-A2-高风险页-8a85f-9-pages-tools-id-photo-页面渲染-desktop-1440x900/attachments/risk--pages-tools-id-photo-286d9f050065b3eddb87a45e062fd75908744695.png]]

[[ATTACHMENT|../../test-results/e2e-compat/05-high-risk-pages-A2-高风险页-8a85f-9-pages-tools-id-photo-页面渲染-desktop-1440x900/attachments/network-log-55597897062b72bf5f78de33d8276bf7386d5992.json]]
]]>
</system-out>
</testcase>
<testcase name="A2-高风险页面可达性 › HR-010 /pages/settings/index 页面渲染" classname="05-high-risk-pages.spec.js" time="2.246">
<system-out>
<![CDATA[
[[ATTACHMENT|../../test-results/e2e-compat/05-high-risk-pages-A2-高风险页-c98ef-0-pages-settings-index-页面渲染-desktop-1440x900/attachments/risk--pages-settings-index-83f2557328664f49d2b1dd53371473b60fd6561e.png]]

[[ATTACHMENT|../../test-results/e2e-compat/05-high-risk-pages-A2-高风险页-c98ef-0-pages-settings-index-页面渲染-desktop-1440x900/attachments/network-log-853bbc7fc67b8f5d3469ca1676dd90a97b145a27.json]]
]]>
</system-out>
</testcase>
<testcase name="A2-高风险页面可达性 › HR-011 /pages/chat/chat 页面渲染" classname="05-high-risk-pages.spec.js" time="1.928">
<system-out>
<![CDATA[
[[ATTACHMENT|../../test-results/e2e-compat/05-high-risk-pages-A2-高风险页面可达性-HR-011-pages-chat-chat-页面渲染-desktop-1440x900/attachments/risk--pages-chat-chat-91c22c7a5b28ad711b2e49927b064ddeafdafef0.png]]

[[ATTACHMENT|../../test-results/e2e-compat/05-high-risk-pages-A2-高风险页面可达性-HR-011-pages-chat-chat-页面渲染-desktop-1440x900/attachments/network-log-4ba2062c37cc00e125edf9a2ab08fb664a455a08.json]]
]]>
</system-out>
</testcase>
</testsuite>
<testsuite name="06-human-gesture.spec.js" timestamp="2026-03-09T03:26:51.595Z" hostname="desktop-1440x900" tests="1" failures="0" skipped="0" time="4.326" errors="0">
<testcase name="A2-人工手势模拟 › HUMAN-001 首页上滑后页面保持可交互" classname="06-human-gesture.spec.js" time="4.326">
<system-out>
<![CDATA[
[[ATTACHMENT|../../test-results/e2e-compat/06-human-gesture-A2-人工手势模拟-HUMAN-001-首页上滑后页面保持可交互-desktop-1440x900/attachments/human-gesture-home-swipe-up-e457209bce3a7980b13056ac0277ff8d99adb4c8.png]]

[[ATTACHMENT|../../test-results/e2e-compat/06-human-gesture-A2-人工手势模拟-HUMAN-001-首页上滑后页面保持可交互-desktop-1440x900/attachments/network-log-f48e8601afc2def461f063308e33e216e04345b4.json]]
]]>
</system-out>
</testcase>
</testsuite>
<testsuite name="07-full-route-coverage.spec.js" timestamp="2026-03-09T03:26:51.595Z" hostname="desktop-1440x900" tests="2" failures="0" skipped="0" time="66.591" errors="0">
<testcase name="A2-全量页面覆盖与 UI 健康度 › FULL-ROUTE-001 亮色模式全量路由可达 + UI 健康度检查" classname="07-full-route-coverage.spec.js" time="35.692">
<system-out>
<![CDATA[
[[ATTACHMENT|../../test-results/e2e-compat/07-full-route-coverage-A2--11416-UTE-001-亮色模式全量路由可达-UI-健康度检查-desktop-1440x900/attachments/network-log-d014dae0e057b4faffb00b709637ae011202c066.json]]
]]>
</system-out>
</testcase>
<testcase name="A2-全量页面覆盖与 UI 健康度 › FULL-ROUTE-002 深色模式全量路由可达 + UI 健康度检查" classname="07-full-route-coverage.spec.js" time="30.899">
<system-out>
<![CDATA[
[[ATTACHMENT|../../test-results/e2e-compat/07-full-route-coverage-A2--e7c88-UTE-002-深色模式全量路由可达-UI-健康度检查-desktop-1440x900/attachments/network-log-8462b8cad9d67709cdd17033d9a4fd66f0a3b112.json]]
]]>
</system-out>
</testcase>
</testsuite>
<testsuite name="08-clickable-actions.spec.js" timestamp="2026-03-09T03:26:51.595Z" hostname="desktop-1440x900" tests="5" failures="0" skipped="0" time="35.736" errors="0">
<testcase name="A2-可点击入口真实交互 › CLICK-001 首页工具卡真实点击后可跳转到对应页面" classname="08-clickable-actions.spec.js" time="5.155">
<system-out>
<![CDATA[
[[ATTACHMENT|../../test-results/e2e-compat/08-clickable-actions-A2-可点-1bff0-LICK-001-首页工具卡真实点击后可跳转到对应页面-desktop-1440x900/attachments/network-log-297a1afa182426619bb8a058d9b3ee7d2556e428.json]]
]]>
</system-out>
</testcase>
<testcase name="A2-可点击入口真实交互 › CLICK-002 刷题页关键入口真实点击后可跳转或打开弹层" classname="08-clickable-actions.spec.js" time="18.572">
<system-out>
<![CDATA[
[[ATTACHMENT|../../test-results/e2e-compat/08-clickable-actions-A2-可点-2097f-CK-002-刷题页关键入口真实点击后可跳转或打开弹层-desktop-1440x900/attachments/network-log-8b9ad2d4acad5f172a05521b7d40d44227954262.json]]
]]>
</system-out>
</testcase>
<testcase name="A2-可点击入口真实交互 › CLICK-003 个人中心菜单真实点击后可跳转" classname="08-clickable-actions.spec.js" time="6.698">
<system-out>
<![CDATA[
[[ATTACHMENT|../../test-results/e2e-compat/08-clickable-actions-A2-可点击入口真实交互-CLICK-003-个人中心菜单真实点击后可跳转-desktop-1440x900/attachments/network-log-648480cd0ea66dee7d5f25afa0693152dc6f05f0.json]]
]]>
</system-out>
</testcase>
<testcase name="A2-可点击入口真实交互 › CLICK-004 设置页好友入口真实点击后可跳转" classname="08-clickable-actions.spec.js" time="2.523">
<system-out>
<![CDATA[
[[ATTACHMENT|../../test-results/e2e-compat/08-clickable-actions-A2-可点击入口真实交互-CLICK-004-设置页好友入口真实点击后可跳转-desktop-1440x900/attachments/network-log-03e497ecbcc32175bfb137e4635be5a06f4b8218.json]]
]]>
</system-out>
</testcase>
<testcase name="A2-可点击入口真实交互 › CLICK-005 文档转换页点击选择文件会真实弹出文件选择并更新 UI" classname="08-clickable-actions.spec.js" time="2.788">
<system-out>
<![CDATA[
[[ATTACHMENT|../../test-results/e2e-compat/08-clickable-actions-A2-可点-2139a--文档转换页点击选择文件会真实弹出文件选择并更新-UI-desktop-1440x900/attachments/network-log-c069b22c61668323c68ecefd90810915f22dfc6d.json]]
]]>
</system-out>
</testcase>
</testsuite>
<testsuite name="09-detailed-click-coverage.spec.js" timestamp="2026-03-09T03:26:51.595Z" hostname="desktop-1440x900" tests="10" failures="0" skipped="1" time="75.236" errors="0">
<testcase name="A2-更细颗粒度真实点击覆盖 › DETAIL-001 首页欢迎横幅空题库弹窗与确认跳转可点击" classname="09-detailed-click-coverage.spec.js" time="5.118">
<system-out>
<![CDATA[
[[ATTACHMENT|../../test-results/e2e-compat/09-detailed-click-coverage-483e6-AIL-001-首页欢迎横幅空题库弹窗与确认跳转可点击-desktop-1440x900/attachments/network-log-20a78f26b7c006c5217b9ea65ab7a0ae971ee2fa.json]]
]]>
</system-out>
</testcase>
<testcase name="A2-更细颗粒度真实点击覆盖 › DETAIL-002 首页欢迎横幅与统计卡真实点击后可跳转" classname="09-detailed-click-coverage.spec.js" time="9.89">
<system-out>
<![CDATA[
[[ATTACHMENT|../../test-results/e2e-compat/09-detailed-click-coverage-99834-TAIL-002-首页欢迎横幅与统计卡真实点击后可跳转-desktop-1440x900/attachments/network-log-3cfa2fccedb64038be665b051c91e0969eb633db.json]]
]]>
</system-out>
</testcase>
<testcase name="A2-更细颗粒度真实点击覆盖 › DETAIL-003 首页学习卡、推荐卡、金句卡与计划编辑真实点击可响应" classname="09-detailed-click-coverage.spec.js" time="11.001">
<system-out>
<![CDATA[
[[ATTACHMENT|../../test-results/e2e-compat/09-detailed-click-coverage-17781-3-首页学习卡、推荐卡、金句卡与计划编辑真实点击可响应-desktop-1440x900/attachments/network-log-4bb1a31e82bb91e643d25f2213c34f193d5226fe.json]]
]]>
</system-out>
</testcase>
<testcase name="A2-更细颗粒度真实点击覆盖 › DETAIL-004 TabBar 四页真实点击切换可达" classname="09-detailed-click-coverage.spec.js" time="4.931">
<system-out>
<![CDATA[
[[ATTACHMENT|../../test-results/e2e-compat/09-detailed-click-coverage-5f64e-ETAIL-004-TabBar-四页真实点击切换可达-desktop-1440x900/attachments/network-log-f985fb4e882f1115ad4bd9deaeacc8e1fcd14bbc.json]]
]]>
</system-out>
</testcase>
<testcase name="A2-更细颗粒度真实点击覆盖 › DETAIL-005 刷题页剩余菜单与 PK 对战真实点击后可跳转" classname="09-detailed-click-coverage.spec.js" time="9.964">
<system-out>
<![CDATA[
[[ATTACHMENT|../../test-results/e2e-compat/09-detailed-click-coverage-340a7--005-刷题页剩余菜单与-PK-对战真实点击后可跳转-desktop-1440x900/attachments/network-log-2778a52dd5607f9b8e58c1b8b4734416786c6006.json]]
]]>
</system-out>
</testcase>
<testcase name="A2-更细颗粒度真实点击覆盖 › DETAIL-006 练习模式弹层真实点击后可打开并关闭" classname="09-detailed-click-coverage.spec.js" time="26.319">
<system-out>
<![CDATA[
[[ATTACHMENT|../../test-results/e2e-compat/09-detailed-click-coverage-5f110-ETAIL-006-练习模式弹层真实点击后可打开并关闭-desktop-1440x900/attachments/network-log-f9e34c9d9fd945a427a441b1ae31d5efa16b780e.json]]
]]>
</system-out>
</testcase>
<testcase name="A2-更细颗粒度真实点击覆盖 › DETAIL-007 文档转换完整点击流可执行" classname="09-detailed-click-coverage.spec.js" time="2.49">
<system-out>
<![CDATA[
[[ATTACHMENT|../../test-results/e2e-compat/09-detailed-click-coverage-b94d8-击覆盖-DETAIL-007-文档转换完整点击流可执行-desktop-1440x900/attachments/network-log-eb1eaeb5947c1e8e061f79f3bbd78920b9063cb6.json]]
]]>
</system-out>
</testcase>
<testcase name="A2-更细颗粒度真实点击覆盖 › DETAIL-008 证件照制作完整点击流可执行" classname="09-detailed-click-coverage.spec.js" time="0.41">
<properties>
<property name="skip" value="证件照文件选择主流程已在移动视口覆盖，桌面兼容仅保留页面可达检查">
</property>
</properties>
<skipped>
</skipped>
</testcase>
<testcase name="A2-更细颗粒度真实点击覆盖 › DETAIL-009 拍照搜题完整点击流可执行" classname="09-detailed-click-coverage.spec.js" time="2.416">
<system-out>
<![CDATA[
[[ATTACHMENT|../../test-results/e2e-compat/09-detailed-click-coverage-0bd9c-击覆盖-DETAIL-009-拍照搜题完整点击流可执行-desktop-1440x900/attachments/network-log-1ae37cd42779a2dfa8ab332899964475e1bb369b.json]]
]]>
</system-out>
</testcase>
<testcase name="A2-更细颗粒度真实点击覆盖 › DETAIL-010 个人中心主题按钮与反馈入口真实点击可响应" classname="09-detailed-click-coverage.spec.js" time="2.697">
<system-out>
<![CDATA[
[[ATTACHMENT|../../test-results/e2e-compat/09-detailed-click-coverage-1db5d-IL-010-个人中心主题按钮与反馈入口真实点击可响应-desktop-1440x900/attachments/network-log-75f32b3e5399a93a18e9560e13fbbed9e1ad9ec0.json]]
]]>
</system-out>
</testcase>
</testsuite>
<testsuite name="10-backend-driven-flows.spec.js" timestamp="2026-03-09T03:26:51.595Z" hostname="desktop-1440x900" tests="2" failures="0" skipped="0" time="5.77" errors="0">
<testcase name="A2-后端返回重点流转 › BACK-001 择校表单提交后真实渲染后端推荐结果，并可进入详情页" classname="10-backend-driven-flows.spec.js" time="3.361">
<system-out>
<![CDATA[
[[ATTACHMENT|../../test-results/e2e-compat/10-backend-driven-flows-A2-29a5f-1-择校表单提交后真实渲染后端推荐结果，并可进入详情页-desktop-1440x900/attachments/network-log-ad2095971094e06401370a736b7de3f94b5ae646.json]]
]]>
</system-out>
</testcase>
<testcase name="A2-后端返回重点流转 › BACK-002 智能好友聊天真实发送后可渲染后端回复" classname="10-backend-driven-flows.spec.js" time="2.409">
<system-out>
<![CDATA[
[[ATTACHMENT|../../test-results/e2e-compat/10-backend-driven-flows-A2-b0d5e-BACK-002-智能好友聊天真实发送后可渲染后端回复-desktop-1440x900/attachments/network-log-59052dcef62e5dbe4d7cfc07d0c469e04382a6d0.json]]
]]>
</system-out>
</testcase>
</testsuite>
<testsuite name="11-login-and-import-precision.spec.js" timestamp="2026-03-09T03:26:51.595Z" hostname="desktop-1440x900" tests="4" failures="0" skipped="0" time="13.878" errors="0">
<testcase name="A2-登录与资料导入精细回归 › PREC-001 邮箱登录与注册密码输入默认隐藏" classname="11-login-and-import-precision.spec.js" time="2.368">
<system-out>
<![CDATA[
[[ATTACHMENT|../../test-results/e2e-compat/11-login-and-import-precis-607d3-回归-PREC-001-邮箱登录与注册密码输入默认隐藏-desktop-1440x900/attachments/network-log-31e55e3694f7ad4921b911176bb9e7e1c7f0ab73.json]]
]]>
</system-out>
</testcase>
<testcase name="A2-登录与资料导入精细回归 › PREC-002 邮箱注册发送验证码后显示倒计时并可成功注册" classname="11-login-and-import-precision.spec.js" time="5.298">
<system-out>
<![CDATA[
[[ATTACHMENT|../../test-results/e2e-compat/11-login-and-import-precis-d8b65-C-002-邮箱注册发送验证码后显示倒计时并可成功注册-desktop-1440x900/attachments/network-log-8c47cffec50da316a6598b9b0885cae73f2fbeee.json]]
]]>
</system-out>
</testcase>
<testcase name="A2-登录与资料导入精细回归 › PREC-003 验证码发送后按钮进入倒计时而不是假死" classname="11-login-and-import-precision.spec.js" time="2.417">
<system-out>
<![CDATA[
[[ATTACHMENT|../../test-results/e2e-compat/11-login-and-import-precis-c9d73-PREC-003-验证码发送后按钮进入倒计时而不是假死-desktop-1440x900/attachments/network-log-9faba5dd473ed3afeef0a2eafe60ffa19aac97ec.json]]
]]>
</system-out>
</testcase>
<testcase name="A2-登录与资料导入精细回归 › PREC-004 欢迎横幅进入资料导入页后主卡片与操作栏不重叠" classname="11-login-and-import-precision.spec.js" time="3.795">
<system-out>
<![CDATA[
[[ATTACHMENT|../../test-results/e2e-compat/11-login-and-import-precis-cc8f3--004-欢迎横幅进入资料导入页后主卡片与操作栏不重叠-desktop-1440x900/attachments/network-log-bed7bf4249bd8a76b80df44d637a0713fb453fa7.json]]
]]>
</system-out>
</testcase>
</testsuite>
<testsuite name="12-full-page-scroll-audit.spec.js" timestamp="2026-03-09T03:26:51.595Z" hostname="desktop-1440x900" tests="1" failures="0" skipped="1" time="0.803" errors="0">
<testcase name="A2-全页面滚动截图巡检 › SCROLL-001 全声明页面支持人工式滑动巡检并截图留档" classname="12-full-page-scroll-audit.spec.js" time="0.803">
<properties>
<property name="skip" value="滚动截图巡检仅在主移动视口执行，避免重复开销">
</property>
</properties>
<skipped>
</skipped>
</testcase>
</testsuite>
<testsuite name="13-profile-settings-actions.spec.js" timestamp="2026-03-09T03:26:51.595Z" hostname="desktop-1440x900" tests="4" failures="0" skipped="0" time="16.872" errors="0">
<testcase name="A2-个人中心与设置页精细交互 › PROFILE-SET-001 登录页协议链接、个人中心反馈与设置菜单都可触达" classname="13-profile-settings-actions.spec.js" time="5.183">
<system-out>
<![CDATA[
[[ATTACHMENT|../../test-results/e2e-compat/13-profile-settings-action-e8142-001-登录页协议链接、个人中心反馈与设置菜单都可触达-desktop-1440x900/attachments/network-log-c1ce36f8106e2facda288f90faaad0d506acc9b1.json]]
]]>
</system-out>
</testcase>
<testcase name="A2-个人中心与设置页精细交互 › PROFILE-SET-002 个人中心主题切换、退出确认与打卡按钮可响应" classname="13-profile-settings-actions.spec.js" time="3.049">
<system-out>
<![CDATA[
[[ATTACHMENT|../../test-results/e2e-compat/13-profile-settings-action-34345-T-002-个人中心主题切换、退出确认与打卡按钮可响应-desktop-1440x900/attachments/network-log-b1ab2608fd894849d87f5a8f8b489e2e0706700b.json]]
]]>
</system-out>
</testcase>
<testcase name="A2-个人中心与设置页精细交互 › PROFILE-SET-003 设置页开关、清缓存、目标院校弹窗与注销确认可响应" classname="13-profile-settings-actions.spec.js" time="4.251">
<system-out>
<![CDATA[
[[ATTACHMENT|../../test-results/e2e-compat/13-profile-settings-action-d069e-03-设置页开关、清缓存、目标院校弹窗与注销确认可响应-desktop-1440x900/attachments/network-log-7fa4e6614afd7408453d0246b272dd8e953c1591.json]]
]]>
</system-out>
</testcase>
<testcase name="A2-个人中心与设置页精细交互 › PROFILE-SET-004 设置页目标院校删除与注销撤销状态可自动验证" classname="13-profile-settings-actions.spec.js" time="4.389">
<system-out>
<![CDATA[
[[ATTACHMENT|../../test-results/e2e-compat/13-profile-settings-action-1653f-T-004-设置页目标院校删除与注销撤销状态可自动验证-desktop-1440x900/attachments/network-log-f5c1b10ddc323e05b01b99b2bb7717c32bf6568c.json]]
]]>
</system-out>
</testcase>
</testsuite>
<testsuite name="14-share-and-native-fallbacks.spec.js" timestamp="2026-03-09T03:26:51.595Z" hostname="desktop-1440x900" tests="3" failures="0" skipped="0" time="8.356" errors="0">
<testcase name="A2-分享与原生降级链路 › SHARE-001 首页每日金句分享面板可打开并关闭" classname="14-share-and-native-fallbacks.spec.js" time="2.812">
<system-out>
<![CDATA[
[[ATTACHMENT|../../test-results/e2e-compat/14-share-and-native-fallba-a3676--SHARE-001-首页每日金句分享面板可打开并关闭-desktop-1440x900/attachments/network-log-ce53b86a4ee6ca816060e1b9b1eb094811a6a05e.json]]
]]>
</system-out>
</testcase>
<testcase name="A2-分享与原生降级链路 › SHARE-002 院校详情页分享按钮在 H5 下优先分享，失败时回退复制" classname="14-share-and-native-fallbacks.spec.js" time="2.193">
<system-out>
<![CDATA[
[[ATTACHMENT|../../test-results/e2e-compat/14-share-and-native-fallba-4204c-院校详情页分享按钮在-H5-下优先分享，失败时回退复制-desktop-1440x900/attachments/network-log-0d2d0f10fb8dd4be537dd16de4f9dedf5ce4c84d.json]]
]]>
</system-out>
</testcase>
<testcase name="A2-分享与原生降级链路 › SHARE-003 登录页隐私政策与用户协议链接持续可访问" classname="14-share-and-native-fallbacks.spec.js" time="3.351">
<system-out>
<![CDATA[
[[ATTACHMENT|../../test-results/e2e-compat/14-share-and-native-fallba-9ed2d-ARE-003-登录页隐私政策与用户协议链接持续可访问-desktop-1440x900/attachments/network-log-817006927413f0f88d1eae34fb5074d130f63842.json]]
]]>
</system-out>
</testcase>
</testsuite>
<testsuite name="15-long-tail-pages.spec.js" timestamp="2026-03-09T03:26:51.595Z" hostname="desktop-1440x900" tests="5" failures="0" skipped="0" time="17.264" errors="0">
<testcase name="A2-长尾页面深度回归 › LONG-001 收藏页支持答案展开、笔记保存与跳转练习" classname="15-long-tail-pages.spec.js" time="3.617">
<system-out>
<![CDATA[
[[ATTACHMENT|../../test-results/e2e-compat/15-long-tail-pages-A2-长尾页面深度回归-LONG-001-收藏页支持答案展开、笔记保存与跳转练习-desktop-1440x900/attachments/network-log-4a08e4dd7da15f236993a71ff81404abf65dc8c0.json]]
]]>
</system-out>
</testcase>
<testcase name="A2-长尾页面深度回归 › LONG-002 文件管理页支持查看文件信息、删除与清空" classname="15-long-tail-pages.spec.js" time="2.841">
<system-out>
<![CDATA[
[[ATTACHMENT|../../test-results/e2e-compat/15-long-tail-pages-A2-长尾页面深度回归-LONG-002-文件管理页支持查看文件信息、删除与清空-desktop-1440x900/attachments/network-log-b3262c1369e5992da42994f20556acb2a849d556.json]]
]]>
</system-out>
</testcase>
<testcase name="A2-长尾页面深度回归 › LONG-003 好友页支持搜索加好友、查看资料与删除好友" classname="15-long-tail-pages.spec.js" time="4.835">
<system-out>
<![CDATA[
[[ATTACHMENT|../../test-results/e2e-compat/15-long-tail-pages-A2-长尾页面深度回归-LONG-003-好友页支持搜索加好友、查看资料与删除好友-desktop-1440x900/attachments/network-log-2720e3edf8aac328e38e33ca00f8a466a8119400.json]]
]]>
</system-out>
</testcase>
<testcase name="A2-长尾页面深度回归 › LONG-004 知识图谱支持掌握度查看、节点详情与练习跳转" classname="15-long-tail-pages.spec.js" time="2.998">
<system-out>
<![CDATA[
[[ATTACHMENT|../../test-results/e2e-compat/15-long-tail-pages-A2-长尾页面-631ed-G-004-知识图谱支持掌握度查看、节点详情与练习跳转-desktop-1440x900/attachments/network-log-49dbce50ab16df9570d0def63fc74673c72dfe9f.json]]
]]>
</system-out>
</testcase>
<testcase name="A2-长尾页面深度回归 › LONG-005 学习计划支持详情查看、智能调整与删除" classname="15-long-tail-pages.spec.js" time="2.973">
<system-out>
<![CDATA[
[[ATTACHMENT|../../test-results/e2e-compat/15-long-tail-pages-A2-长尾页面深度回归-LONG-005-学习计划支持详情查看、智能调整与删除-desktop-1440x900/attachments/network-log-522282cf4b379b1d4ed0404521e1b39688e23e9c.json]]
]]>
</system-out>
</testcase>
</testsuite>
</testsuites>